	.text
	.syntax unified
	.eabi_attribute	67, "2.09"	@ Tag_conformance
	.cpu	cortex-m0plus
	.eabi_attribute	6, 12	@ Tag_CPU_arch
	.eabi_attribute	7, 77	@ Tag_CPU_arch_profile
	.eabi_attribute	8, 0	@ Tag_ARM_ISA_use
	.eabi_attribute	9, 1	@ Tag_THUMB_ISA_use
	.eabi_attribute	34, 0	@ Tag_CPU_unaligned_access
	.eabi_attribute	17, 1	@ Tag_ABI_PCS_GOT_use
	.eabi_attribute	20, 2	@ Tag_ABI_FP_denormal
	.eabi_attribute	21, 0	@ Tag_ABI_FP_exceptions
	.eabi_attribute	23, 1	@ Tag_ABI_FP_number_model
	.eabi_attribute	24, 1	@ Tag_ABI_align_needed
	.eabi_attribute	25, 1	@ Tag_ABI_align_preserved
	.eabi_attribute	38, 1	@ Tag_ABI_FP_16bit_format
	.eabi_attribute	18, 2	@ Tag_ABI_PCS_wchar_t
	.eabi_attribute	26, 1	@ Tag_ABI_enum_size
	.eabi_attribute	14, 0	@ Tag_ABI_PCS_R9_use
	.file	"i2c-lcd.c"
	.file	1 "C:\\Users\\ignas\\Downloads\\V2\\V2\\MDK-ARM" "../Drivers/OLED/i2c-lcd.c"
	.file	2 "C:\\Users\\ignas\\Downloads\\V2\\V2\\MDK-ARM" "../Drivers/STM32L0xx_HAL_Driver/Inc/stm32l0xx_hal_def.h"
	.file	3 "C:\\Users\\ignas\\Downloads\\V2\\V2\\MDK-ARM" "../Drivers/STM32L0xx_HAL_Driver/Inc\\stm32l0xx_hal_dma.h"
	.file	4 "C:\\Users\\ignas\\Downloads\\V2\\V2\\MDK-ARM" "../Drivers/STM32L0xx_HAL_Driver/Inc\\stm32l0xx_hal_i2c.h"
	.file	5 "C:\\Keil_v5\\ARM\\ARMCLANG\\Bin\\..\\include" "stdint.h"
	.section	.text.lcd_send_cmd,"ax",%progbits
	.hidden	lcd_send_cmd                    @ -- Begin function lcd_send_cmd
	.globl	lcd_send_cmd
	.p2align	2
	.type	lcd_send_cmd,%function
	.code	16                              @ @lcd_send_cmd
	.thumb_func
lcd_send_cmd:
.Lfunc_begin0:
	.loc	1 11 0                          @ ../Drivers/OLED/i2c-lcd.c:11:0
	.fnstart
	.cfi_sections .debug_frame
	.cfi_startproc
@ %bb.0:
	@DEBUG_VALUE: lcd_send_cmd:cmd <- $r0
	.save	{r7, lr}
	push	{r7, lr}
	.cfi_def_cfa_offset 8
	.cfi_offset lr, -4
	.cfi_offset r7, -8
	.pad	#8
	sub	sp, #8
	.cfi_def_cfa_offset 16
.Ltmp0:
	.loc	1 15 16 prologue_end            @ ../Drivers/OLED/i2c-lcd.c:15:16
	lsls	r1, r0, #4
.Ltmp1:
	@DEBUG_VALUE: lcd_send_cmd:data_l <- $r1
	.loc	1 19 20                         @ ../Drivers/OLED/i2c-lcd.c:19:20
	mov	r3, r1
	adds	r3, #8
	add	r2, sp, #4
	.loc	1 19 12 is_stmt 0               @ ../Drivers/OLED/i2c-lcd.c:19:12
	strb	r3, [r2, #3]
	.loc	1 18 20 is_stmt 1               @ ../Drivers/OLED/i2c-lcd.c:18:20
	adds	r1, #12
.Ltmp2:
	.loc	1 18 12 is_stmt 0               @ ../Drivers/OLED/i2c-lcd.c:18:12
	strb	r1, [r2, #2]
	movs	r1, #240
	.loc	1 14 15 is_stmt 1               @ ../Drivers/OLED/i2c-lcd.c:14:15
	ands	r1, r0
.Ltmp3:
	@DEBUG_VALUE: lcd_send_cmd:data_u <- $r1
	.loc	1 17 20                         @ ../Drivers/OLED/i2c-lcd.c:17:20
	mov	r0, r1
.Ltmp4:
	@DEBUG_VALUE: lcd_send_cmd:cmd <- [DW_OP_LLVM_entry_value 1] $r0
	adds	r0, #8
	.loc	1 17 12 is_stmt 0               @ ../Drivers/OLED/i2c-lcd.c:17:12
	strb	r0, [r2, #1]
	.loc	1 16 20 is_stmt 1               @ ../Drivers/OLED/i2c-lcd.c:16:20
	adds	r1, #12
.Ltmp5:
	.loc	1 16 12 is_stmt 0               @ ../Drivers/OLED/i2c-lcd.c:16:12
	strb	r1, [r2]
	movs	r0, #100
	.loc	1 20 2 is_stmt 1                @ ../Drivers/OLED/i2c-lcd.c:20:2
	str	r0, [sp]
	ldr	r0, __arm_cp.0_0
	movs	r1, #78
	movs	r3, #4
	bl	HAL_I2C_Master_Transmit
.Ltmp6:
	.loc	1 21 1                          @ ../Drivers/OLED/i2c-lcd.c:21:1
	add	sp, #8
	pop	{r7, pc}
.Ltmp7:
	.p2align	2
@ %bb.1:
	.loc	1 0 1 is_stmt 0                 @ ../Drivers/OLED/i2c-lcd.c:0:1
__arm_cp.0_0:
	.long	hi2c3
.Lcpi_end0:
	.size	__arm_cp.0_0, .Lcpi_end0-__arm_cp.0_0
.Lfunc_end0:
	.size	lcd_send_cmd, .Lfunc_end0-lcd_send_cmd
	.cfi_endproc
	.cantunwind
	.fnend
                                        @ -- End function
	.section	.text.lcd_send_data,"ax",%progbits
	.hidden	lcd_send_data                   @ -- Begin function lcd_send_data
	.globl	lcd_send_data
	.p2align	2
	.type	lcd_send_data,%function
	.code	16                              @ @lcd_send_data
	.thumb_func
lcd_send_data:
.Lfunc_begin1:
	.loc	1 24 0 is_stmt 1                @ ../Drivers/OLED/i2c-lcd.c:24:0
	.fnstart
	.cfi_startproc
@ %bb.0:
	@DEBUG_VALUE: lcd_send_data:data <- $r0
	.save	{r7, lr}
	push	{r7, lr}
	.cfi_def_cfa_offset 8
	.cfi_offset lr, -4
	.cfi_offset r7, -8
	.pad	#8
	sub	sp, #8
	.cfi_def_cfa_offset 16
.Ltmp8:
	.loc	1 28 17 prologue_end            @ ../Drivers/OLED/i2c-lcd.c:28:17
	lsls	r1, r0, #4
.Ltmp9:
	@DEBUG_VALUE: lcd_send_data:data_l <- $r1
	.loc	1 32 20                         @ ../Drivers/OLED/i2c-lcd.c:32:20
	mov	r3, r1
	adds	r3, #9
	add	r2, sp, #4
	.loc	1 32 12 is_stmt 0               @ ../Drivers/OLED/i2c-lcd.c:32:12
	strb	r3, [r2, #3]
	.loc	1 31 20 is_stmt 1               @ ../Drivers/OLED/i2c-lcd.c:31:20
	adds	r1, #13
.Ltmp10:
	.loc	1 31 12 is_stmt 0               @ ../Drivers/OLED/i2c-lcd.c:31:12
	strb	r1, [r2, #2]
	movs	r1, #240
	.loc	1 27 16 is_stmt 1               @ ../Drivers/OLED/i2c-lcd.c:27:16
	ands	r1, r0
.Ltmp11:
	@DEBUG_VALUE: lcd_send_data:data_u <- $r1
	.loc	1 30 20                         @ ../Drivers/OLED/i2c-lcd.c:30:20
	mov	r0, r1
.Ltmp12:
	@DEBUG_VALUE: lcd_send_data:data <- [DW_OP_LLVM_entry_value 1] $r0
	adds	r0, #9
	.loc	1 30 12 is_stmt 0               @ ../Drivers/OLED/i2c-lcd.c:30:12
	strb	r0, [r2, #1]
	.loc	1 29 20 is_stmt 1               @ ../Drivers/OLED/i2c-lcd.c:29:20
	adds	r1, #13
.Ltmp13:
	.loc	1 29 12 is_stmt 0               @ ../Drivers/OLED/i2c-lcd.c:29:12
	strb	r1, [r2]
	movs	r0, #100
	.loc	1 33 2 is_stmt 1                @ ../Drivers/OLED/i2c-lcd.c:33:2
	str	r0, [sp]
	ldr	r0, __arm_cp.1_0
	movs	r1, #78
	movs	r3, #4
	bl	HAL_I2C_Master_Transmit
.Ltmp14:
	.loc	1 34 1                          @ ../Drivers/OLED/i2c-lcd.c:34:1
	add	sp, #8
	pop	{r7, pc}
.Ltmp15:
	.p2align	2
@ %bb.1:
	.loc	1 0 1 is_stmt 0                 @ ../Drivers/OLED/i2c-lcd.c:0:1
__arm_cp.1_0:
	.long	hi2c3
.Lcpi_end1:
	.size	__arm_cp.1_0, .Lcpi_end1-__arm_cp.1_0
.Lfunc_end1:
	.size	lcd_send_data, .Lfunc_end1-lcd_send_data
	.cfi_endproc
	.cantunwind
	.fnend
                                        @ -- End function
	.section	.text.lcd_init,"ax",%progbits
	.hidden	lcd_init                        @ -- Begin function lcd_init
	.globl	lcd_init
	.p2align	2
	.type	lcd_init,%function
	.code	16                              @ @lcd_init
	.thumb_func
lcd_init:
.Lfunc_begin2:
	.loc	1 37 0 is_stmt 1                @ ../Drivers/OLED/i2c-lcd.c:37:0
	.fnstart
	.cfi_startproc
@ %bb.0:
	.save	{r4, r5, r6, r7, lr}
	push	{r4, r5, r6, r7, lr}
	.cfi_def_cfa_offset 20
	.cfi_offset lr, -4
	.cfi_offset r7, -8
	.cfi_offset r6, -12
	.cfi_offset r5, -16
	.cfi_offset r4, -20
	.pad	#36
	sub	sp, #36
	.cfi_def_cfa_offset 56
	add	r2, sp, #32
	movs	r4, #40
.Ltmp16:
	@DEBUG_VALUE: lcd_send_cmd:cmd <- 2
	.loc	1 19 12 prologue_end            @ ../Drivers/OLED/i2c-lcd.c:19:12
	strb	r4, [r2, #3]
	movs	r7, #44
	.loc	1 18 12                         @ ../Drivers/OLED/i2c-lcd.c:18:12
	strb	r7, [r2, #2]
	movs	r0, #8
	.loc	1 17 12                         @ ../Drivers/OLED/i2c-lcd.c:17:12
	str	r0, [sp, #28]                   @ 4-byte Spill
	strb	r0, [r2, #1]
	movs	r0, #12
.Ltmp17:
	@DEBUG_VALUE: lcd_send_cmd:data_l <- 32
	@DEBUG_VALUE: lcd_send_cmd:data_u <- 0
	.loc	1 16 12                         @ ../Drivers/OLED/i2c-lcd.c:16:12
	str	r0, [sp, #24]                   @ 4-byte Spill
	strb	r0, [r2]
	movs	r0, #100
	.loc	1 20 2                          @ ../Drivers/OLED/i2c-lcd.c:20:2
	str	r0, [sp]
	mov	r5, r0
	ldr	r0, __arm_cp.2_0
	movs	r6, #78
	movs	r3, #4
	str	r3, [sp, #8]                    @ 4-byte Spill
	mov	r1, r6
	str	r6, [sp, #12]                   @ 4-byte Spill
	bl	HAL_I2C_Master_Transmit
.Ltmp18:
	.loc	1 0 2 is_stmt 0                 @ ../Drivers/OLED/i2c-lcd.c:0:2
	add	r2, sp, #32
	movs	r0, #136
.Ltmp19:
	.loc	1 19 12 is_stmt 1               @ ../Drivers/OLED/i2c-lcd.c:19:12
	str	r0, [sp, #20]                   @ 4-byte Spill
.Ltmp20:
	@DEBUG_VALUE: lcd_send_cmd:cmd <- 40
	strb	r0, [r2, #3]
	movs	r0, #140
	.loc	1 18 12                         @ ../Drivers/OLED/i2c-lcd.c:18:12
	str	r0, [sp, #16]                   @ 4-byte Spill
	strb	r0, [r2, #2]
	.loc	1 17 12                         @ ../Drivers/OLED/i2c-lcd.c:17:12
	strb	r4, [r2, #1]
.Ltmp21:
	@DEBUG_VALUE: lcd_send_cmd:data_l <- -128
	@DEBUG_VALUE: lcd_send_cmd:data_u <- 32
	.loc	1 16 12                         @ ../Drivers/OLED/i2c-lcd.c:16:12
	strb	r7, [r2]
	.loc	1 20 2                          @ ../Drivers/OLED/i2c-lcd.c:20:2
	str	r5, [sp]
	mov	r4, r5
	str	r5, [sp, #4]                    @ 4-byte Spill
	ldr	r0, __arm_cp.2_0
	mov	r1, r6
	ldr	r6, [sp, #8]                    @ 4-byte Reload
	mov	r3, r6
	bl	HAL_I2C_Master_Transmit
.Ltmp22:
	.loc	1 0 2 is_stmt 0                 @ ../Drivers/OLED/i2c-lcd.c:0:2
	add	r2, sp, #32
	movs	r0, #200
.Ltmp23:
	@DEBUG_VALUE: lcd_send_cmd:cmd <- 12
	.loc	1 19 12 is_stmt 1               @ ../Drivers/OLED/i2c-lcd.c:19:12
	strb	r0, [r2, #3]
	movs	r0, #204
	.loc	1 18 12                         @ ../Drivers/OLED/i2c-lcd.c:18:12
	strb	r0, [r2, #2]
	ldr	r7, [sp, #28]                   @ 4-byte Reload
	.loc	1 17 12                         @ ../Drivers/OLED/i2c-lcd.c:17:12
	strb	r7, [r2, #1]
.Ltmp24:
	@DEBUG_VALUE: lcd_send_cmd:data_l <- -64
	@DEBUG_VALUE: lcd_send_cmd:data_u <- 0
	.loc	1 0 12 is_stmt 0                @ ../Drivers/OLED/i2c-lcd.c:0:12
	ldr	r5, [sp, #24]                   @ 4-byte Reload
	.loc	1 16 12 is_stmt 1               @ ../Drivers/OLED/i2c-lcd.c:16:12
	strb	r5, [r2]
	.loc	1 20 2                          @ ../Drivers/OLED/i2c-lcd.c:20:2
	str	r4, [sp]
	ldr	r0, __arm_cp.2_0
	ldr	r4, [sp, #12]                   @ 4-byte Reload
	mov	r1, r4
	mov	r3, r6
	bl	HAL_I2C_Master_Transmit
.Ltmp25:
	.loc	1 0 2 is_stmt 0                 @ ../Drivers/OLED/i2c-lcd.c:0:2
	add	r2, sp, #32
.Ltmp26:
	@DEBUG_VALUE: lcd_send_cmd:cmd <- -128
	.loc	1 19 12 is_stmt 1               @ ../Drivers/OLED/i2c-lcd.c:19:12
	strb	r7, [r2, #3]
	.loc	1 18 12                         @ ../Drivers/OLED/i2c-lcd.c:18:12
	strb	r5, [r2, #2]
	.loc	1 17 12                         @ ../Drivers/OLED/i2c-lcd.c:17:12
	ldr	r0, [sp, #20]                   @ 4-byte Reload
	strb	r0, [r2, #1]
.Ltmp27:
	@DEBUG_VALUE: lcd_send_cmd:data_l <- 0
	@DEBUG_VALUE: lcd_send_cmd:data_u <- -128
	.loc	1 16 12                         @ ../Drivers/OLED/i2c-lcd.c:16:12
	ldr	r0, [sp, #16]                   @ 4-byte Reload
	strb	r0, [r2]
	.loc	1 20 2                          @ ../Drivers/OLED/i2c-lcd.c:20:2
	ldr	r0, [sp, #4]                    @ 4-byte Reload
	str	r0, [sp]
	ldr	r0, __arm_cp.2_0
	mov	r1, r4
	mov	r3, r6
	bl	HAL_I2C_Master_Transmit
.Ltmp28:
	.loc	1 42 1                          @ ../Drivers/OLED/i2c-lcd.c:42:1
	add	sp, #36
	pop	{r4, r5, r6, r7, pc}
.Ltmp29:
	.p2align	2
@ %bb.1:
	.loc	1 0 1 is_stmt 0                 @ ../Drivers/OLED/i2c-lcd.c:0:1
__arm_cp.2_0:
	.long	hi2c3
.Lcpi_end2:
	.size	__arm_cp.2_0, .Lcpi_end2-__arm_cp.2_0
.Lfunc_end2:
	.size	lcd_init, .Lfunc_end2-lcd_init
	.cfi_endproc
	.cantunwind
	.fnend
                                        @ -- End function
	.section	.text.lcd_send_string,"ax",%progbits
	.hidden	lcd_send_string                 @ -- Begin function lcd_send_string
	.globl	lcd_send_string
	.p2align	1
	.type	lcd_send_string,%function
	.code	16                              @ @lcd_send_string
	.thumb_func
lcd_send_string:
.Lfunc_begin3:
	.loc	1 45 0 is_stmt 1                @ ../Drivers/OLED/i2c-lcd.c:45:0
	.fnstart
	.cfi_startproc
@ %bb.0:
	@DEBUG_VALUE: lcd_send_string:str <- $r0
	.save	{r4, lr}
	push	{r4, lr}
	.cfi_def_cfa_offset 8
	.cfi_offset lr, -4
	.cfi_offset r4, -8
.Ltmp30:
	.loc	1 46 9 prologue_end             @ ../Drivers/OLED/i2c-lcd.c:46:9
	ldrb	r1, [r0]
	.loc	1 46 2 is_stmt 0                @ ../Drivers/OLED/i2c-lcd.c:46:2
	cmp	r1, #0
	beq	.LBB3_3
.Ltmp31:
@ %bb.1:
	@DEBUG_VALUE: lcd_send_string:str <- $r0
	adds	r4, r0, #1
.Ltmp32:
.LBB3_2:                                @ =>This Inner Loop Header: Depth=1
	@DEBUG_VALUE: lcd_send_string:str <- $r4
	.loc	1 46 15                         @ ../Drivers/OLED/i2c-lcd.c:46:15
	uxtb	r0, r1
	bl	lcd_send_data
.Ltmp33:
	.loc	1 46 2                          @ ../Drivers/OLED/i2c-lcd.c:46:2
	adds	r0, r4, #1
	.loc	1 46 9                          @ ../Drivers/OLED/i2c-lcd.c:46:9
	ldrb	r1, [r4]
	.loc	1 46 2                          @ ../Drivers/OLED/i2c-lcd.c:46:2
	cmp	r1, #0
	mov	r4, r0
.Ltmp34:
	bne	.LBB3_2
.LBB3_3:
	.loc	1 47 1 is_stmt 1                @ ../Drivers/OLED/i2c-lcd.c:47:1
	pop	{r4, pc}
.Ltmp35:
.Lfunc_end3:
	.size	lcd_send_string, .Lfunc_end3-lcd_send_string
	.cfi_endproc
	.cantunwind
	.fnend
                                        @ -- End function
	.section	.text.lcd_send_float,"ax",%progbits
	.hidden	lcd_send_float                  @ -- Begin function lcd_send_float
	.globl	lcd_send_float
	.p2align	2
	.type	lcd_send_float,%function
	.code	16                              @ @lcd_send_float
	.thumb_func
lcd_send_float:
.Lfunc_begin4:
	.loc	1 50 0                          @ ../Drivers/OLED/i2c-lcd.c:50:0
	.fnstart
	.cfi_startproc
@ %bb.0:
	@DEBUG_VALUE: lcd_send_float:data <- $r0
	@DEBUG_VALUE: lcd_send_float:numberofdigits <- $r1
	.save	{r4, r5, r7, lr}
	push	{r4, r5, r7, lr}
	.cfi_def_cfa_offset 16
	.cfi_offset lr, -4
	.cfi_offset r7, -8
	.cfi_offset r5, -12
	.cfi_offset r4, -16
	.pad	#24
	sub	sp, #24
	.cfi_def_cfa_offset 40
	mov	r4, r1
.Ltmp36:
	@DEBUG_VALUE: lcd_send_float:numberofdigits <- $r4
	.loc	1 52 30 prologue_end            @ ../Drivers/OLED/i2c-lcd.c:52:30
	bl	__aeabi_f2d
.Ltmp37:
	@DEBUG_VALUE: lcd_send_float:data <- [DW_OP_LLVM_entry_value 1] $r0
	.loc	1 52 2 is_stmt 0                @ ../Drivers/OLED/i2c-lcd.c:52:2
	str	r0, [sp]
	str	r1, [sp, #4]
	add	r0, sp, #12
	movs	r1, #8
	adr	r2, .LCPI4_0
	bl	__2snprintf
.Ltmp38:
	@DEBUG_VALUE: i <- 0
	.loc	1 53 2 is_stmt 1                @ ../Drivers/OLED/i2c-lcd.c:53:2
	cmp	r4, #1
	blt	.LBB4_3
.Ltmp39:
@ %bb.1:
	@DEBUG_VALUE: i <- 0
	@DEBUG_VALUE: lcd_send_float:data <- [DW_OP_LLVM_entry_value 1] $r0
	@DEBUG_VALUE: lcd_send_float:numberofdigits <- $r4
	.loc	1 0 2 is_stmt 0                 @ ../Drivers/OLED/i2c-lcd.c:0:2
	add	r5, sp, #12
.Ltmp40:
.LBB4_2:                                @ =>This Inner Loop Header: Depth=1
	@DEBUG_VALUE: lcd_send_float:data <- [DW_OP_LLVM_entry_value 1] $r0
	@DEBUG_VALUE: i <- [DW_OP_LLVM_arg 0, DW_OP_LLVM_arg 0, DW_OP_minus, DW_OP_consts 18446744073709551615, DW_OP_div, DW_OP_stack_value] undef
	.loc	1 55 18 is_stmt 1               @ ../Drivers/OLED/i2c-lcd.c:55:18
	ldrb	r0, [r5]
	.loc	1 55 3 is_stmt 0                @ ../Drivers/OLED/i2c-lcd.c:55:3
	bl	lcd_send_data
.Ltmp41:
	.loc	1 53 17 is_stmt 1               @ ../Drivers/OLED/i2c-lcd.c:53:17
	adds	r5, r5, #1
.Ltmp42:
	@DEBUG_VALUE: i <- [DW_OP_LLVM_arg 0, DW_OP_LLVM_arg 0, DW_OP_minus, DW_OP_consts 18446744073709551615, DW_OP_div, DW_OP_consts 1, DW_OP_plus, DW_OP_stack_value] undef
	subs	r4, r4, #1
.Ltmp43:
	@DEBUG_VALUE: lcd_send_float:numberofdigits <- [DW_OP_LLVM_entry_value 1] $r1
	.loc	1 53 2 is_stmt 0                @ ../Drivers/OLED/i2c-lcd.c:53:2
	bne	.LBB4_2
.Ltmp44:
.LBB4_3:
	@DEBUG_VALUE: lcd_send_float:data <- [DW_OP_LLVM_entry_value 1] $r0
	.loc	1 57 1 is_stmt 1                @ ../Drivers/OLED/i2c-lcd.c:57:1
	add	sp, #24
	pop	{r4, r5, r7, pc}
.Ltmp45:
	.p2align	2
@ %bb.4:
	.loc	1 0 1 is_stmt 0                 @ ../Drivers/OLED/i2c-lcd.c:0:1
.LCPI4_0:
.L.str:
	.asciz	"%f\000"
.Lfunc_end4:
	.size	lcd_send_float, .Lfunc_end4-lcd_send_float
	.cfi_endproc
	.cantunwind
	.fnend
                                        @ -- End function
	.hidden	_printf_percent
	.hidden	_printf_f
	.hidden	_printf_fp_dec
	.section	.debug_loc,"",%progbits
.Ldebug_loc0:
	.long	-1
	.long	.Lfunc_begin0                   @   base address
	.long	.Lfunc_begin0-.Lfunc_begin0
	.long	.Ltmp4-.Lfunc_begin0
	.short	1                               @ Loc expr size
	.byte	80                              @ DW_OP_reg0
	.long	.Ltmp4-.Lfunc_begin0
	.long	.Ltmp7-.Lfunc_begin0
	.short	4                               @ Loc expr size
	.byte	243                             @ DW_OP_GNU_entry_value
	.byte	1                               @ 1
	.byte	80                              @ DW_OP_reg0
	.byte	159                             @ DW_OP_stack_value
	.long	0
	.long	0
.Ldebug_loc1:
	.long	-1
	.long	.Lfunc_begin0                   @   base address
	.long	.Ltmp1-.Lfunc_begin0
	.long	.Ltmp2-.Lfunc_begin0
	.short	1                               @ Loc expr size
	.byte	81                              @ DW_OP_reg1
	.long	0
	.long	0
.Ldebug_loc2:
	.long	-1
	.long	.Lfunc_begin0                   @   base address
	.long	.Ltmp3-.Lfunc_begin0
	.long	.Ltmp5-.Lfunc_begin0
	.short	1                               @ Loc expr size
	.byte	81                              @ DW_OP_reg1
	.long	0
	.long	0
.Ldebug_loc3:
	.long	-1
	.long	.Lfunc_begin1                   @   base address
	.long	.Lfunc_begin1-.Lfunc_begin1
	.long	.Ltmp12-.Lfunc_begin1
	.short	1                               @ Loc expr size
	.byte	80                              @ DW_OP_reg0
	.long	.Ltmp12-.Lfunc_begin1
	.long	.Ltmp15-.Lfunc_begin1
	.short	4                               @ Loc expr size
	.byte	243                             @ DW_OP_GNU_entry_value
	.byte	1                               @ 1
	.byte	80                              @ DW_OP_reg0
	.byte	159                             @ DW_OP_stack_value
	.long	0
	.long	0
.Ldebug_loc4:
	.long	-1
	.long	.Lfunc_begin1                   @   base address
	.long	.Ltmp9-.Lfunc_begin1
	.long	.Ltmp10-.Lfunc_begin1
	.short	1                               @ Loc expr size
	.byte	81                              @ DW_OP_reg1
	.long	0
	.long	0
.Ldebug_loc5:
	.long	-1
	.long	.Lfunc_begin1                   @   base address
	.long	.Ltmp11-.Lfunc_begin1
	.long	.Ltmp13-.Lfunc_begin1
	.short	1                               @ Loc expr size
	.byte	81                              @ DW_OP_reg1
	.long	0
	.long	0
.Ldebug_loc6:
	.long	-1
	.long	.Lfunc_begin2                   @   base address
	.long	.Ltmp17-.Lfunc_begin2
	.long	.Ltmp29-.Lfunc_begin2
	.short	3                               @ Loc expr size
	.byte	16                              @ DW_OP_constu
	.byte	32                              @ 32
	.byte	159                             @ DW_OP_stack_value
	.long	0
	.long	0
.Ldebug_loc7:
	.long	-1
	.long	.Lfunc_begin2                   @   base address
	.long	.Ltmp17-.Lfunc_begin2
	.long	.Ltmp29-.Lfunc_begin2
	.short	2                               @ Loc expr size
	.byte	48                              @ DW_OP_lit0
	.byte	159                             @ DW_OP_stack_value
	.long	0
	.long	0
.Ldebug_loc8:
	.long	-1
	.long	.Lfunc_begin2                   @   base address
	.long	.Ltmp20-.Lfunc_begin2
	.long	.Ltmp29-.Lfunc_begin2
	.short	3                               @ Loc expr size
	.byte	16                              @ DW_OP_constu
	.byte	40                              @ 40
	.byte	159                             @ DW_OP_stack_value
	.long	0
	.long	0
.Ldebug_loc9:
	.long	-1
	.long	.Lfunc_begin2                   @   base address
	.long	.Ltmp21-.Lfunc_begin2
	.long	.Ltmp29-.Lfunc_begin2
	.short	12                              @ Loc expr size
	.byte	16                              @ DW_OP_constu
	.byte	128                             @ 18446744073709551488
	.byte	255                             @ 
	.byte	255                             @ 
	.byte	255                             @ 
	.byte	255                             @ 
	.byte	255                             @ 
	.byte	255                             @ 
	.byte	255                             @ 
	.byte	255                             @ 
	.byte	1                               @ 
	.byte	159                             @ DW_OP_stack_value
	.long	0
	.long	0
.Ldebug_loc10:
	.long	-1
	.long	.Lfunc_begin2                   @   base address
	.long	.Ltmp21-.Lfunc_begin2
	.long	.Ltmp29-.Lfunc_begin2
	.short	3                               @ Loc expr size
	.byte	16                              @ DW_OP_constu
	.byte	32                              @ 32
	.byte	159                             @ DW_OP_stack_value
	.long	0
	.long	0
.Ldebug_loc11:
	.long	-1
	.long	.Lfunc_begin2                   @   base address
	.long	.Ltmp24-.Lfunc_begin2
	.long	.Ltmp29-.Lfunc_begin2
	.short	12                              @ Loc expr size
	.byte	16                              @ DW_OP_constu
	.byte	192                             @ 18446744073709551552
	.byte	255                             @ 
	.byte	255                             @ 
	.byte	255                             @ 
	.byte	255                             @ 
	.byte	255                             @ 
	.byte	255                             @ 
	.byte	255                             @ 
	.byte	255                             @ 
	.byte	1                               @ 
	.byte	159                             @ DW_OP_stack_value
	.long	0
	.long	0
.Ldebug_loc12:
	.long	-1
	.long	.Lfunc_begin2                   @   base address
	.long	.Ltmp24-.Lfunc_begin2
	.long	.Ltmp29-.Lfunc_begin2
	.short	2                               @ Loc expr size
	.byte	48                              @ DW_OP_lit0
	.byte	159                             @ DW_OP_stack_value
	.long	0
	.long	0
.Ldebug_loc13:
	.long	-1
	.long	.Lfunc_begin2                   @   base address
	.long	.Ltmp27-.Lfunc_begin2
	.long	.Ltmp29-.Lfunc_begin2
	.short	2                               @ Loc expr size
	.byte	48                              @ DW_OP_lit0
	.byte	159                             @ DW_OP_stack_value
	.long	0
	.long	0
.Ldebug_loc14:
	.long	-1
	.long	.Lfunc_begin2                   @   base address
	.long	.Ltmp27-.Lfunc_begin2
	.long	.Ltmp29-.Lfunc_begin2
	.short	12                              @ Loc expr size
	.byte	16                              @ DW_OP_constu
	.byte	128                             @ 18446744073709551488
	.byte	255                             @ 
	.byte	255                             @ 
	.byte	255                             @ 
	.byte	255                             @ 
	.byte	255                             @ 
	.byte	255                             @ 
	.byte	255                             @ 
	.byte	255                             @ 
	.byte	1                               @ 
	.byte	159                             @ DW_OP_stack_value
	.long	0
	.long	0
.Ldebug_loc15:
	.long	-1
	.long	.Lfunc_begin3                   @   base address
	.long	.Lfunc_begin3-.Lfunc_begin3
	.long	.Ltmp32-.Lfunc_begin3
	.short	1                               @ Loc expr size
	.byte	80                              @ DW_OP_reg0
	.long	.Ltmp32-.Lfunc_begin3
	.long	.Ltmp34-.Lfunc_begin3
	.short	1                               @ Loc expr size
	.byte	84                              @ DW_OP_reg4
	.long	0
	.long	0
.Ldebug_loc16:
	.long	-1
	.long	.Lfunc_begin4                   @   base address
	.long	.Lfunc_begin4-.Lfunc_begin4
	.long	.Ltmp37-.Lfunc_begin4
	.short	1                               @ Loc expr size
	.byte	80                              @ DW_OP_reg0
	.long	.Ltmp37-.Lfunc_begin4
	.long	.Ltmp45-.Lfunc_begin4
	.short	4                               @ Loc expr size
	.byte	243                             @ DW_OP_GNU_entry_value
	.byte	1                               @ 1
	.byte	80                              @ DW_OP_reg0
	.byte	159                             @ DW_OP_stack_value
	.long	0
	.long	0
.Ldebug_loc17:
	.long	-1
	.long	.Lfunc_begin4                   @   base address
	.long	.Lfunc_begin4-.Lfunc_begin4
	.long	.Ltmp36-.Lfunc_begin4
	.short	1                               @ Loc expr size
	.byte	81                              @ DW_OP_reg1
	.long	.Ltmp36-.Lfunc_begin4
	.long	.Ltmp40-.Lfunc_begin4
	.short	1                               @ Loc expr size
	.byte	84                              @ DW_OP_reg4
	.long	.Ltmp43-.Lfunc_begin4
	.long	.Ltmp44-.Lfunc_begin4
	.short	4                               @ Loc expr size
	.byte	243                             @ DW_OP_GNU_entry_value
	.byte	1                               @ 1
	.byte	81                              @ DW_OP_reg1
	.byte	159                             @ DW_OP_stack_value
	.long	0
	.long	0
.Ldebug_loc18:
	.long	-1
	.long	.Lfunc_begin4                   @   base address
	.long	.Ltmp38-.Lfunc_begin4
	.long	.Ltmp40-.Lfunc_begin4
	.short	3                               @ Loc expr size
	.byte	17                              @ DW_OP_consts
	.byte	0                               @ 0
	.byte	159                             @ DW_OP_stack_value
	.long	0
	.long	0
	.section	.debug_abbrev,"",%progbits
	.byte	1                               @ Abbreviation Code
	.byte	17                              @ DW_TAG_compile_unit
	.byte	1                               @ DW_CHILDREN_yes
	.byte	37                              @ DW_AT_producer
	.byte	14                              @ DW_FORM_strp
	.byte	19                              @ DW_AT_language
	.byte	5                               @ DW_FORM_data2
	.byte	3                               @ DW_AT_name
	.byte	14                              @ DW_FORM_strp
	.byte	16                              @ DW_AT_stmt_list
	.byte	23                              @ DW_FORM_sec_offset
	.byte	27                              @ DW_AT_comp_dir
	.byte	14                              @ DW_FORM_strp
	.byte	17                              @ DW_AT_low_pc
	.byte	1                               @ DW_FORM_addr
	.byte	85                              @ DW_AT_ranges
	.byte	23                              @ DW_FORM_sec_offset
	.byte	0                               @ EOM(1)
	.byte	0                               @ EOM(2)
	.byte	2                               @ Abbreviation Code
	.byte	52                              @ DW_TAG_variable
	.byte	0                               @ DW_CHILDREN_no
	.byte	73                              @ DW_AT_type
	.byte	19                              @ DW_FORM_ref4
	.byte	58                              @ DW_AT_decl_file
	.byte	11                              @ DW_FORM_data1
	.byte	59                              @ DW_AT_decl_line
	.byte	11                              @ DW_FORM_data1
	.byte	2                               @ DW_AT_location
	.byte	24                              @ DW_FORM_exprloc
	.byte	0                               @ EOM(1)
	.byte	0                               @ EOM(2)
	.byte	3                               @ Abbreviation Code
	.byte	1                               @ DW_TAG_array_type
	.byte	1                               @ DW_CHILDREN_yes
	.byte	73                              @ DW_AT_type
	.byte	19                              @ DW_FORM_ref4
	.byte	0                               @ EOM(1)
	.byte	0                               @ EOM(2)
	.byte	4                               @ Abbreviation Code
	.byte	33                              @ DW_TAG_subrange_type
	.byte	0                               @ DW_CHILDREN_no
	.byte	73                              @ DW_AT_type
	.byte	19                              @ DW_FORM_ref4
	.byte	55                              @ DW_AT_count
	.byte	11                              @ DW_FORM_data1
	.byte	0                               @ EOM(1)
	.byte	0                               @ EOM(2)
	.byte	5                               @ Abbreviation Code
	.byte	36                              @ DW_TAG_base_type
	.byte	0                               @ DW_CHILDREN_no
	.byte	3                               @ DW_AT_name
	.byte	14                              @ DW_FORM_strp
	.byte	62                              @ DW_AT_encoding
	.byte	11                              @ DW_FORM_data1
	.byte	11                              @ DW_AT_byte_size
	.byte	11                              @ DW_FORM_data1
	.byte	0                               @ EOM(1)
	.byte	0                               @ EOM(2)
	.byte	6                               @ Abbreviation Code
	.byte	36                              @ DW_TAG_base_type
	.byte	0                               @ DW_CHILDREN_no
	.byte	3                               @ DW_AT_name
	.byte	14                              @ DW_FORM_strp
	.byte	11                              @ DW_AT_byte_size
	.byte	11                              @ DW_FORM_data1
	.byte	62                              @ DW_AT_encoding
	.byte	11                              @ DW_FORM_data1
	.byte	0                               @ EOM(1)
	.byte	0                               @ EOM(2)
	.byte	7                               @ Abbreviation Code
	.byte	4                               @ DW_TAG_enumeration_type
	.byte	1                               @ DW_CHILDREN_yes
	.byte	73                              @ DW_AT_type
	.byte	19                              @ DW_FORM_ref4
	.byte	11                              @ DW_AT_byte_size
	.byte	11                              @ DW_FORM_data1
	.byte	58                              @ DW_AT_decl_file
	.byte	11                              @ DW_FORM_data1
	.byte	59                              @ DW_AT_decl_line
	.byte	11                              @ DW_FORM_data1
	.byte	0                               @ EOM(1)
	.byte	0                               @ EOM(2)
	.byte	8                               @ Abbreviation Code
	.byte	40                              @ DW_TAG_enumerator
	.byte	0                               @ DW_CHILDREN_no
	.byte	3                               @ DW_AT_name
	.byte	14                              @ DW_FORM_strp
	.byte	28                              @ DW_AT_const_value
	.byte	15                              @ DW_FORM_udata
	.byte	0                               @ EOM(1)
	.byte	0                               @ EOM(2)
	.byte	9                               @ Abbreviation Code
	.byte	15                              @ DW_TAG_pointer_type
	.byte	0                               @ DW_CHILDREN_no
	.byte	73                              @ DW_AT_type
	.byte	19                              @ DW_FORM_ref4
	.byte	0                               @ EOM(1)
	.byte	0                               @ EOM(2)
	.byte	10                              @ Abbreviation Code
	.byte	22                              @ DW_TAG_typedef
	.byte	0                               @ DW_CHILDREN_no
	.byte	73                              @ DW_AT_type
	.byte	19                              @ DW_FORM_ref4
	.byte	3                               @ DW_AT_name
	.byte	14                              @ DW_FORM_strp
	.byte	58                              @ DW_AT_decl_file
	.byte	11                              @ DW_FORM_data1
	.byte	59                              @ DW_AT_decl_line
	.byte	11                              @ DW_FORM_data1
	.byte	0                               @ EOM(1)
	.byte	0                               @ EOM(2)
	.byte	11                              @ Abbreviation Code
	.byte	46                              @ DW_TAG_subprogram
	.byte	1                               @ DW_CHILDREN_yes
	.byte	17                              @ DW_AT_low_pc
	.byte	1                               @ DW_FORM_addr
	.byte	18                              @ DW_AT_high_pc
	.byte	6                               @ DW_FORM_data4
	.byte	64                              @ DW_AT_frame_base
	.byte	24                              @ DW_FORM_exprloc
	.ascii	"\227B"                         @ DW_AT_GNU_all_call_sites
	.byte	25                              @ DW_FORM_flag_present
	.byte	49                              @ DW_AT_abstract_origin
	.byte	19                              @ DW_FORM_ref4
	.byte	0                               @ EOM(1)
	.byte	0                               @ EOM(2)
	.byte	12                              @ Abbreviation Code
	.byte	5                               @ DW_TAG_formal_parameter
	.byte	0                               @ DW_CHILDREN_no
	.byte	2                               @ DW_AT_location
	.byte	23                              @ DW_FORM_sec_offset
	.byte	49                              @ DW_AT_abstract_origin
	.byte	19                              @ DW_FORM_ref4
	.byte	0                               @ EOM(1)
	.byte	0                               @ EOM(2)
	.byte	13                              @ Abbreviation Code
	.byte	52                              @ DW_TAG_variable
	.byte	0                               @ DW_CHILDREN_no
	.byte	2                               @ DW_AT_location
	.byte	24                              @ DW_FORM_exprloc
	.byte	49                              @ DW_AT_abstract_origin
	.byte	19                              @ DW_FORM_ref4
	.byte	0                               @ EOM(1)
	.byte	0                               @ EOM(2)
	.byte	14                              @ Abbreviation Code
	.byte	52                              @ DW_TAG_variable
	.byte	0                               @ DW_CHILDREN_no
	.byte	2                               @ DW_AT_location
	.byte	23                              @ DW_FORM_sec_offset
	.byte	49                              @ DW_AT_abstract_origin
	.byte	19                              @ DW_FORM_ref4
	.byte	0                               @ EOM(1)
	.byte	0                               @ EOM(2)
	.byte	15                              @ Abbreviation Code
	.byte	46                              @ DW_TAG_subprogram
	.byte	1                               @ DW_CHILDREN_yes
	.byte	17                              @ DW_AT_low_pc
	.byte	1                               @ DW_FORM_addr
	.byte	18                              @ DW_AT_high_pc
	.byte	6                               @ DW_FORM_data4
	.byte	64                              @ DW_AT_frame_base
	.byte	24                              @ DW_FORM_exprloc
	.ascii	"\227B"                         @ DW_AT_GNU_all_call_sites
	.byte	25                              @ DW_FORM_flag_present
	.byte	3                               @ DW_AT_name
	.byte	14                              @ DW_FORM_strp
	.byte	58                              @ DW_AT_decl_file
	.byte	11                              @ DW_FORM_data1
	.byte	59                              @ DW_AT_decl_line
	.byte	11                              @ DW_FORM_data1
	.byte	39                              @ DW_AT_prototyped
	.byte	25                              @ DW_FORM_flag_present
	.byte	63                              @ DW_AT_external
	.byte	25                              @ DW_FORM_flag_present
	.byte	0                               @ EOM(1)
	.byte	0                               @ EOM(2)
	.byte	16                              @ Abbreviation Code
	.byte	5                               @ DW_TAG_formal_parameter
	.byte	0                               @ DW_CHILDREN_no
	.byte	2                               @ DW_AT_location
	.byte	23                              @ DW_FORM_sec_offset
	.byte	3                               @ DW_AT_name
	.byte	14                              @ DW_FORM_strp
	.byte	58                              @ DW_AT_decl_file
	.byte	11                              @ DW_FORM_data1
	.byte	59                              @ DW_AT_decl_line
	.byte	11                              @ DW_FORM_data1
	.byte	73                              @ DW_AT_type
	.byte	19                              @ DW_FORM_ref4
	.byte	0                               @ EOM(1)
	.byte	0                               @ EOM(2)
	.byte	17                              @ Abbreviation Code
	.byte	52                              @ DW_TAG_variable
	.byte	0                               @ DW_CHILDREN_no
	.byte	2                               @ DW_AT_location
	.byte	24                              @ DW_FORM_exprloc
	.byte	3                               @ DW_AT_name
	.byte	14                              @ DW_FORM_strp
	.byte	58                              @ DW_AT_decl_file
	.byte	11                              @ DW_FORM_data1
	.byte	59                              @ DW_AT_decl_line
	.byte	11                              @ DW_FORM_data1
	.byte	73                              @ DW_AT_type
	.byte	19                              @ DW_FORM_ref4
	.byte	0                               @ EOM(1)
	.byte	0                               @ EOM(2)
	.byte	18                              @ Abbreviation Code
	.byte	52                              @ DW_TAG_variable
	.byte	0                               @ DW_CHILDREN_no
	.byte	2                               @ DW_AT_location
	.byte	23                              @ DW_FORM_sec_offset
	.byte	3                               @ DW_AT_name
	.byte	14                              @ DW_FORM_strp
	.byte	58                              @ DW_AT_decl_file
	.byte	11                              @ DW_FORM_data1
	.byte	59                              @ DW_AT_decl_line
	.byte	11                              @ DW_FORM_data1
	.byte	73                              @ DW_AT_type
	.byte	19                              @ DW_FORM_ref4
	.byte	0                               @ EOM(1)
	.byte	0                               @ EOM(2)
	.byte	19                              @ Abbreviation Code
	.byte	46                              @ DW_TAG_subprogram
	.byte	1                               @ DW_CHILDREN_yes
	.byte	3                               @ DW_AT_name
	.byte	14                              @ DW_FORM_strp
	.byte	58                              @ DW_AT_decl_file
	.byte	11                              @ DW_FORM_data1
	.byte	59                              @ DW_AT_decl_line
	.byte	11                              @ DW_FORM_data1
	.byte	39                              @ DW_AT_prototyped
	.byte	25                              @ DW_FORM_flag_present
	.byte	63                              @ DW_AT_external
	.byte	25                              @ DW_FORM_flag_present
	.byte	32                              @ DW_AT_inline
	.byte	11                              @ DW_FORM_data1
	.byte	0                               @ EOM(1)
	.byte	0                               @ EOM(2)
	.byte	20                              @ Abbreviation Code
	.byte	5                               @ DW_TAG_formal_parameter
	.byte	0                               @ DW_CHILDREN_no
	.byte	3                               @ DW_AT_name
	.byte	14                              @ DW_FORM_strp
	.byte	58                              @ DW_AT_decl_file
	.byte	11                              @ DW_FORM_data1
	.byte	59                              @ DW_AT_decl_line
	.byte	11                              @ DW_FORM_data1
	.byte	73                              @ DW_AT_type
	.byte	19                              @ DW_FORM_ref4
	.byte	0                               @ EOM(1)
	.byte	0                               @ EOM(2)
	.byte	21                              @ Abbreviation Code
	.byte	52                              @ DW_TAG_variable
	.byte	0                               @ DW_CHILDREN_no
	.byte	3                               @ DW_AT_name
	.byte	14                              @ DW_FORM_strp
	.byte	58                              @ DW_AT_decl_file
	.byte	11                              @ DW_FORM_data1
	.byte	59                              @ DW_AT_decl_line
	.byte	11                              @ DW_FORM_data1
	.byte	73                              @ DW_AT_type
	.byte	19                              @ DW_FORM_ref4
	.byte	0                               @ EOM(1)
	.byte	0                               @ EOM(2)
	.byte	22                              @ Abbreviation Code
	.byte	29                              @ DW_TAG_inlined_subroutine
	.byte	1                               @ DW_CHILDREN_yes
	.byte	49                              @ DW_AT_abstract_origin
	.byte	19                              @ DW_FORM_ref4
	.byte	17                              @ DW_AT_low_pc
	.byte	1                               @ DW_FORM_addr
	.byte	18                              @ DW_AT_high_pc
	.byte	6                               @ DW_FORM_data4
	.byte	88                              @ DW_AT_call_file
	.byte	11                              @ DW_FORM_data1
	.byte	89                              @ DW_AT_call_line
	.byte	11                              @ DW_FORM_data1
	.byte	87                              @ DW_AT_call_column
	.byte	11                              @ DW_FORM_data1
	.byte	0                               @ EOM(1)
	.byte	0                               @ EOM(2)
	.byte	23                              @ Abbreviation Code
	.byte	5                               @ DW_TAG_formal_parameter
	.byte	0                               @ DW_CHILDREN_no
	.byte	28                              @ DW_AT_const_value
	.byte	15                              @ DW_FORM_udata
	.byte	49                              @ DW_AT_abstract_origin
	.byte	19                              @ DW_FORM_ref4
	.byte	0                               @ EOM(1)
	.byte	0                               @ EOM(2)
	.byte	24                              @ Abbreviation Code
	.byte	11                              @ DW_TAG_lexical_block
	.byte	1                               @ DW_CHILDREN_yes
	.byte	17                              @ DW_AT_low_pc
	.byte	1                               @ DW_FORM_addr
	.byte	18                              @ DW_AT_high_pc
	.byte	6                               @ DW_FORM_data4
	.byte	0                               @ EOM(1)
	.byte	0                               @ EOM(2)
	.byte	0                               @ EOM(3)
	.section	.debug_info,"",%progbits
.Lcu_begin0:
	.long	.Ldebug_info_end0-.Ldebug_info_start0 @ Length of Unit
.Ldebug_info_start0:
	.short	4                               @ DWARF version number
	.long	.debug_abbrev                   @ Offset Into Abbrev. Section
	.byte	4                               @ Address Size (in bytes)
	.byte	1                               @ Abbrev [1] 0xb:0x359 DW_TAG_compile_unit
	.long	.Linfo_string0                  @ DW_AT_producer
	.short	12                              @ DW_AT_language
	.long	.Linfo_string1                  @ DW_AT_name
	.long	.Lline_table_start0             @ DW_AT_stmt_list
	.long	.Linfo_string2                  @ DW_AT_comp_dir
	.long	0                               @ DW_AT_low_pc
	.long	.Ldebug_ranges0                 @ DW_AT_ranges
	.byte	2                               @ Abbrev [2] 0x26:0xd DW_TAG_variable
	.long	51                              @ DW_AT_type
	.byte	1                               @ DW_AT_decl_file
	.byte	52                              @ DW_AT_decl_line
	.byte	5                               @ DW_AT_location
	.byte	3
	.long	.L.str
	.byte	3                               @ Abbrev [3] 0x33:0xc DW_TAG_array_type
	.long	63                              @ DW_AT_type
	.byte	4                               @ Abbrev [4] 0x38:0x6 DW_TAG_subrange_type
	.long	70                              @ DW_AT_type
	.byte	3                               @ DW_AT_count
	.byte	0                               @ End Of Children Mark
	.byte	5                               @ Abbrev [5] 0x3f:0x7 DW_TAG_base_type
	.long	.Linfo_string3                  @ DW_AT_name
	.byte	8                               @ DW_AT_encoding
	.byte	1                               @ DW_AT_byte_size
	.byte	6                               @ Abbrev [6] 0x46:0x7 DW_TAG_base_type
	.long	.Linfo_string4                  @ DW_AT_name
	.byte	8                               @ DW_AT_byte_size
	.byte	7                               @ DW_AT_encoding
	.byte	7                               @ Abbrev [7] 0x4d:0x21 DW_TAG_enumeration_type
	.long	110                             @ DW_AT_type
	.byte	1                               @ DW_AT_byte_size
	.byte	2                               @ DW_AT_decl_file
	.byte	38                              @ DW_AT_decl_line
	.byte	8                               @ Abbrev [8] 0x55:0x6 DW_TAG_enumerator
	.long	.Linfo_string6                  @ DW_AT_name
	.byte	0                               @ DW_AT_const_value
	.byte	8                               @ Abbrev [8] 0x5b:0x6 DW_TAG_enumerator
	.long	.Linfo_string7                  @ DW_AT_name
	.byte	1                               @ DW_AT_const_value
	.byte	8                               @ Abbrev [8] 0x61:0x6 DW_TAG_enumerator
	.long	.Linfo_string8                  @ DW_AT_name
	.byte	2                               @ DW_AT_const_value
	.byte	8                               @ Abbrev [8] 0x67:0x6 DW_TAG_enumerator
	.long	.Linfo_string9                  @ DW_AT_name
	.byte	3                               @ DW_AT_const_value
	.byte	0                               @ End Of Children Mark
	.byte	5                               @ Abbrev [5] 0x6e:0x7 DW_TAG_base_type
	.long	.Linfo_string5                  @ DW_AT_name
	.byte	8                               @ DW_AT_encoding
	.byte	1                               @ DW_AT_byte_size
	.byte	7                               @ Abbrev [7] 0x75:0x15 DW_TAG_enumeration_type
	.long	110                             @ DW_AT_type
	.byte	1                               @ DW_AT_byte_size
	.byte	2                               @ DW_AT_decl_file
	.byte	49                              @ DW_AT_decl_line
	.byte	8                               @ Abbrev [8] 0x7d:0x6 DW_TAG_enumerator
	.long	.Linfo_string10                 @ DW_AT_name
	.byte	0                               @ DW_AT_const_value
	.byte	8                               @ Abbrev [8] 0x83:0x6 DW_TAG_enumerator
	.long	.Linfo_string11                 @ DW_AT_name
	.byte	1                               @ DW_AT_const_value
	.byte	0                               @ End Of Children Mark
	.byte	7                               @ Abbrev [7] 0x8a:0x21 DW_TAG_enumeration_type
	.long	110                             @ DW_AT_type
	.byte	1                               @ DW_AT_byte_size
	.byte	3                               @ DW_AT_decl_file
	.byte	79                              @ DW_AT_decl_line
	.byte	8                               @ Abbrev [8] 0x92:0x6 DW_TAG_enumerator
	.long	.Linfo_string12                 @ DW_AT_name
	.byte	0                               @ DW_AT_const_value
	.byte	8                               @ Abbrev [8] 0x98:0x6 DW_TAG_enumerator
	.long	.Linfo_string13                 @ DW_AT_name
	.byte	1                               @ DW_AT_const_value
	.byte	8                               @ Abbrev [8] 0x9e:0x6 DW_TAG_enumerator
	.long	.Linfo_string14                 @ DW_AT_name
	.byte	2                               @ DW_AT_const_value
	.byte	8                               @ Abbrev [8] 0xa4:0x6 DW_TAG_enumerator
	.long	.Linfo_string15                 @ DW_AT_name
	.byte	3                               @ DW_AT_const_value
	.byte	0                               @ End Of Children Mark
	.byte	7                               @ Abbrev [7] 0xab:0x4d DW_TAG_enumeration_type
	.long	110                             @ DW_AT_type
	.byte	1                               @ DW_AT_byte_size
	.byte	4                               @ DW_AT_decl_file
	.byte	108                             @ DW_AT_decl_line
	.byte	8                               @ Abbrev [8] 0xb3:0x6 DW_TAG_enumerator
	.long	.Linfo_string16                 @ DW_AT_name
	.byte	0                               @ DW_AT_const_value
	.byte	8                               @ Abbrev [8] 0xb9:0x6 DW_TAG_enumerator
	.long	.Linfo_string17                 @ DW_AT_name
	.byte	32                              @ DW_AT_const_value
	.byte	8                               @ Abbrev [8] 0xbf:0x6 DW_TAG_enumerator
	.long	.Linfo_string18                 @ DW_AT_name
	.byte	36                              @ DW_AT_const_value
	.byte	8                               @ Abbrev [8] 0xc5:0x6 DW_TAG_enumerator
	.long	.Linfo_string19                 @ DW_AT_name
	.byte	33                              @ DW_AT_const_value
	.byte	8                               @ Abbrev [8] 0xcb:0x6 DW_TAG_enumerator
	.long	.Linfo_string20                 @ DW_AT_name
	.byte	34                              @ DW_AT_const_value
	.byte	8                               @ Abbrev [8] 0xd1:0x6 DW_TAG_enumerator
	.long	.Linfo_string21                 @ DW_AT_name
	.byte	40                              @ DW_AT_const_value
	.byte	8                               @ Abbrev [8] 0xd7:0x6 DW_TAG_enumerator
	.long	.Linfo_string22                 @ DW_AT_name
	.byte	41                              @ DW_AT_const_value
	.byte	8                               @ Abbrev [8] 0xdd:0x6 DW_TAG_enumerator
	.long	.Linfo_string23                 @ DW_AT_name
	.byte	42                              @ DW_AT_const_value
	.byte	8                               @ Abbrev [8] 0xe3:0x6 DW_TAG_enumerator
	.long	.Linfo_string24                 @ DW_AT_name
	.byte	96                              @ DW_AT_const_value
	.byte	8                               @ Abbrev [8] 0xe9:0x7 DW_TAG_enumerator
	.long	.Linfo_string25                 @ DW_AT_name
	.ascii	"\240\001"                      @ DW_AT_const_value
	.byte	8                               @ Abbrev [8] 0xf0:0x7 DW_TAG_enumerator
	.long	.Linfo_string26                 @ DW_AT_name
	.ascii	"\340\001"                      @ DW_AT_const_value
	.byte	0                               @ End Of Children Mark
	.byte	7                               @ Abbrev [7] 0xf8:0x21 DW_TAG_enumeration_type
	.long	110                             @ DW_AT_type
	.byte	1                               @ DW_AT_byte_size
	.byte	4                               @ DW_AT_decl_file
	.byte	148                             @ DW_AT_decl_line
	.byte	8                               @ Abbrev [8] 0x100:0x6 DW_TAG_enumerator
	.long	.Linfo_string27                 @ DW_AT_name
	.byte	0                               @ DW_AT_const_value
	.byte	8                               @ Abbrev [8] 0x106:0x6 DW_TAG_enumerator
	.long	.Linfo_string28                 @ DW_AT_name
	.byte	16                              @ DW_AT_const_value
	.byte	8                               @ Abbrev [8] 0x10c:0x6 DW_TAG_enumerator
	.long	.Linfo_string29                 @ DW_AT_name
	.byte	32                              @ DW_AT_const_value
	.byte	8                               @ Abbrev [8] 0x112:0x6 DW_TAG_enumerator
	.long	.Linfo_string30                 @ DW_AT_name
	.byte	64                              @ DW_AT_const_value
	.byte	0                               @ End Of Children Mark
	.byte	9                               @ Abbrev [9] 0x119:0x5 DW_TAG_pointer_type
	.long	286                             @ DW_AT_type
	.byte	10                              @ Abbrev [10] 0x11e:0xb DW_TAG_typedef
	.long	110                             @ DW_AT_type
	.long	.Linfo_string31                 @ DW_AT_name
	.byte	5                               @ DW_AT_decl_file
	.byte	62                              @ DW_AT_decl_line
	.byte	11                              @ Abbrev [11] 0x129:0x33 DW_TAG_subprogram
	.long	.Lfunc_begin0                   @ DW_AT_low_pc
	.long	.Lfunc_end0-.Lfunc_begin0       @ DW_AT_high_pc
	.byte	1                               @ DW_AT_frame_base
	.byte	93
                                        @ DW_AT_GNU_all_call_sites
	.long	425                             @ DW_AT_abstract_origin
	.byte	12                              @ Abbrev [12] 0x138:0x9 DW_TAG_formal_parameter
	.long	.Ldebug_loc0                    @ DW_AT_location
	.long	433                             @ DW_AT_abstract_origin
	.byte	13                              @ Abbrev [13] 0x141:0x8 DW_TAG_variable
	.byte	2                               @ DW_AT_location
	.byte	145
	.byte	4
	.long	444                             @ DW_AT_abstract_origin
	.byte	14                              @ Abbrev [14] 0x149:0x9 DW_TAG_variable
	.long	.Ldebug_loc1                    @ DW_AT_location
	.long	455                             @ DW_AT_abstract_origin
	.byte	14                              @ Abbrev [14] 0x152:0x9 DW_TAG_variable
	.long	.Ldebug_loc2                    @ DW_AT_location
	.long	466                             @ DW_AT_abstract_origin
	.byte	0                               @ End Of Children Mark
	.byte	15                              @ Abbrev [15] 0x15c:0x4d DW_TAG_subprogram
	.long	.Lfunc_begin1                   @ DW_AT_low_pc
	.long	.Lfunc_end1-.Lfunc_begin1       @ DW_AT_high_pc
	.byte	1                               @ DW_AT_frame_base
	.byte	93
                                        @ DW_AT_GNU_all_call_sites
	.long	.Linfo_string37                 @ DW_AT_name
	.byte	1                               @ DW_AT_decl_file
	.byte	23                              @ DW_AT_decl_line
                                        @ DW_AT_prototyped
                                        @ DW_AT_external
	.byte	16                              @ Abbrev [16] 0x16d:0xf DW_TAG_formal_parameter
	.long	.Ldebug_loc3                    @ DW_AT_location
	.long	.Linfo_string41                 @ DW_AT_name
	.byte	1                               @ DW_AT_decl_file
	.byte	23                              @ DW_AT_decl_line
	.long	63                              @ DW_AT_type
	.byte	17                              @ Abbrev [17] 0x17c:0xe DW_TAG_variable
	.byte	2                               @ DW_AT_location
	.byte	145
	.byte	4
	.long	.Linfo_string34                 @ DW_AT_name
	.byte	1                               @ DW_AT_decl_file
	.byte	26                              @ DW_AT_decl_line
	.long	478                             @ DW_AT_type
	.byte	18                              @ Abbrev [18] 0x18a:0xf DW_TAG_variable
	.long	.Ldebug_loc4                    @ DW_AT_location
	.long	.Linfo_string35                 @ DW_AT_name
	.byte	1                               @ DW_AT_decl_file
	.byte	25                              @ DW_AT_decl_line
	.long	63                              @ DW_AT_type
	.byte	18                              @ Abbrev [18] 0x199:0xf DW_TAG_variable
	.long	.Ldebug_loc5                    @ DW_AT_location
	.long	.Linfo_string36                 @ DW_AT_name
	.byte	1                               @ DW_AT_decl_file
	.byte	25                              @ DW_AT_decl_line
	.long	63                              @ DW_AT_type
	.byte	0                               @ End Of Children Mark
	.byte	19                              @ Abbrev [19] 0x1a9:0x35 DW_TAG_subprogram
	.long	.Linfo_string32                 @ DW_AT_name
	.byte	1                               @ DW_AT_decl_file
	.byte	10                              @ DW_AT_decl_line
                                        @ DW_AT_prototyped
                                        @ DW_AT_external
	.byte	1                               @ DW_AT_inline
	.byte	20                              @ Abbrev [20] 0x1b1:0xb DW_TAG_formal_parameter
	.long	.Linfo_string33                 @ DW_AT_name
	.byte	1                               @ DW_AT_decl_file
	.byte	10                              @ DW_AT_decl_line
	.long	63                              @ DW_AT_type
	.byte	21                              @ Abbrev [21] 0x1bc:0xb DW_TAG_variable
	.long	.Linfo_string34                 @ DW_AT_name
	.byte	1                               @ DW_AT_decl_file
	.byte	13                              @ DW_AT_decl_line
	.long	478                             @ DW_AT_type
	.byte	21                              @ Abbrev [21] 0x1c7:0xb DW_TAG_variable
	.long	.Linfo_string35                 @ DW_AT_name
	.byte	1                               @ DW_AT_decl_file
	.byte	12                              @ DW_AT_decl_line
	.long	63                              @ DW_AT_type
	.byte	21                              @ Abbrev [21] 0x1d2:0xb DW_TAG_variable
	.long	.Linfo_string36                 @ DW_AT_name
	.byte	1                               @ DW_AT_decl_file
	.byte	12                              @ DW_AT_decl_line
	.long	63                              @ DW_AT_type
	.byte	0                               @ End Of Children Mark
	.byte	3                               @ Abbrev [3] 0x1de:0xc DW_TAG_array_type
	.long	286                             @ DW_AT_type
	.byte	4                               @ Abbrev [4] 0x1e3:0x6 DW_TAG_subrange_type
	.long	70                              @ DW_AT_type
	.byte	4                               @ DW_AT_count
	.byte	0                               @ End Of Children Mark
	.byte	15                              @ Abbrev [15] 0x1ea:0xe2 DW_TAG_subprogram
	.long	.Lfunc_begin2                   @ DW_AT_low_pc
	.long	.Lfunc_end2-.Lfunc_begin2       @ DW_AT_high_pc
	.byte	1                               @ DW_AT_frame_base
	.byte	93
                                        @ DW_AT_GNU_all_call_sites
	.long	.Linfo_string38                 @ DW_AT_name
	.byte	1                               @ DW_AT_decl_file
	.byte	36                              @ DW_AT_decl_line
                                        @ DW_AT_prototyped
                                        @ DW_AT_external
	.byte	22                              @ Abbrev [22] 0x1fb:0x31 DW_TAG_inlined_subroutine
	.long	425                             @ DW_AT_abstract_origin
	.long	.Ltmp16                         @ DW_AT_low_pc
	.long	.Ltmp19-.Ltmp16                 @ DW_AT_high_pc
	.byte	1                               @ DW_AT_call_file
	.byte	38                              @ DW_AT_call_line
	.byte	2                               @ DW_AT_call_column
	.byte	23                              @ Abbrev [23] 0x20b:0x6 DW_TAG_formal_parameter
	.byte	2                               @ DW_AT_const_value
	.long	433                             @ DW_AT_abstract_origin
	.byte	13                              @ Abbrev [13] 0x211:0x8 DW_TAG_variable
	.byte	2                               @ DW_AT_location
	.byte	145
	.byte	32
	.long	444                             @ DW_AT_abstract_origin
	.byte	14                              @ Abbrev [14] 0x219:0x9 DW_TAG_variable
	.long	.Ldebug_loc6                    @ DW_AT_location
	.long	455                             @ DW_AT_abstract_origin
	.byte	14                              @ Abbrev [14] 0x222:0x9 DW_TAG_variable
	.long	.Ldebug_loc7                    @ DW_AT_location
	.long	466                             @ DW_AT_abstract_origin
	.byte	0                               @ End Of Children Mark
	.byte	22                              @ Abbrev [22] 0x22c:0x34 DW_TAG_inlined_subroutine
	.long	425                             @ DW_AT_abstract_origin
	.long	.Ltmp19                         @ DW_AT_low_pc
	.long	.Ltmp23-.Ltmp19                 @ DW_AT_high_pc
	.byte	1                               @ DW_AT_call_file
	.byte	39                              @ DW_AT_call_line
	.byte	2                               @ DW_AT_call_column
	.byte	12                              @ Abbrev [12] 0x23c:0x9 DW_TAG_formal_parameter
	.long	.Ldebug_loc8                    @ DW_AT_location
	.long	433                             @ DW_AT_abstract_origin
	.byte	13                              @ Abbrev [13] 0x245:0x8 DW_TAG_variable
	.byte	2                               @ DW_AT_location
	.byte	145
	.byte	32
	.long	444                             @ DW_AT_abstract_origin
	.byte	14                              @ Abbrev [14] 0x24d:0x9 DW_TAG_variable
	.long	.Ldebug_loc9                    @ DW_AT_location
	.long	455                             @ DW_AT_abstract_origin
	.byte	14                              @ Abbrev [14] 0x256:0x9 DW_TAG_variable
	.long	.Ldebug_loc10                   @ DW_AT_location
	.long	466                             @ DW_AT_abstract_origin
	.byte	0                               @ End Of Children Mark
	.byte	22                              @ Abbrev [22] 0x260:0x31 DW_TAG_inlined_subroutine
	.long	425                             @ DW_AT_abstract_origin
	.long	.Ltmp23                         @ DW_AT_low_pc
	.long	.Ltmp26-.Ltmp23                 @ DW_AT_high_pc
	.byte	1                               @ DW_AT_call_file
	.byte	40                              @ DW_AT_call_line
	.byte	2                               @ DW_AT_call_column
	.byte	23                              @ Abbrev [23] 0x270:0x6 DW_TAG_formal_parameter
	.byte	12                              @ DW_AT_const_value
	.long	433                             @ DW_AT_abstract_origin
	.byte	13                              @ Abbrev [13] 0x276:0x8 DW_TAG_variable
	.byte	2                               @ DW_AT_location
	.byte	145
	.byte	32
	.long	444                             @ DW_AT_abstract_origin
	.byte	14                              @ Abbrev [14] 0x27e:0x9 DW_TAG_variable
	.long	.Ldebug_loc11                   @ DW_AT_location
	.long	455                             @ DW_AT_abstract_origin
	.byte	14                              @ Abbrev [14] 0x287:0x9 DW_TAG_variable
	.long	.Ldebug_loc12                   @ DW_AT_location
	.long	466                             @ DW_AT_abstract_origin
	.byte	0                               @ End Of Children Mark
	.byte	22                              @ Abbrev [22] 0x291:0x3a DW_TAG_inlined_subroutine
	.long	425                             @ DW_AT_abstract_origin
	.long	.Ltmp26                         @ DW_AT_low_pc
	.long	.Ltmp28-.Ltmp26                 @ DW_AT_high_pc
	.byte	1                               @ DW_AT_call_file
	.byte	41                              @ DW_AT_call_line
	.byte	2                               @ DW_AT_call_column
	.byte	23                              @ Abbrev [23] 0x2a1:0xf DW_TAG_formal_parameter
	.ascii	"\200\377\377\377\377\377\377\377\377\001" @ DW_AT_const_value
	.long	433                             @ DW_AT_abstract_origin
	.byte	13                              @ Abbrev [13] 0x2b0:0x8 DW_TAG_variable
	.byte	2                               @ DW_AT_location
	.byte	145
	.byte	32
	.long	444                             @ DW_AT_abstract_origin
	.byte	14                              @ Abbrev [14] 0x2b8:0x9 DW_TAG_variable
	.long	.Ldebug_loc13                   @ DW_AT_location
	.long	455                             @ DW_AT_abstract_origin
	.byte	14                              @ Abbrev [14] 0x2c1:0x9 DW_TAG_variable
	.long	.Ldebug_loc14                   @ DW_AT_location
	.long	466                             @ DW_AT_abstract_origin
	.byte	0                               @ End Of Children Mark
	.byte	0                               @ End Of Children Mark
	.byte	15                              @ Abbrev [15] 0x2cc:0x21 DW_TAG_subprogram
	.long	.Lfunc_begin3                   @ DW_AT_low_pc
	.long	.Lfunc_end3-.Lfunc_begin3       @ DW_AT_high_pc
	.byte	1                               @ DW_AT_frame_base
	.byte	93
                                        @ DW_AT_GNU_all_call_sites
	.long	.Linfo_string39                 @ DW_AT_name
	.byte	1                               @ DW_AT_decl_file
	.byte	44                              @ DW_AT_decl_line
                                        @ DW_AT_prototyped
                                        @ DW_AT_external
	.byte	16                              @ Abbrev [16] 0x2dd:0xf DW_TAG_formal_parameter
	.long	.Ldebug_loc15                   @ DW_AT_location
	.long	.Linfo_string42                 @ DW_AT_name
	.byte	1                               @ DW_AT_decl_file
	.byte	44                              @ DW_AT_decl_line
	.long	836                             @ DW_AT_type
	.byte	0                               @ End Of Children Mark
	.byte	15                              @ Abbrev [15] 0x2ed:0x57 DW_TAG_subprogram
	.long	.Lfunc_begin4                   @ DW_AT_low_pc
	.long	.Lfunc_end4-.Lfunc_begin4       @ DW_AT_high_pc
	.byte	1                               @ DW_AT_frame_base
	.byte	93
                                        @ DW_AT_GNU_all_call_sites
	.long	.Linfo_string40                 @ DW_AT_name
	.byte	1                               @ DW_AT_decl_file
	.byte	49                              @ DW_AT_decl_line
                                        @ DW_AT_prototyped
                                        @ DW_AT_external
	.byte	16                              @ Abbrev [16] 0x2fe:0xf DW_TAG_formal_parameter
	.long	.Ldebug_loc16                   @ DW_AT_location
	.long	.Linfo_string41                 @ DW_AT_name
	.byte	1                               @ DW_AT_decl_file
	.byte	49                              @ DW_AT_decl_line
	.long	853                             @ DW_AT_type
	.byte	16                              @ Abbrev [16] 0x30d:0xf DW_TAG_formal_parameter
	.long	.Ldebug_loc17                   @ DW_AT_location
	.long	.Linfo_string45                 @ DW_AT_name
	.byte	1                               @ DW_AT_decl_file
	.byte	49                              @ DW_AT_decl_line
	.long	860                             @ DW_AT_type
	.byte	17                              @ Abbrev [17] 0x31c:0xe DW_TAG_variable
	.byte	2                               @ DW_AT_location
	.byte	145
	.byte	12
	.long	.Linfo_string43                 @ DW_AT_name
	.byte	1                               @ DW_AT_decl_file
	.byte	51                              @ DW_AT_decl_line
	.long	841                             @ DW_AT_type
	.byte	24                              @ Abbrev [24] 0x32a:0x19 DW_TAG_lexical_block
	.long	.Ltmp38                         @ DW_AT_low_pc
	.long	.Ltmp44-.Ltmp38                 @ DW_AT_high_pc
	.byte	18                              @ Abbrev [18] 0x333:0xf DW_TAG_variable
	.long	.Ldebug_loc18                   @ DW_AT_location
	.long	.Linfo_string47                 @ DW_AT_name
	.byte	1                               @ DW_AT_decl_file
	.byte	53                              @ DW_AT_decl_line
	.long	860                             @ DW_AT_type
	.byte	0                               @ End Of Children Mark
	.byte	0                               @ End Of Children Mark
	.byte	9                               @ Abbrev [9] 0x344:0x5 DW_TAG_pointer_type
	.long	63                              @ DW_AT_type
	.byte	3                               @ Abbrev [3] 0x349:0xc DW_TAG_array_type
	.long	63                              @ DW_AT_type
	.byte	4                               @ Abbrev [4] 0x34e:0x6 DW_TAG_subrange_type
	.long	70                              @ DW_AT_type
	.byte	12                              @ DW_AT_count
	.byte	0                               @ End Of Children Mark
	.byte	5                               @ Abbrev [5] 0x355:0x7 DW_TAG_base_type
	.long	.Linfo_string44                 @ DW_AT_name
	.byte	4                               @ DW_AT_encoding
	.byte	4                               @ DW_AT_byte_size
	.byte	5                               @ Abbrev [5] 0x35c:0x7 DW_TAG_base_type
	.long	.Linfo_string46                 @ DW_AT_name
	.byte	5                               @ DW_AT_encoding
	.byte	4                               @ DW_AT_byte_size
	.byte	0                               @ End Of Children Mark
.Ldebug_info_end0:
	.section	.debug_ranges,"",%progbits
.Ldebug_ranges0:
	.long	.Lfunc_begin0
	.long	.Lfunc_end0
	.long	.Lfunc_begin1
	.long	.Lfunc_end1
	.long	.Lfunc_begin2
	.long	.Lfunc_end2
	.long	.Lfunc_begin3
	.long	.Lfunc_end3
	.long	.Lfunc_begin4
	.long	.Lfunc_end4
	.long	0
	.long	0
	.section	.debug_str,"MS",%progbits,1
.Linfo_string0:
	.asciz	"Component: Arm Compiler for Embedded 6.19 Tool: armclang [5e73cb00]" @ string offset=0
.Linfo_string1:
	.asciz	"../Drivers/OLED\\i2c-lcd.c"    @ string offset=68
.Linfo_string2:
	.asciz	"C:\\Users\\ignas\\Downloads\\V2\\V2\\MDK-ARM" @ string offset=94
.Linfo_string3:
	.asciz	"char"                          @ string offset=133
.Linfo_string4:
	.asciz	"__ARRAY_SIZE_TYPE__"           @ string offset=138
.Linfo_string5:
	.asciz	"unsigned char"                 @ string offset=158
.Linfo_string6:
	.asciz	"HAL_OK"                        @ string offset=172
.Linfo_string7:
	.asciz	"HAL_ERROR"                     @ string offset=179
.Linfo_string8:
	.asciz	"HAL_BUSY"                      @ string offset=189
.Linfo_string9:
	.asciz	"HAL_TIMEOUT"                   @ string offset=198
.Linfo_string10:
	.asciz	"HAL_UNLOCKED"                  @ string offset=210
.Linfo_string11:
	.asciz	"HAL_LOCKED"                    @ string offset=223
.Linfo_string12:
	.asciz	"HAL_DMA_STATE_RESET"           @ string offset=234
.Linfo_string13:
	.asciz	"HAL_DMA_STATE_READY"           @ string offset=254
.Linfo_string14:
	.asciz	"HAL_DMA_STATE_BUSY"            @ string offset=274
.Linfo_string15:
	.asciz	"HAL_DMA_STATE_TIMEOUT"         @ string offset=293
.Linfo_string16:
	.asciz	"HAL_I2C_STATE_RESET"           @ string offset=315
.Linfo_string17:
	.asciz	"HAL_I2C_STATE_READY"           @ string offset=335
.Linfo_string18:
	.asciz	"HAL_I2C_STATE_BUSY"            @ string offset=355
.Linfo_string19:
	.asciz	"HAL_I2C_STATE_BUSY_TX"         @ string offset=374
.Linfo_string20:
	.asciz	"HAL_I2C_STATE_BUSY_RX"         @ string offset=396
.Linfo_string21:
	.asciz	"HAL_I2C_STATE_LISTEN"          @ string offset=418
.Linfo_string22:
	.asciz	"HAL_I2C_STATE_BUSY_TX_LISTEN"  @ string offset=439
.Linfo_string23:
	.asciz	"HAL_I2C_STATE_BUSY_RX_LISTEN"  @ string offset=468
.Linfo_string24:
	.asciz	"HAL_I2C_STATE_ABORT"           @ string offset=497
.Linfo_string25:
	.asciz	"HAL_I2C_STATE_TIMEOUT"         @ string offset=517
.Linfo_string26:
	.asciz	"HAL_I2C_STATE_ERROR"           @ string offset=539
.Linfo_string27:
	.asciz	"HAL_I2C_MODE_NONE"             @ string offset=559
.Linfo_string28:
	.asciz	"HAL_I2C_MODE_MASTER"           @ string offset=577
.Linfo_string29:
	.asciz	"HAL_I2C_MODE_SLAVE"            @ string offset=597
.Linfo_string30:
	.asciz	"HAL_I2C_MODE_MEM"              @ string offset=616
.Linfo_string31:
	.asciz	"uint8_t"                       @ string offset=633
.Linfo_string32:
	.asciz	"lcd_send_cmd"                  @ string offset=641
.Linfo_string33:
	.asciz	"cmd"                           @ string offset=654
.Linfo_string34:
	.asciz	"data_t"                        @ string offset=658
.Linfo_string35:
	.asciz	"data_l"                        @ string offset=665
.Linfo_string36:
	.asciz	"data_u"                        @ string offset=672
.Linfo_string37:
	.asciz	"lcd_send_data"                 @ string offset=679
.Linfo_string38:
	.asciz	"lcd_init"                      @ string offset=693
.Linfo_string39:
	.asciz	"lcd_send_string"               @ string offset=702
.Linfo_string40:
	.asciz	"lcd_send_float"                @ string offset=718
.Linfo_string41:
	.asciz	"data"                          @ string offset=733
.Linfo_string42:
	.asciz	"str"                           @ string offset=738
.Linfo_string43:
	.asciz	"xg_char"                       @ string offset=742
.Linfo_string44:
	.asciz	"float"                         @ string offset=750
.Linfo_string45:
	.asciz	"numberofdigits"                @ string offset=756
.Linfo_string46:
	.asciz	"int"                           @ string offset=771
.Linfo_string47:
	.asciz	"i"                             @ string offset=775
	.ident	"Component: Arm Compiler for Embedded 6.19 Tool: armclang [5e73cb00]"
	.section	".note.GNU-stack","",%progbits
	.eabi_attribute	30, 3	@ Tag_ABI_optimization_goals
	.ARM_attribute	16, 1	@ Tag_AV_eba
	.section	.debug_line,"",%progbits
.Lline_table_start0:
