	.text
	.syntax unified
	.eabi_attribute	67, "2.09"	@ Tag_conformance
	.cpu	cortex-m0plus
	.eabi_attribute	6, 12	@ Tag_CPU_arch
	.eabi_attribute	7, 77	@ Tag_CPU_arch_profile
	.eabi_attribute	8, 0	@ Tag_ARM_ISA_use
	.eabi_attribute	9, 1	@ Tag_THUMB_ISA_use
	.eabi_attribute	34, 0	@ Tag_CPU_unaligned_access
	.eabi_attribute	17, 1	@ Tag_ABI_PCS_GOT_use
	.eabi_attribute	20, 2	@ Tag_ABI_FP_denormal
	.eabi_attribute	21, 0	@ Tag_ABI_FP_exceptions
	.eabi_attribute	23, 1	@ Tag_ABI_FP_number_model
	.eabi_attribute	24, 1	@ Tag_ABI_align_needed
	.eabi_attribute	25, 1	@ Tag_ABI_align_preserved
	.eabi_attribute	38, 1	@ Tag_ABI_FP_16bit_format
	.eabi_attribute	18, 2	@ Tag_ABI_PCS_wchar_t
	.eabi_attribute	26, 1	@ Tag_ABI_enum_size
	.eabi_attribute	14, 0	@ Tag_ABI_PCS_R9_use
	.file	"stm32l0xx_hal_pwr_ex.c"
	.file	1 "C:\\Users\\ignas\\Downloads\\V2\\V2\\MDK-ARM" "../Drivers/STM32L0xx_HAL_Driver/Inc/stm32l0xx_hal_def.h"
	.file	2 "C:\\Keil_v5\\ARM\\ARMCLANG\\Bin\\..\\include" "stdint.h"
	.file	3 "C:\\Users\\ignas\\Downloads\\V2\\V2\\MDK-ARM" "../Drivers/CMSIS/Device/ST/STM32L0xx/Include/stm32l073xx.h"
	.section	.text.HAL_PWREx_GetVoltageRange,"ax",%progbits
	.hidden	HAL_PWREx_GetVoltageRange       @ -- Begin function HAL_PWREx_GetVoltageRange
	.globl	HAL_PWREx_GetVoltageRange
	.p2align	2
	.type	HAL_PWREx_GetVoltageRange,%function
	.code	16                              @ @HAL_PWREx_GetVoltageRange
	.thumb_func
HAL_PWREx_GetVoltageRange:
.Lfunc_begin0:
	.file	4 "C:\\Users\\ignas\\Downloads\\V2\\V2\\MDK-ARM" "../Drivers/STM32L0xx_HAL_Driver/Src/stm32l0xx_hal_pwr_ex.c"
	.loc	4 70 0                          @ ../Drivers/STM32L0xx_HAL_Driver/Src/stm32l0xx_hal_pwr_ex.c:70:0
	.fnstart
	.cfi_sections .debug_frame
	.cfi_startproc
@ %bb.0:
	movs	r0, #3
	lsls	r1, r0, #11
	ldr	r0, __arm_cp.0_0
.Ltmp0:
	.loc	4 71 17 prologue_end            @ ../Drivers/STM32L0xx_HAL_Driver/Src/stm32l0xx_hal_pwr_ex.c:71:17
	ldr	r0, [r0]
	.loc	4 71 20 is_stmt 0               @ ../Drivers/STM32L0xx_HAL_Driver/Src/stm32l0xx_hal_pwr_ex.c:71:20
	ands	r0, r1
	.loc	4 71 3                          @ ../Drivers/STM32L0xx_HAL_Driver/Src/stm32l0xx_hal_pwr_ex.c:71:3
	bx	lr
.Ltmp1:
	.p2align	2
@ %bb.1:
	.loc	4 0 3                           @ ../Drivers/STM32L0xx_HAL_Driver/Src/stm32l0xx_hal_pwr_ex.c:0:3
__arm_cp.0_0:
	.long	1073770496                      @ 0x40007000
.Lcpi_end0:
	.size	__arm_cp.0_0, .Lcpi_end0-__arm_cp.0_0
.Lfunc_end0:
	.size	HAL_PWREx_GetVoltageRange, .Lfunc_end0-HAL_PWREx_GetVoltageRange
	.cfi_endproc
	.cantunwind
	.fnend
                                        @ -- End function
	.section	.text.HAL_PWREx_EnableFastWakeUp,"ax",%progbits
	.hidden	HAL_PWREx_EnableFastWakeUp      @ -- Begin function HAL_PWREx_EnableFastWakeUp
	.globl	HAL_PWREx_EnableFastWakeUp
	.p2align	2
	.type	HAL_PWREx_EnableFastWakeUp,%function
	.code	16                              @ @HAL_PWREx_EnableFastWakeUp
	.thumb_func
HAL_PWREx_EnableFastWakeUp:
.Lfunc_begin1:
	.loc	4 83 0 is_stmt 1                @ ../Drivers/STM32L0xx_HAL_Driver/Src/stm32l0xx_hal_pwr_ex.c:83:0
	.fnstart
	.cfi_startproc
@ %bb.0:
	movs	r0, #1
	lsls	r0, r0, #10
	ldr	r1, __arm_cp.1_0
.Ltmp2:
	.loc	4 85 3 prologue_end             @ ../Drivers/STM32L0xx_HAL_Driver/Src/stm32l0xx_hal_pwr_ex.c:85:3
	ldr	r2, [r1]
	orrs	r2, r0
	str	r2, [r1]
	.loc	4 86 1                          @ ../Drivers/STM32L0xx_HAL_Driver/Src/stm32l0xx_hal_pwr_ex.c:86:1
	bx	lr
.Ltmp3:
	.p2align	2
@ %bb.1:
	.loc	4 0 1 is_stmt 0                 @ ../Drivers/STM32L0xx_HAL_Driver/Src/stm32l0xx_hal_pwr_ex.c:0:1
__arm_cp.1_0:
	.long	1073770496                      @ 0x40007000
.Lcpi_end1:
	.size	__arm_cp.1_0, .Lcpi_end1-__arm_cp.1_0
.Lfunc_end1:
	.size	HAL_PWREx_EnableFastWakeUp, .Lfunc_end1-HAL_PWREx_EnableFastWakeUp
	.cfi_endproc
	.cantunwind
	.fnend
                                        @ -- End function
	.section	.text.HAL_PWREx_DisableFastWakeUp,"ax",%progbits
	.hidden	HAL_PWREx_DisableFastWakeUp     @ -- Begin function HAL_PWREx_DisableFastWakeUp
	.globl	HAL_PWREx_DisableFastWakeUp
	.p2align	2
	.type	HAL_PWREx_DisableFastWakeUp,%function
	.code	16                              @ @HAL_PWREx_DisableFastWakeUp
	.thumb_func
HAL_PWREx_DisableFastWakeUp:
.Lfunc_begin2:
	.loc	4 93 0 is_stmt 1                @ ../Drivers/STM32L0xx_HAL_Driver/Src/stm32l0xx_hal_pwr_ex.c:93:0
	.fnstart
	.cfi_startproc
@ %bb.0:
	movs	r0, #1
	lsls	r0, r0, #10
	ldr	r1, __arm_cp.2_0
.Ltmp4:
	.loc	4 95 3 prologue_end             @ ../Drivers/STM32L0xx_HAL_Driver/Src/stm32l0xx_hal_pwr_ex.c:95:3
	ldr	r2, [r1]
	bics	r2, r0
	str	r2, [r1]
	.loc	4 96 1                          @ ../Drivers/STM32L0xx_HAL_Driver/Src/stm32l0xx_hal_pwr_ex.c:96:1
	bx	lr
.Ltmp5:
	.p2align	2
@ %bb.1:
	.loc	4 0 1 is_stmt 0                 @ ../Drivers/STM32L0xx_HAL_Driver/Src/stm32l0xx_hal_pwr_ex.c:0:1
__arm_cp.2_0:
	.long	1073770496                      @ 0x40007000
.Lcpi_end2:
	.size	__arm_cp.2_0, .Lcpi_end2-__arm_cp.2_0
.Lfunc_end2:
	.size	HAL_PWREx_DisableFastWakeUp, .Lfunc_end2-HAL_PWREx_DisableFastWakeUp
	.cfi_endproc
	.cantunwind
	.fnend
                                        @ -- End function
	.section	.text.HAL_PWREx_EnableUltraLowPower,"ax",%progbits
	.hidden	HAL_PWREx_EnableUltraLowPower   @ -- Begin function HAL_PWREx_EnableUltraLowPower
	.globl	HAL_PWREx_EnableUltraLowPower
	.p2align	2
	.type	HAL_PWREx_EnableUltraLowPower,%function
	.code	16                              @ @HAL_PWREx_EnableUltraLowPower
	.thumb_func
HAL_PWREx_EnableUltraLowPower:
.Lfunc_begin3:
	.loc	4 103 0 is_stmt 1               @ ../Drivers/STM32L0xx_HAL_Driver/Src/stm32l0xx_hal_pwr_ex.c:103:0
	.fnstart
	.cfi_startproc
@ %bb.0:
	movs	r0, #1
	lsls	r0, r0, #9
	ldr	r1, __arm_cp.3_0
.Ltmp6:
	.loc	4 105 3 prologue_end            @ ../Drivers/STM32L0xx_HAL_Driver/Src/stm32l0xx_hal_pwr_ex.c:105:3
	ldr	r2, [r1]
	orrs	r2, r0
	str	r2, [r1]
	.loc	4 106 1                         @ ../Drivers/STM32L0xx_HAL_Driver/Src/stm32l0xx_hal_pwr_ex.c:106:1
	bx	lr
.Ltmp7:
	.p2align	2
@ %bb.1:
	.loc	4 0 1 is_stmt 0                 @ ../Drivers/STM32L0xx_HAL_Driver/Src/stm32l0xx_hal_pwr_ex.c:0:1
__arm_cp.3_0:
	.long	1073770496                      @ 0x40007000
.Lcpi_end3:
	.size	__arm_cp.3_0, .Lcpi_end3-__arm_cp.3_0
.Lfunc_end3:
	.size	HAL_PWREx_EnableUltraLowPower, .Lfunc_end3-HAL_PWREx_EnableUltraLowPower
	.cfi_endproc
	.cantunwind
	.fnend
                                        @ -- End function
	.section	.text.HAL_PWREx_DisableUltraLowPower,"ax",%progbits
	.hidden	HAL_PWREx_DisableUltraLowPower  @ -- Begin function HAL_PWREx_DisableUltraLowPower
	.globl	HAL_PWREx_DisableUltraLowPower
	.p2align	2
	.type	HAL_PWREx_DisableUltraLowPower,%function
	.code	16                              @ @HAL_PWREx_DisableUltraLowPower
	.thumb_func
HAL_PWREx_DisableUltraLowPower:
.Lfunc_begin4:
	.loc	4 113 0 is_stmt 1               @ ../Drivers/STM32L0xx_HAL_Driver/Src/stm32l0xx_hal_pwr_ex.c:113:0
	.fnstart
	.cfi_startproc
@ %bb.0:
	movs	r0, #1
	lsls	r0, r0, #9
	ldr	r1, __arm_cp.4_0
.Ltmp8:
	.loc	4 115 3 prologue_end            @ ../Drivers/STM32L0xx_HAL_Driver/Src/stm32l0xx_hal_pwr_ex.c:115:3
	ldr	r2, [r1]
	bics	r2, r0
	str	r2, [r1]
	.loc	4 116 1                         @ ../Drivers/STM32L0xx_HAL_Driver/Src/stm32l0xx_hal_pwr_ex.c:116:1
	bx	lr
.Ltmp9:
	.p2align	2
@ %bb.1:
	.loc	4 0 1 is_stmt 0                 @ ../Drivers/STM32L0xx_HAL_Driver/Src/stm32l0xx_hal_pwr_ex.c:0:1
__arm_cp.4_0:
	.long	1073770496                      @ 0x40007000
.Lcpi_end4:
	.size	__arm_cp.4_0, .Lcpi_end4-__arm_cp.4_0
.Lfunc_end4:
	.size	HAL_PWREx_DisableUltraLowPower, .Lfunc_end4-HAL_PWREx_DisableUltraLowPower
	.cfi_endproc
	.cantunwind
	.fnend
                                        @ -- End function
	.section	.text.HAL_PWREx_EnableLowPowerRunMode,"ax",%progbits
	.hidden	HAL_PWREx_EnableLowPowerRunMode @ -- Begin function HAL_PWREx_EnableLowPowerRunMode
	.globl	HAL_PWREx_EnableLowPowerRunMode
	.p2align	2
	.type	HAL_PWREx_EnableLowPowerRunMode,%function
	.code	16                              @ @HAL_PWREx_EnableLowPowerRunMode
	.thumb_func
HAL_PWREx_EnableLowPowerRunMode:
.Lfunc_begin5:
	.loc	4 131 0 is_stmt 1               @ ../Drivers/STM32L0xx_HAL_Driver/Src/stm32l0xx_hal_pwr_ex.c:131:0
	.fnstart
	.cfi_startproc
@ %bb.0:
	ldr	r0, __arm_cp.5_0
.Ltmp10:
	.loc	4 133 3 prologue_end            @ ../Drivers/STM32L0xx_HAL_Driver/Src/stm32l0xx_hal_pwr_ex.c:133:3
	ldr	r1, [r0]
	movs	r2, #1
	orrs	r1, r2
	str	r1, [r0]
	lsls	r1, r2, #14
	.loc	4 134 3                         @ ../Drivers/STM32L0xx_HAL_Driver/Src/stm32l0xx_hal_pwr_ex.c:134:3
	ldr	r2, [r0]
	orrs	r2, r1
	str	r2, [r0]
	.loc	4 135 1                         @ ../Drivers/STM32L0xx_HAL_Driver/Src/stm32l0xx_hal_pwr_ex.c:135:1
	bx	lr
.Ltmp11:
	.p2align	2
@ %bb.1:
	.loc	4 0 1 is_stmt 0                 @ ../Drivers/STM32L0xx_HAL_Driver/Src/stm32l0xx_hal_pwr_ex.c:0:1
__arm_cp.5_0:
	.long	1073770496                      @ 0x40007000
.Lcpi_end5:
	.size	__arm_cp.5_0, .Lcpi_end5-__arm_cp.5_0
.Lfunc_end5:
	.size	HAL_PWREx_EnableLowPowerRunMode, .Lfunc_end5-HAL_PWREx_EnableLowPowerRunMode
	.cfi_endproc
	.cantunwind
	.fnend
                                        @ -- End function
	.section	.text.HAL_PWREx_DisableLowPowerRunMode,"ax",%progbits
	.hidden	HAL_PWREx_DisableLowPowerRunMode @ -- Begin function HAL_PWREx_DisableLowPowerRunMode
	.globl	HAL_PWREx_DisableLowPowerRunMode
	.p2align	2
	.type	HAL_PWREx_DisableLowPowerRunMode,%function
	.code	16                              @ @HAL_PWREx_DisableLowPowerRunMode
	.thumb_func
HAL_PWREx_DisableLowPowerRunMode:
.Lfunc_begin6:
	.loc	4 146 0 is_stmt 1               @ ../Drivers/STM32L0xx_HAL_Driver/Src/stm32l0xx_hal_pwr_ex.c:146:0
	.fnstart
	.cfi_startproc
@ %bb.0:
	.save	{r4, r5, r7, lr}
	push	{r4, r5, r7, lr}
	.cfi_def_cfa_offset 16
	.cfi_offset lr, -4
	.cfi_offset r7, -8
	.cfi_offset r5, -12
	.cfi_offset r4, -16
.Ltmp12:
	@DEBUG_VALUE: HAL_PWREx_DisableLowPowerRunMode:wait_loop_index <- 0
	movs	r5, #1
	lsls	r0, r5, #14
	ldr	r4, __arm_cp.6_0
.Ltmp13:
	.loc	4 150 3 prologue_end            @ ../Drivers/STM32L0xx_HAL_Driver/Src/stm32l0xx_hal_pwr_ex.c:150:3
	ldr	r1, [r4]
	bics	r1, r0
	str	r1, [r4]
	.loc	4 151 3                         @ ../Drivers/STM32L0xx_HAL_Driver/Src/stm32l0xx_hal_pwr_ex.c:151:3
	ldr	r0, [r4]
	bics	r0, r5
	str	r0, [r4]
	.loc	4 154 51                        @ ../Drivers/STM32L0xx_HAL_Driver/Src/stm32l0xx_hal_pwr_ex.c:154:51
	ldr	r0, __arm_cp.6_1
	ldr	r0, [r0]
	ldr	r1, __arm_cp.6_2
.Ltmp14:
	@DEBUG_VALUE: HAL_PWREx_DisableLowPowerRunMode:wait_loop_index <- [DW_OP_constu 50, DW_OP_mul, DW_OP_stack_value] undef
	.loc	4 156 34                        @ ../Drivers/STM32L0xx_HAL_Driver/Src/stm32l0xx_hal_pwr_ex.c:156:34
	cmp	r0, r1
	blo	.LBB6_4
.Ltmp15:
@ %bb.1:
	.loc	4 0 34 is_stmt 0                @ ../Drivers/STM32L0xx_HAL_Driver/Src/stm32l0xx_hal_pwr_ex.c:0:34
	ldr	r1, __arm_cp.6_2
	.loc	4 154 67 is_stmt 1              @ ../Drivers/STM32L0xx_HAL_Driver/Src/stm32l0xx_hal_pwr_ex.c:154:67
	bl	__aeabi_uidiv
.Ltmp16:
	@DEBUG_VALUE: HAL_PWREx_DisableLowPowerRunMode:wait_loop_index <- [DW_OP_constu 50, DW_OP_mul, DW_OP_stack_value] $r0
	.loc	4 0 67 is_stmt 0                @ ../Drivers/STM32L0xx_HAL_Driver/Src/stm32l0xx_hal_pwr_ex.c:0:67
	movs	r1, #50
	.loc	4 154 48                        @ ../Drivers/STM32L0xx_HAL_Driver/Src/stm32l0xx_hal_pwr_ex.c:154:48
	muls	r1, r0, r1
.Ltmp17:
	@DEBUG_VALUE: HAL_PWREx_DisableLowPowerRunMode:wait_loop_index <- $r1
	.loc	4 156 3 is_stmt 1               @ ../Drivers/STM32L0xx_HAL_Driver/Src/stm32l0xx_hal_pwr_ex.c:156:3
	subs	r0, r5, r1
.Ltmp18:
.LBB6_2:                                @ =>This Inner Loop Header: Depth=1
	@DEBUG_VALUE: HAL_PWREx_DisableLowPowerRunMode:wait_loop_index <- [DW_OP_constu 1, DW_OP_minus, DW_OP_stack_value] $r0
	.loc	4 156 38 is_stmt 0              @ ../Drivers/STM32L0xx_HAL_Driver/Src/stm32l0xx_hal_pwr_ex.c:156:38
	ldr	r1, [r4, #4]
	.loc	4 156 3                         @ ../Drivers/STM32L0xx_HAL_Driver/Src/stm32l0xx_hal_pwr_ex.c:156:3
	lsls	r1, r1, #26
	bpl	.LBB6_4
.Ltmp19:
@ %bb.3:                                @   in Loop: Header=BB6_2 Depth=1
	@DEBUG_VALUE: HAL_PWREx_DisableLowPowerRunMode:wait_loop_index <- [DW_OP_constu 1, DW_OP_minus, DW_OP_stack_value] $r0
	adds	r1, r0, #1
	cmp	r0, #0
	mov	r0, r1
.Ltmp20:
	bne	.LBB6_2
.LBB6_4:
.Ltmp21:
	.loc	4 161 7 is_stmt 1               @ ../Drivers/STM32L0xx_HAL_Driver/Src/stm32l0xx_hal_pwr_ex.c:161:7
	ldr	r0, [r4, #4]
	lsls	r0, r0, #26
	asrs	r1, r0, #31
	movs	r0, #3
.Ltmp22:
	.loc	4 167 1                         @ ../Drivers/STM32L0xx_HAL_Driver/Src/stm32l0xx_hal_pwr_ex.c:167:1
	ands	r0, r1
	pop	{r4, r5, r7, pc}
.Ltmp23:
	.p2align	2
@ %bb.5:
	.loc	4 0 1 is_stmt 0                 @ ../Drivers/STM32L0xx_HAL_Driver/Src/stm32l0xx_hal_pwr_ex.c:0:1
__arm_cp.6_0:
	.long	1073770496                      @ 0x40007000
.Lcpi_end6:
	.size	__arm_cp.6_0, .Lcpi_end6-__arm_cp.6_0
__arm_cp.6_1:
	.long	SystemCoreClock
.Lcpi_end7:
	.size	__arm_cp.6_1, .Lcpi_end7-__arm_cp.6_1
__arm_cp.6_2:
	.long	1000000                         @ 0xf4240
.Lcpi_end8:
	.size	__arm_cp.6_2, .Lcpi_end8-__arm_cp.6_2
.Lfunc_end6:
	.size	HAL_PWREx_DisableLowPowerRunMode, .Lfunc_end6-HAL_PWREx_DisableLowPowerRunMode
	.cfi_endproc
	.cantunwind
	.fnend
                                        @ -- End function
	.section	.debug_loc,"",%progbits
.Ldebug_loc0:
	.long	-1
	.long	.Lfunc_begin6                   @   base address
	.long	.Ltmp12-.Lfunc_begin6
	.long	.Ltmp14-.Lfunc_begin6
	.short	2                               @ Loc expr size
	.byte	48                              @ DW_OP_lit0
	.byte	159                             @ DW_OP_stack_value
	.long	.Ltmp16-.Lfunc_begin6
	.long	.Ltmp17-.Lfunc_begin6
	.short	6                               @ Loc expr size
	.byte	112                             @ DW_OP_breg0
	.byte	0                               @ 0
	.byte	16                              @ DW_OP_constu
	.byte	50                              @ 50
	.byte	30                              @ DW_OP_mul
	.byte	159                             @ DW_OP_stack_value
	.long	.Ltmp17-.Lfunc_begin6
	.long	.Ltmp18-.Lfunc_begin6
	.short	1                               @ Loc expr size
	.byte	81                              @ DW_OP_reg1
	.long	.Ltmp18-.Lfunc_begin6
	.long	.Ltmp20-.Lfunc_begin6
	.short	3                               @ Loc expr size
	.byte	112                             @ DW_OP_breg0
	.byte	127                             @ -1
	.byte	159                             @ DW_OP_stack_value
	.long	0
	.long	0
	.section	.debug_abbrev,"",%progbits
	.byte	1                               @ Abbreviation Code
	.byte	17                              @ DW_TAG_compile_unit
	.byte	1                               @ DW_CHILDREN_yes
	.byte	37                              @ DW_AT_producer
	.byte	14                              @ DW_FORM_strp
	.byte	19                              @ DW_AT_language
	.byte	5                               @ DW_FORM_data2
	.byte	3                               @ DW_AT_name
	.byte	14                              @ DW_FORM_strp
	.byte	16                              @ DW_AT_stmt_list
	.byte	23                              @ DW_FORM_sec_offset
	.byte	27                              @ DW_AT_comp_dir
	.byte	14                              @ DW_FORM_strp
	.byte	17                              @ DW_AT_low_pc
	.byte	1                               @ DW_FORM_addr
	.byte	85                              @ DW_AT_ranges
	.byte	23                              @ DW_FORM_sec_offset
	.byte	0                               @ EOM(1)
	.byte	0                               @ EOM(2)
	.byte	2                               @ Abbreviation Code
	.byte	4                               @ DW_TAG_enumeration_type
	.byte	1                               @ DW_CHILDREN_yes
	.byte	73                              @ DW_AT_type
	.byte	19                              @ DW_FORM_ref4
	.byte	11                              @ DW_AT_byte_size
	.byte	11                              @ DW_FORM_data1
	.byte	58                              @ DW_AT_decl_file
	.byte	11                              @ DW_FORM_data1
	.byte	59                              @ DW_AT_decl_line
	.byte	11                              @ DW_FORM_data1
	.byte	0                               @ EOM(1)
	.byte	0                               @ EOM(2)
	.byte	3                               @ Abbreviation Code
	.byte	40                              @ DW_TAG_enumerator
	.byte	0                               @ DW_CHILDREN_no
	.byte	3                               @ DW_AT_name
	.byte	14                              @ DW_FORM_strp
	.byte	28                              @ DW_AT_const_value
	.byte	15                              @ DW_FORM_udata
	.byte	0                               @ EOM(1)
	.byte	0                               @ EOM(2)
	.byte	4                               @ Abbreviation Code
	.byte	36                              @ DW_TAG_base_type
	.byte	0                               @ DW_CHILDREN_no
	.byte	3                               @ DW_AT_name
	.byte	14                              @ DW_FORM_strp
	.byte	62                              @ DW_AT_encoding
	.byte	11                              @ DW_FORM_data1
	.byte	11                              @ DW_AT_byte_size
	.byte	11                              @ DW_FORM_data1
	.byte	0                               @ EOM(1)
	.byte	0                               @ EOM(2)
	.byte	5                               @ Abbreviation Code
	.byte	15                              @ DW_TAG_pointer_type
	.byte	0                               @ DW_CHILDREN_no
	.byte	73                              @ DW_AT_type
	.byte	19                              @ DW_FORM_ref4
	.byte	0                               @ EOM(1)
	.byte	0                               @ EOM(2)
	.byte	6                               @ Abbreviation Code
	.byte	22                              @ DW_TAG_typedef
	.byte	0                               @ DW_CHILDREN_no
	.byte	73                              @ DW_AT_type
	.byte	19                              @ DW_FORM_ref4
	.byte	3                               @ DW_AT_name
	.byte	14                              @ DW_FORM_strp
	.byte	58                              @ DW_AT_decl_file
	.byte	11                              @ DW_FORM_data1
	.byte	59                              @ DW_AT_decl_line
	.byte	5                               @ DW_FORM_data2
	.byte	0                               @ EOM(1)
	.byte	0                               @ EOM(2)
	.byte	7                               @ Abbreviation Code
	.byte	19                              @ DW_TAG_structure_type
	.byte	1                               @ DW_CHILDREN_yes
	.byte	11                              @ DW_AT_byte_size
	.byte	11                              @ DW_FORM_data1
	.byte	58                              @ DW_AT_decl_file
	.byte	11                              @ DW_FORM_data1
	.byte	59                              @ DW_AT_decl_line
	.byte	5                               @ DW_FORM_data2
	.byte	0                               @ EOM(1)
	.byte	0                               @ EOM(2)
	.byte	8                               @ Abbreviation Code
	.byte	13                              @ DW_TAG_member
	.byte	0                               @ DW_CHILDREN_no
	.byte	3                               @ DW_AT_name
	.byte	14                              @ DW_FORM_strp
	.byte	73                              @ DW_AT_type
	.byte	19                              @ DW_FORM_ref4
	.byte	58                              @ DW_AT_decl_file
	.byte	11                              @ DW_FORM_data1
	.byte	59                              @ DW_AT_decl_line
	.byte	5                               @ DW_FORM_data2
	.byte	56                              @ DW_AT_data_member_location
	.byte	11                              @ DW_FORM_data1
	.byte	0                               @ EOM(1)
	.byte	0                               @ EOM(2)
	.byte	9                               @ Abbreviation Code
	.byte	53                              @ DW_TAG_volatile_type
	.byte	0                               @ DW_CHILDREN_no
	.byte	73                              @ DW_AT_type
	.byte	19                              @ DW_FORM_ref4
	.byte	0                               @ EOM(1)
	.byte	0                               @ EOM(2)
	.byte	10                              @ Abbreviation Code
	.byte	22                              @ DW_TAG_typedef
	.byte	0                               @ DW_CHILDREN_no
	.byte	73                              @ DW_AT_type
	.byte	19                              @ DW_FORM_ref4
	.byte	3                               @ DW_AT_name
	.byte	14                              @ DW_FORM_strp
	.byte	58                              @ DW_AT_decl_file
	.byte	11                              @ DW_FORM_data1
	.byte	59                              @ DW_AT_decl_line
	.byte	11                              @ DW_FORM_data1
	.byte	0                               @ EOM(1)
	.byte	0                               @ EOM(2)
	.byte	11                              @ Abbreviation Code
	.byte	46                              @ DW_TAG_subprogram
	.byte	0                               @ DW_CHILDREN_no
	.byte	17                              @ DW_AT_low_pc
	.byte	1                               @ DW_FORM_addr
	.byte	18                              @ DW_AT_high_pc
	.byte	6                               @ DW_FORM_data4
	.byte	64                              @ DW_AT_frame_base
	.byte	24                              @ DW_FORM_exprloc
	.ascii	"\227B"                         @ DW_AT_GNU_all_call_sites
	.byte	25                              @ DW_FORM_flag_present
	.byte	3                               @ DW_AT_name
	.byte	14                              @ DW_FORM_strp
	.byte	58                              @ DW_AT_decl_file
	.byte	11                              @ DW_FORM_data1
	.byte	59                              @ DW_AT_decl_line
	.byte	11                              @ DW_FORM_data1
	.byte	39                              @ DW_AT_prototyped
	.byte	25                              @ DW_FORM_flag_present
	.byte	73                              @ DW_AT_type
	.byte	19                              @ DW_FORM_ref4
	.byte	63                              @ DW_AT_external
	.byte	25                              @ DW_FORM_flag_present
	.byte	0                               @ EOM(1)
	.byte	0                               @ EOM(2)
	.byte	12                              @ Abbreviation Code
	.byte	46                              @ DW_TAG_subprogram
	.byte	0                               @ DW_CHILDREN_no
	.byte	17                              @ DW_AT_low_pc
	.byte	1                               @ DW_FORM_addr
	.byte	18                              @ DW_AT_high_pc
	.byte	6                               @ DW_FORM_data4
	.byte	64                              @ DW_AT_frame_base
	.byte	24                              @ DW_FORM_exprloc
	.ascii	"\227B"                         @ DW_AT_GNU_all_call_sites
	.byte	25                              @ DW_FORM_flag_present
	.byte	3                               @ DW_AT_name
	.byte	14                              @ DW_FORM_strp
	.byte	58                              @ DW_AT_decl_file
	.byte	11                              @ DW_FORM_data1
	.byte	59                              @ DW_AT_decl_line
	.byte	11                              @ DW_FORM_data1
	.byte	39                              @ DW_AT_prototyped
	.byte	25                              @ DW_FORM_flag_present
	.byte	63                              @ DW_AT_external
	.byte	25                              @ DW_FORM_flag_present
	.byte	0                               @ EOM(1)
	.byte	0                               @ EOM(2)
	.byte	13                              @ Abbreviation Code
	.byte	46                              @ DW_TAG_subprogram
	.byte	1                               @ DW_CHILDREN_yes
	.byte	17                              @ DW_AT_low_pc
	.byte	1                               @ DW_FORM_addr
	.byte	18                              @ DW_AT_high_pc
	.byte	6                               @ DW_FORM_data4
	.byte	64                              @ DW_AT_frame_base
	.byte	24                              @ DW_FORM_exprloc
	.ascii	"\227B"                         @ DW_AT_GNU_all_call_sites
	.byte	25                              @ DW_FORM_flag_present
	.byte	3                               @ DW_AT_name
	.byte	14                              @ DW_FORM_strp
	.byte	58                              @ DW_AT_decl_file
	.byte	11                              @ DW_FORM_data1
	.byte	59                              @ DW_AT_decl_line
	.byte	11                              @ DW_FORM_data1
	.byte	39                              @ DW_AT_prototyped
	.byte	25                              @ DW_FORM_flag_present
	.byte	73                              @ DW_AT_type
	.byte	19                              @ DW_FORM_ref4
	.byte	63                              @ DW_AT_external
	.byte	25                              @ DW_FORM_flag_present
	.byte	0                               @ EOM(1)
	.byte	0                               @ EOM(2)
	.byte	14                              @ Abbreviation Code
	.byte	52                              @ DW_TAG_variable
	.byte	0                               @ DW_CHILDREN_no
	.byte	2                               @ DW_AT_location
	.byte	23                              @ DW_FORM_sec_offset
	.byte	3                               @ DW_AT_name
	.byte	14                              @ DW_FORM_strp
	.byte	58                              @ DW_AT_decl_file
	.byte	11                              @ DW_FORM_data1
	.byte	59                              @ DW_AT_decl_line
	.byte	11                              @ DW_FORM_data1
	.byte	73                              @ DW_AT_type
	.byte	19                              @ DW_FORM_ref4
	.byte	0                               @ EOM(1)
	.byte	0                               @ EOM(2)
	.byte	0                               @ EOM(3)
	.section	.debug_info,"",%progbits
.Lcu_begin0:
	.long	.Ldebug_info_end0-.Ldebug_info_start0 @ Length of Unit
.Ldebug_info_start0:
	.short	4                               @ DWARF version number
	.long	.debug_abbrev                   @ Offset Into Abbrev. Section
	.byte	4                               @ Address Size (in bytes)
	.byte	1                               @ Abbrev [1] 0xb:0x126 DW_TAG_compile_unit
	.long	.Linfo_string0                  @ DW_AT_producer
	.short	12                              @ DW_AT_language
	.long	.Linfo_string1                  @ DW_AT_name
	.long	.Lline_table_start0             @ DW_AT_stmt_list
	.long	.Linfo_string2                  @ DW_AT_comp_dir
	.long	0                               @ DW_AT_low_pc
	.long	.Ldebug_ranges0                 @ DW_AT_ranges
	.byte	2                               @ Abbrev [2] 0x26:0x21 DW_TAG_enumeration_type
	.long	71                              @ DW_AT_type
	.byte	1                               @ DW_AT_byte_size
	.byte	1                               @ DW_AT_decl_file
	.byte	38                              @ DW_AT_decl_line
	.byte	3                               @ Abbrev [3] 0x2e:0x6 DW_TAG_enumerator
	.long	.Linfo_string4                  @ DW_AT_name
	.byte	0                               @ DW_AT_const_value
	.byte	3                               @ Abbrev [3] 0x34:0x6 DW_TAG_enumerator
	.long	.Linfo_string5                  @ DW_AT_name
	.byte	1                               @ DW_AT_const_value
	.byte	3                               @ Abbrev [3] 0x3a:0x6 DW_TAG_enumerator
	.long	.Linfo_string6                  @ DW_AT_name
	.byte	2                               @ DW_AT_const_value
	.byte	3                               @ Abbrev [3] 0x40:0x6 DW_TAG_enumerator
	.long	.Linfo_string7                  @ DW_AT_name
	.byte	3                               @ DW_AT_const_value
	.byte	0                               @ End Of Children Mark
	.byte	4                               @ Abbrev [4] 0x47:0x7 DW_TAG_base_type
	.long	.Linfo_string3                  @ DW_AT_name
	.byte	8                               @ DW_AT_encoding
	.byte	1                               @ DW_AT_byte_size
	.byte	5                               @ Abbrev [5] 0x4e:0x5 DW_TAG_pointer_type
	.long	83                              @ DW_AT_type
	.byte	6                               @ Abbrev [6] 0x53:0xc DW_TAG_typedef
	.long	95                              @ DW_AT_type
	.long	.Linfo_string12                 @ DW_AT_name
	.byte	3                               @ DW_AT_decl_file
	.short	416                             @ DW_AT_decl_line
	.byte	7                               @ Abbrev [7] 0x5f:0x20 DW_TAG_structure_type
	.byte	8                               @ DW_AT_byte_size
	.byte	3                               @ DW_AT_decl_file
	.short	412                             @ DW_AT_decl_line
	.byte	8                               @ Abbrev [8] 0x64:0xd DW_TAG_member
	.long	.Linfo_string8                  @ DW_AT_name
	.long	127                             @ DW_AT_type
	.byte	3                               @ DW_AT_decl_file
	.short	414                             @ DW_AT_decl_line
	.byte	0                               @ DW_AT_data_member_location
	.byte	8                               @ Abbrev [8] 0x71:0xd DW_TAG_member
	.long	.Linfo_string11                 @ DW_AT_name
	.long	127                             @ DW_AT_type
	.byte	3                               @ DW_AT_decl_file
	.short	415                             @ DW_AT_decl_line
	.byte	4                               @ DW_AT_data_member_location
	.byte	0                               @ End Of Children Mark
	.byte	9                               @ Abbrev [9] 0x7f:0x5 DW_TAG_volatile_type
	.long	132                             @ DW_AT_type
	.byte	10                              @ Abbrev [10] 0x84:0xb DW_TAG_typedef
	.long	143                             @ DW_AT_type
	.long	.Linfo_string10                 @ DW_AT_name
	.byte	2                               @ DW_AT_decl_file
	.byte	64                              @ DW_AT_decl_line
	.byte	4                               @ Abbrev [4] 0x8f:0x7 DW_TAG_base_type
	.long	.Linfo_string9                  @ DW_AT_name
	.byte	7                               @ DW_AT_encoding
	.byte	4                               @ DW_AT_byte_size
	.byte	11                              @ Abbrev [11] 0x96:0x15 DW_TAG_subprogram
	.long	.Lfunc_begin0                   @ DW_AT_low_pc
	.long	.Lfunc_end0-.Lfunc_begin0       @ DW_AT_high_pc
	.byte	1                               @ DW_AT_frame_base
	.byte	93
                                        @ DW_AT_GNU_all_call_sites
	.long	.Linfo_string13                 @ DW_AT_name
	.byte	4                               @ DW_AT_decl_file
	.byte	69                              @ DW_AT_decl_line
                                        @ DW_AT_prototyped
	.long	132                             @ DW_AT_type
                                        @ DW_AT_external
	.byte	12                              @ Abbrev [12] 0xab:0x11 DW_TAG_subprogram
	.long	.Lfunc_begin1                   @ DW_AT_low_pc
	.long	.Lfunc_end1-.Lfunc_begin1       @ DW_AT_high_pc
	.byte	1                               @ DW_AT_frame_base
	.byte	93
                                        @ DW_AT_GNU_all_call_sites
	.long	.Linfo_string14                 @ DW_AT_name
	.byte	4                               @ DW_AT_decl_file
	.byte	82                              @ DW_AT_decl_line
                                        @ DW_AT_prototyped
                                        @ DW_AT_external
	.byte	12                              @ Abbrev [12] 0xbc:0x11 DW_TAG_subprogram
	.long	.Lfunc_begin2                   @ DW_AT_low_pc
	.long	.Lfunc_end2-.Lfunc_begin2       @ DW_AT_high_pc
	.byte	1                               @ DW_AT_frame_base
	.byte	93
                                        @ DW_AT_GNU_all_call_sites
	.long	.Linfo_string15                 @ DW_AT_name
	.byte	4                               @ DW_AT_decl_file
	.byte	92                              @ DW_AT_decl_line
                                        @ DW_AT_prototyped
                                        @ DW_AT_external
	.byte	12                              @ Abbrev [12] 0xcd:0x11 DW_TAG_subprogram
	.long	.Lfunc_begin3                   @ DW_AT_low_pc
	.long	.Lfunc_end3-.Lfunc_begin3       @ DW_AT_high_pc
	.byte	1                               @ DW_AT_frame_base
	.byte	93
                                        @ DW_AT_GNU_all_call_sites
	.long	.Linfo_string16                 @ DW_AT_name
	.byte	4                               @ DW_AT_decl_file
	.byte	102                             @ DW_AT_decl_line
                                        @ DW_AT_prototyped
                                        @ DW_AT_external
	.byte	12                              @ Abbrev [12] 0xde:0x11 DW_TAG_subprogram
	.long	.Lfunc_begin4                   @ DW_AT_low_pc
	.long	.Lfunc_end4-.Lfunc_begin4       @ DW_AT_high_pc
	.byte	1                               @ DW_AT_frame_base
	.byte	93
                                        @ DW_AT_GNU_all_call_sites
	.long	.Linfo_string17                 @ DW_AT_name
	.byte	4                               @ DW_AT_decl_file
	.byte	112                             @ DW_AT_decl_line
                                        @ DW_AT_prototyped
                                        @ DW_AT_external
	.byte	12                              @ Abbrev [12] 0xef:0x11 DW_TAG_subprogram
	.long	.Lfunc_begin5                   @ DW_AT_low_pc
	.long	.Lfunc_end5-.Lfunc_begin5       @ DW_AT_high_pc
	.byte	1                               @ DW_AT_frame_base
	.byte	93
                                        @ DW_AT_GNU_all_call_sites
	.long	.Linfo_string18                 @ DW_AT_name
	.byte	4                               @ DW_AT_decl_file
	.byte	130                             @ DW_AT_decl_line
                                        @ DW_AT_prototyped
                                        @ DW_AT_external
	.byte	13                              @ Abbrev [13] 0x100:0x25 DW_TAG_subprogram
	.long	.Lfunc_begin6                   @ DW_AT_low_pc
	.long	.Lfunc_end6-.Lfunc_begin6       @ DW_AT_high_pc
	.byte	1                               @ DW_AT_frame_base
	.byte	93
                                        @ DW_AT_GNU_all_call_sites
	.long	.Linfo_string19                 @ DW_AT_name
	.byte	4                               @ DW_AT_decl_file
	.byte	145                             @ DW_AT_decl_line
                                        @ DW_AT_prototyped
	.long	293                             @ DW_AT_type
                                        @ DW_AT_external
	.byte	14                              @ Abbrev [14] 0x115:0xf DW_TAG_variable
	.long	.Ldebug_loc0                    @ DW_AT_location
	.long	.Linfo_string21                 @ DW_AT_name
	.byte	4                               @ DW_AT_decl_file
	.byte	147                             @ DW_AT_decl_line
	.long	132                             @ DW_AT_type
	.byte	0                               @ End Of Children Mark
	.byte	10                              @ Abbrev [10] 0x125:0xb DW_TAG_typedef
	.long	38                              @ DW_AT_type
	.long	.Linfo_string20                 @ DW_AT_name
	.byte	1                               @ DW_AT_decl_file
	.byte	44                              @ DW_AT_decl_line
	.byte	0                               @ End Of Children Mark
.Ldebug_info_end0:
	.section	.debug_ranges,"",%progbits
.Ldebug_ranges0:
	.long	.Lfunc_begin0
	.long	.Lfunc_end0
	.long	.Lfunc_begin1
	.long	.Lfunc_end1
	.long	.Lfunc_begin2
	.long	.Lfunc_end2
	.long	.Lfunc_begin3
	.long	.Lfunc_end3
	.long	.Lfunc_begin4
	.long	.Lfunc_end4
	.long	.Lfunc_begin5
	.long	.Lfunc_end5
	.long	.Lfunc_begin6
	.long	.Lfunc_end6
	.long	0
	.long	0
	.section	.debug_str,"MS",%progbits,1
.Linfo_string0:
	.asciz	"Component: Arm Compiler for Embedded 6.19 Tool: armclang [5e73cb00]" @ string offset=0
.Linfo_string1:
	.asciz	"../Drivers/STM32L0xx_HAL_Driver/Src\\stm32l0xx_hal_pwr_ex.c" @ string offset=68
.Linfo_string2:
	.asciz	"C:\\Users\\ignas\\Downloads\\V2\\V2\\MDK-ARM" @ string offset=127
.Linfo_string3:
	.asciz	"unsigned char"                 @ string offset=166
.Linfo_string4:
	.asciz	"HAL_OK"                        @ string offset=180
.Linfo_string5:
	.asciz	"HAL_ERROR"                     @ string offset=187
.Linfo_string6:
	.asciz	"HAL_BUSY"                      @ string offset=197
.Linfo_string7:
	.asciz	"HAL_TIMEOUT"                   @ string offset=206
.Linfo_string8:
	.asciz	"CR"                            @ string offset=218
.Linfo_string9:
	.asciz	"unsigned int"                  @ string offset=221
.Linfo_string10:
	.asciz	"uint32_t"                      @ string offset=234
.Linfo_string11:
	.asciz	"CSR"                           @ string offset=243
.Linfo_string12:
	.asciz	"PWR_TypeDef"                   @ string offset=247
.Linfo_string13:
	.asciz	"HAL_PWREx_GetVoltageRange"     @ string offset=259
.Linfo_string14:
	.asciz	"HAL_PWREx_EnableFastWakeUp"    @ string offset=285
.Linfo_string15:
	.asciz	"HAL_PWREx_DisableFastWakeUp"   @ string offset=312
.Linfo_string16:
	.asciz	"HAL_PWREx_EnableUltraLowPower" @ string offset=340
.Linfo_string17:
	.asciz	"HAL_PWREx_DisableUltraLowPower" @ string offset=370
.Linfo_string18:
	.asciz	"HAL_PWREx_EnableLowPowerRunMode" @ string offset=401
.Linfo_string19:
	.asciz	"HAL_PWREx_DisableLowPowerRunMode" @ string offset=433
.Linfo_string20:
	.asciz	"HAL_StatusTypeDef"             @ string offset=466
.Linfo_string21:
	.asciz	"wait_loop_index"               @ string offset=484
	.ident	"Component: Arm Compiler for Embedded 6.19 Tool: armclang [5e73cb00]"
	.section	".note.GNU-stack","",%progbits
	.eabi_attribute	30, 3	@ Tag_ABI_optimization_goals
	.ARM_attribute	16, 1	@ Tag_AV_eba
	.section	.debug_line,"",%progbits
.Lline_table_start0:
