	.text
	.syntax unified
	.eabi_attribute	67, "2.09"	@ Tag_conformance
	.cpu	cortex-m0plus
	.eabi_attribute	6, 12	@ Tag_CPU_arch
	.eabi_attribute	7, 77	@ Tag_CPU_arch_profile
	.eabi_attribute	8, 0	@ Tag_ARM_ISA_use
	.eabi_attribute	9, 1	@ Tag_THUMB_ISA_use
	.eabi_attribute	34, 0	@ Tag_CPU_unaligned_access
	.eabi_attribute	17, 1	@ Tag_ABI_PCS_GOT_use
	.eabi_attribute	20, 2	@ Tag_ABI_FP_denormal
	.eabi_attribute	21, 0	@ Tag_ABI_FP_exceptions
	.eabi_attribute	23, 1	@ Tag_ABI_FP_number_model
	.eabi_attribute	24, 1	@ Tag_ABI_align_needed
	.eabi_attribute	25, 1	@ Tag_ABI_align_preserved
	.eabi_attribute	38, 1	@ Tag_ABI_FP_16bit_format
	.eabi_attribute	18, 2	@ Tag_ABI_PCS_wchar_t
	.eabi_attribute	26, 1	@ Tag_ABI_enum_size
	.eabi_attribute	14, 0	@ Tag_ABI_PCS_R9_use
	.file	"stm32l0xx_hal_tim_ex.c"
	.file	1 "C:\\Users\\ignas\\Downloads\\V2\\V2\\MDK-ARM" "../Drivers/STM32L0xx_HAL_Driver/Inc/stm32l0xx_hal_def.h"
	.file	2 "C:\\Users\\ignas\\Downloads\\V2\\V2\\MDK-ARM" "../Drivers/STM32L0xx_HAL_Driver/Inc\\stm32l0xx_hal_tim.h"
	.file	3 "C:\\Users\\ignas\\Downloads\\V2\\V2\\MDK-ARM" "../Drivers/STM32L0xx_HAL_Driver/Inc\\stm32l0xx_hal_dma.h"
	.file	4 "C:\\Keil_v5\\ARM\\ARMCLANG\\Bin\\..\\include" "stdint.h"
	.file	5 "C:\\Users\\ignas\\Downloads\\V2\\V2\\MDK-ARM" "../Drivers/CMSIS/Device/ST/STM32L0xx/Include/stm32l073xx.h"
	.section	.text.HAL_TIMEx_MasterConfigSynchronization,"ax",%progbits
	.hidden	HAL_TIMEx_MasterConfigSynchronization @ -- Begin function HAL_TIMEx_MasterConfigSynchronization
	.globl	HAL_TIMEx_MasterConfigSynchronization
	.p2align	2
	.type	HAL_TIMEx_MasterConfigSynchronization,%function
	.code	16                              @ @HAL_TIMEx_MasterConfigSynchronization
	.thumb_func
HAL_TIMEx_MasterConfigSynchronization:
.Lfunc_begin0:
	.file	6 "C:\\Users\\ignas\\Downloads\\V2\\V2\\MDK-ARM" "../Drivers/STM32L0xx_HAL_Driver/Src/stm32l0xx_hal_tim_ex.c"
	.loc	6 84 0                          @ ../Drivers/STM32L0xx_HAL_Driver/Src/stm32l0xx_hal_tim_ex.c:84:0
	.fnstart
	.cfi_sections .debug_frame
	.cfi_startproc
@ %bb.0:
	@DEBUG_VALUE: HAL_TIMEx_MasterConfigSynchronization:htim <- $r0
	@DEBUG_VALUE: HAL_TIMEx_MasterConfigSynchronization:sMasterConfig <- $r1
	.save	{r4, lr}
	push	{r4, lr}
	.cfi_def_cfa_offset 8
	.cfi_offset lr, -4
	.cfi_offset r4, -8
	movs	r2, #56
.Ltmp0:
	.loc	6 94 3 prologue_end             @ ../Drivers/STM32L0xx_HAL_Driver/Src/stm32l0xx_hal_tim_ex.c:94:3
	ldrb	r2, [r0, r2]
.Ltmp1:
	.loc	6 94 3 is_stmt 0                @ ../Drivers/STM32L0xx_HAL_Driver/Src/stm32l0xx_hal_tim_ex.c:94:3
	cmp	r2, #1
	bne	.LBB0_2
.Ltmp2:
@ %bb.1:
	@DEBUG_VALUE: HAL_TIMEx_MasterConfigSynchronization:sMasterConfig <- $r1
	@DEBUG_VALUE: HAL_TIMEx_MasterConfigSynchronization:htim <- $r0
	.loc	6 0 3                           @ ../Drivers/STM32L0xx_HAL_Driver/Src/stm32l0xx_hal_tim_ex.c:0:3
	movs	r0, #2
.Ltmp3:
	@DEBUG_VALUE: HAL_TIMEx_MasterConfigSynchronization:htim <- [DW_OP_LLVM_entry_value 1] $r0
	.loc	6 130 1 is_stmt 1               @ ../Drivers/STM32L0xx_HAL_Driver/Src/stm32l0xx_hal_tim_ex.c:130:1
	pop	{r4, pc}
.Ltmp4:
.LBB0_2:
	@DEBUG_VALUE: HAL_TIMEx_MasterConfigSynchronization:sMasterConfig <- $r1
	@DEBUG_VALUE: HAL_TIMEx_MasterConfigSynchronization:htim <- $r0
	.loc	6 0 1 is_stmt 0                 @ ../Drivers/STM32L0xx_HAL_Driver/Src/stm32l0xx_hal_tim_ex.c:0:1
	mov	r2, r0
	adds	r2, #56
	movs	r3, #2
	.loc	6 97 15 is_stmt 1               @ ../Drivers/STM32L0xx_HAL_Driver/Src/stm32l0xx_hal_tim_ex.c:97:15
	strb	r3, [r2, #1]
	.loc	6 100 18                        @ ../Drivers/STM32L0xx_HAL_Driver/Src/stm32l0xx_hal_tim_ex.c:100:18
	ldr	r0, [r0]
.Ltmp5:
	@DEBUG_VALUE: HAL_TIMEx_MasterConfigSynchronization:htim <- [DW_OP_LLVM_entry_value 1] $r0
	.loc	6 100 28 is_stmt 0              @ ../Drivers/STM32L0xx_HAL_Driver/Src/stm32l0xx_hal_tim_ex.c:100:28
	ldr	r3, [r0, #4]
.Ltmp6:
	@DEBUG_VALUE: HAL_TIMEx_MasterConfigSynchronization:tmpcr2 <- $r3
	.loc	6 0 28                          @ ../Drivers/STM32L0xx_HAL_Driver/Src/stm32l0xx_hal_tim_ex.c:0:28
	movs	r4, #112
	.loc	6 106 10 is_stmt 1              @ ../Drivers/STM32L0xx_HAL_Driver/Src/stm32l0xx_hal_tim_ex.c:106:10
	bics	r3, r4
.Ltmp7:
	@DEBUG_VALUE: HAL_TIMEx_MasterConfigSynchronization:tmpcr2 <- $r3
	.loc	6 108 29                        @ ../Drivers/STM32L0xx_HAL_Driver/Src/stm32l0xx_hal_tim_ex.c:108:29
	ldr	r4, [r1]
	.loc	6 108 10 is_stmt 0              @ ../Drivers/STM32L0xx_HAL_Driver/Src/stm32l0xx_hal_tim_ex.c:108:10
	orrs	r4, r3
.Ltmp8:
	@DEBUG_VALUE: HAL_TIMEx_MasterConfigSynchronization:tmpcr2 <- $r4
	.loc	6 103 29 is_stmt 1              @ ../Drivers/STM32L0xx_HAL_Driver/Src/stm32l0xx_hal_tim_ex.c:103:29
	ldr	r3, [r0, #8]
.Ltmp9:
	@DEBUG_VALUE: HAL_TIMEx_MasterConfigSynchronization:tmpsmcr <- $r3
	.loc	6 111 23                        @ ../Drivers/STM32L0xx_HAL_Driver/Src/stm32l0xx_hal_tim_ex.c:111:23
	str	r4, [r0, #4]
	ldr	r4, __arm_cp.0_0
.Ltmp10:
	.loc	6 113 7                         @ ../Drivers/STM32L0xx_HAL_Driver/Src/stm32l0xx_hal_tim_ex.c:113:7
	cmp	r0, r4
	bgt	.LBB0_5
.Ltmp11:
@ %bb.3:
	@DEBUG_VALUE: HAL_TIMEx_MasterConfigSynchronization:tmpsmcr <- $r3
	@DEBUG_VALUE: HAL_TIMEx_MasterConfigSynchronization:htim <- [DW_OP_LLVM_entry_value 1] $r0
	@DEBUG_VALUE: HAL_TIMEx_MasterConfigSynchronization:sMasterConfig <- $r1
	.loc	6 0 7 is_stmt 0                 @ ../Drivers/STM32L0xx_HAL_Driver/Src/stm32l0xx_hal_tim_ex.c:0:7
	movs	r4, #1
	lsls	r4, r4, #30
	.loc	6 113 7                         @ ../Drivers/STM32L0xx_HAL_Driver/Src/stm32l0xx_hal_tim_ex.c:113:7
	cmp	r0, r4
	beq	.LBB0_8
.Ltmp12:
@ %bb.4:
	@DEBUG_VALUE: HAL_TIMEx_MasterConfigSynchronization:tmpsmcr <- $r3
	@DEBUG_VALUE: HAL_TIMEx_MasterConfigSynchronization:htim <- [DW_OP_LLVM_entry_value 1] $r0
	@DEBUG_VALUE: HAL_TIMEx_MasterConfigSynchronization:sMasterConfig <- $r1
	.loc	6 0 7                           @ ../Drivers/STM32L0xx_HAL_Driver/Src/stm32l0xx_hal_tim_ex.c:0:7
	ldr	r4, __arm_cp.0_3
	b	.LBB0_7
.Ltmp13:
.LBB0_5:
	@DEBUG_VALUE: HAL_TIMEx_MasterConfigSynchronization:tmpsmcr <- $r3
	@DEBUG_VALUE: HAL_TIMEx_MasterConfigSynchronization:htim <- [DW_OP_LLVM_entry_value 1] $r0
	@DEBUG_VALUE: HAL_TIMEx_MasterConfigSynchronization:sMasterConfig <- $r1
	ldr	r4, __arm_cp.0_1
	.loc	6 113 7                         @ ../Drivers/STM32L0xx_HAL_Driver/Src/stm32l0xx_hal_tim_ex.c:113:7
	cmp	r0, r4
	beq	.LBB0_8
.Ltmp14:
@ %bb.6:
	@DEBUG_VALUE: HAL_TIMEx_MasterConfigSynchronization:tmpsmcr <- $r3
	@DEBUG_VALUE: HAL_TIMEx_MasterConfigSynchronization:htim <- [DW_OP_LLVM_entry_value 1] $r0
	@DEBUG_VALUE: HAL_TIMEx_MasterConfigSynchronization:sMasterConfig <- $r1
	.loc	6 0 7                           @ ../Drivers/STM32L0xx_HAL_Driver/Src/stm32l0xx_hal_tim_ex.c:0:7
	ldr	r4, __arm_cp.0_2
.Ltmp15:
.LBB0_7:
	@DEBUG_VALUE: HAL_TIMEx_MasterConfigSynchronization:tmpsmcr <- $r3
	@DEBUG_VALUE: HAL_TIMEx_MasterConfigSynchronization:htim <- [DW_OP_LLVM_entry_value 1] $r0
	@DEBUG_VALUE: HAL_TIMEx_MasterConfigSynchronization:sMasterConfig <- $r1
	.loc	6 113 7                         @ ../Drivers/STM32L0xx_HAL_Driver/Src/stm32l0xx_hal_tim_ex.c:113:7
	cmp	r0, r4
	bne	.LBB0_9
.Ltmp16:
.LBB0_8:
	@DEBUG_VALUE: HAL_TIMEx_MasterConfigSynchronization:tmpsmcr <- $r3
	@DEBUG_VALUE: HAL_TIMEx_MasterConfigSynchronization:htim <- [DW_OP_LLVM_entry_value 1] $r0
	@DEBUG_VALUE: HAL_TIMEx_MasterConfigSynchronization:sMasterConfig <- $r1
	.loc	6 0 7                           @ ../Drivers/STM32L0xx_HAL_Driver/Src/stm32l0xx_hal_tim_ex.c:0:7
	movs	r4, #128
.Ltmp17:
	.loc	6 116 13 is_stmt 1              @ ../Drivers/STM32L0xx_HAL_Driver/Src/stm32l0xx_hal_tim_ex.c:116:13
	bics	r3, r4
.Ltmp18:
	@DEBUG_VALUE: HAL_TIMEx_MasterConfigSynchronization:tmpsmcr <- $r3
	.loc	6 118 31                        @ ../Drivers/STM32L0xx_HAL_Driver/Src/stm32l0xx_hal_tim_ex.c:118:31
	ldr	r1, [r1, #4]
.Ltmp19:
	@DEBUG_VALUE: HAL_TIMEx_MasterConfigSynchronization:sMasterConfig <- [DW_OP_LLVM_entry_value 1] $r1
	.loc	6 118 13 is_stmt 0              @ ../Drivers/STM32L0xx_HAL_Driver/Src/stm32l0xx_hal_tim_ex.c:118:13
	orrs	r1, r3
.Ltmp20:
	@DEBUG_VALUE: HAL_TIMEx_MasterConfigSynchronization:tmpsmcr <- $r1
	.loc	6 121 26 is_stmt 1              @ ../Drivers/STM32L0xx_HAL_Driver/Src/stm32l0xx_hal_tim_ex.c:121:26
	str	r1, [r0, #8]
.Ltmp21:
.LBB0_9:
	@DEBUG_VALUE: HAL_TIMEx_MasterConfigSynchronization:htim <- [DW_OP_LLVM_entry_value 1] $r0
	.loc	6 0 26 is_stmt 0                @ ../Drivers/STM32L0xx_HAL_Driver/Src/stm32l0xx_hal_tim_ex.c:0:26
	movs	r0, #0
.Ltmp22:
	.loc	6 127 3 is_stmt 1               @ ../Drivers/STM32L0xx_HAL_Driver/Src/stm32l0xx_hal_tim_ex.c:127:3
	strb	r0, [r2]
	movs	r1, #1
.Ltmp23:
	.loc	6 125 15                        @ ../Drivers/STM32L0xx_HAL_Driver/Src/stm32l0xx_hal_tim_ex.c:125:15
	strb	r1, [r2, #1]
	.loc	6 130 1                         @ ../Drivers/STM32L0xx_HAL_Driver/Src/stm32l0xx_hal_tim_ex.c:130:1
	pop	{r4, pc}
.Ltmp24:
	.p2align	2
@ %bb.10:
	.loc	6 0 1 is_stmt 0                 @ ../Drivers/STM32L0xx_HAL_Driver/Src/stm32l0xx_hal_tim_ex.c:0:1
__arm_cp.0_0:
	.long	1073809407                      @ 0x400107ff
.Lcpi_end0:
	.size	__arm_cp.0_0, .Lcpi_end0-__arm_cp.0_0
__arm_cp.0_1:
	.long	1073812480                      @ 0x40011400
.Lcpi_end1:
	.size	__arm_cp.0_1, .Lcpi_end1-__arm_cp.0_1
__arm_cp.0_2:
	.long	1073809408                      @ 0x40010800
.Lcpi_end2:
	.size	__arm_cp.0_2, .Lcpi_end2-__arm_cp.0_2
__arm_cp.0_3:
	.long	1073742848                      @ 0x40000400
.Lcpi_end3:
	.size	__arm_cp.0_3, .Lcpi_end3-__arm_cp.0_3
.Lfunc_end0:
	.size	HAL_TIMEx_MasterConfigSynchronization, .Lfunc_end0-HAL_TIMEx_MasterConfigSynchronization
	.cfi_endproc
	.cantunwind
	.fnend
                                        @ -- End function
	.section	.text.HAL_TIMEx_RemapConfig,"ax",%progbits
	.hidden	HAL_TIMEx_RemapConfig           @ -- Begin function HAL_TIMEx_RemapConfig
	.globl	HAL_TIMEx_RemapConfig
	.p2align	1
	.type	HAL_TIMEx_RemapConfig,%function
	.code	16                              @ @HAL_TIMEx_RemapConfig
	.thumb_func
HAL_TIMEx_RemapConfig:
.Lfunc_begin1:
	.loc	6 395 0 is_stmt 1               @ ../Drivers/STM32L0xx_HAL_Driver/Src/stm32l0xx_hal_tim_ex.c:395:0
	.fnstart
	.cfi_startproc
@ %bb.0:
	@DEBUG_VALUE: HAL_TIMEx_RemapConfig:htim <- $r0
	@DEBUG_VALUE: HAL_TIMEx_RemapConfig:Remap <- $r1
	movs	r2, #56
.Ltmp25:
	.loc	6 400 3 prologue_end            @ ../Drivers/STM32L0xx_HAL_Driver/Src/stm32l0xx_hal_tim_ex.c:400:3
	ldrb	r2, [r0, r2]
.Ltmp26:
	.loc	6 400 3 is_stmt 0               @ ../Drivers/STM32L0xx_HAL_Driver/Src/stm32l0xx_hal_tim_ex.c:400:3
	cmp	r2, #1
	bne	.LBB1_2
.Ltmp27:
@ %bb.1:
	@DEBUG_VALUE: HAL_TIMEx_RemapConfig:Remap <- $r1
	@DEBUG_VALUE: HAL_TIMEx_RemapConfig:htim <- $r0
	.loc	6 0 3                           @ ../Drivers/STM32L0xx_HAL_Driver/Src/stm32l0xx_hal_tim_ex.c:0:3
	movs	r2, #2
	b	.LBB1_3
.Ltmp28:
.LBB1_2:
	@DEBUG_VALUE: HAL_TIMEx_RemapConfig:Remap <- $r1
	@DEBUG_VALUE: HAL_TIMEx_RemapConfig:htim <- $r0
	mov	r3, r0
	adds	r3, #56
	movs	r2, #0
.Ltmp29:
	.loc	6 405 3 is_stmt 1               @ ../Drivers/STM32L0xx_HAL_Driver/Src/stm32l0xx_hal_tim_ex.c:405:3
	strb	r2, [r3]
.Ltmp30:
	.loc	6 403 3                         @ ../Drivers/STM32L0xx_HAL_Driver/Src/stm32l0xx_hal_tim_ex.c:403:3
	ldr	r0, [r0]
.Ltmp31:
	@DEBUG_VALUE: HAL_TIMEx_RemapConfig:htim <- [DW_OP_LLVM_entry_value 1] $r0
	str	r1, [r0, #80]
.Ltmp32:
.LBB1_3:
	@DEBUG_VALUE: HAL_TIMEx_RemapConfig:Remap <- $r1
	.loc	6 408 1                         @ ../Drivers/STM32L0xx_HAL_Driver/Src/stm32l0xx_hal_tim_ex.c:408:1
	mov	r0, r2
	bx	lr
.Ltmp33:
.Lfunc_end1:
	.size	HAL_TIMEx_RemapConfig, .Lfunc_end1-HAL_TIMEx_RemapConfig
	.cfi_endproc
	.cantunwind
	.fnend
                                        @ -- End function
	.section	.debug_loc,"",%progbits
.Ldebug_loc0:
	.long	-1
	.long	.Lfunc_begin0                   @   base address
	.long	.Lfunc_begin0-.Lfunc_begin0
	.long	.Ltmp3-.Lfunc_begin0
	.short	1                               @ Loc expr size
	.byte	80                              @ DW_OP_reg0
	.long	.Ltmp3-.Lfunc_begin0
	.long	.Ltmp4-.Lfunc_begin0
	.short	4                               @ Loc expr size
	.byte	243                             @ DW_OP_GNU_entry_value
	.byte	1                               @ 1
	.byte	80                              @ DW_OP_reg0
	.byte	159                             @ DW_OP_stack_value
	.long	.Ltmp4-.Lfunc_begin0
	.long	.Ltmp5-.Lfunc_begin0
	.short	1                               @ Loc expr size
	.byte	80                              @ DW_OP_reg0
	.long	.Ltmp5-.Lfunc_begin0
	.long	.Ltmp24-.Lfunc_begin0
	.short	4                               @ Loc expr size
	.byte	243                             @ DW_OP_GNU_entry_value
	.byte	1                               @ 1
	.byte	80                              @ DW_OP_reg0
	.byte	159                             @ DW_OP_stack_value
	.long	0
	.long	0
.Ldebug_loc1:
	.long	-1
	.long	.Lfunc_begin0                   @   base address
	.long	.Lfunc_begin0-.Lfunc_begin0
	.long	.Ltmp19-.Lfunc_begin0
	.short	1                               @ Loc expr size
	.byte	81                              @ DW_OP_reg1
	.long	.Ltmp19-.Lfunc_begin0
	.long	.Ltmp21-.Lfunc_begin0
	.short	4                               @ Loc expr size
	.byte	243                             @ DW_OP_GNU_entry_value
	.byte	1                               @ 1
	.byte	81                              @ DW_OP_reg1
	.byte	159                             @ DW_OP_stack_value
	.long	0
	.long	0
.Ldebug_loc2:
	.long	-1
	.long	.Lfunc_begin0                   @   base address
	.long	.Ltmp6-.Lfunc_begin0
	.long	.Ltmp8-.Lfunc_begin0
	.short	1                               @ Loc expr size
	.byte	83                              @ DW_OP_reg3
	.long	.Ltmp8-.Lfunc_begin0
	.long	.Ltmp10-.Lfunc_begin0
	.short	1                               @ Loc expr size
	.byte	84                              @ DW_OP_reg4
	.long	0
	.long	0
.Ldebug_loc3:
	.long	-1
	.long	.Lfunc_begin0                   @   base address
	.long	.Ltmp9-.Lfunc_begin0
	.long	.Ltmp20-.Lfunc_begin0
	.short	1                               @ Loc expr size
	.byte	83                              @ DW_OP_reg3
	.long	.Ltmp20-.Lfunc_begin0
	.long	.Ltmp21-.Lfunc_begin0
	.short	1                               @ Loc expr size
	.byte	81                              @ DW_OP_reg1
	.long	0
	.long	0
.Ldebug_loc4:
	.long	-1
	.long	.Lfunc_begin1                   @   base address
	.long	.Lfunc_begin1-.Lfunc_begin1
	.long	.Ltmp31-.Lfunc_begin1
	.short	1                               @ Loc expr size
	.byte	80                              @ DW_OP_reg0
	.long	.Ltmp31-.Lfunc_begin1
	.long	.Ltmp32-.Lfunc_begin1
	.short	4                               @ Loc expr size
	.byte	243                             @ DW_OP_GNU_entry_value
	.byte	1                               @ 1
	.byte	80                              @ DW_OP_reg0
	.byte	159                             @ DW_OP_stack_value
	.long	0
	.long	0
	.section	.debug_abbrev,"",%progbits
	.byte	1                               @ Abbreviation Code
	.byte	17                              @ DW_TAG_compile_unit
	.byte	1                               @ DW_CHILDREN_yes
	.byte	37                              @ DW_AT_producer
	.byte	14                              @ DW_FORM_strp
	.byte	19                              @ DW_AT_language
	.byte	5                               @ DW_FORM_data2
	.byte	3                               @ DW_AT_name
	.byte	14                              @ DW_FORM_strp
	.byte	16                              @ DW_AT_stmt_list
	.byte	23                              @ DW_FORM_sec_offset
	.byte	27                              @ DW_AT_comp_dir
	.byte	14                              @ DW_FORM_strp
	.byte	17                              @ DW_AT_low_pc
	.byte	1                               @ DW_FORM_addr
	.byte	85                              @ DW_AT_ranges
	.byte	23                              @ DW_FORM_sec_offset
	.byte	0                               @ EOM(1)
	.byte	0                               @ EOM(2)
	.byte	2                               @ Abbreviation Code
	.byte	4                               @ DW_TAG_enumeration_type
	.byte	1                               @ DW_CHILDREN_yes
	.byte	73                              @ DW_AT_type
	.byte	19                              @ DW_FORM_ref4
	.byte	11                              @ DW_AT_byte_size
	.byte	11                              @ DW_FORM_data1
	.byte	58                              @ DW_AT_decl_file
	.byte	11                              @ DW_FORM_data1
	.byte	59                              @ DW_AT_decl_line
	.byte	11                              @ DW_FORM_data1
	.byte	0                               @ EOM(1)
	.byte	0                               @ EOM(2)
	.byte	3                               @ Abbreviation Code
	.byte	40                              @ DW_TAG_enumerator
	.byte	0                               @ DW_CHILDREN_no
	.byte	3                               @ DW_AT_name
	.byte	14                              @ DW_FORM_strp
	.byte	28                              @ DW_AT_const_value
	.byte	15                              @ DW_FORM_udata
	.byte	0                               @ EOM(1)
	.byte	0                               @ EOM(2)
	.byte	4                               @ Abbreviation Code
	.byte	36                              @ DW_TAG_base_type
	.byte	0                               @ DW_CHILDREN_no
	.byte	3                               @ DW_AT_name
	.byte	14                              @ DW_FORM_strp
	.byte	62                              @ DW_AT_encoding
	.byte	11                              @ DW_FORM_data1
	.byte	11                              @ DW_AT_byte_size
	.byte	11                              @ DW_FORM_data1
	.byte	0                               @ EOM(1)
	.byte	0                               @ EOM(2)
	.byte	5                               @ Abbreviation Code
	.byte	4                               @ DW_TAG_enumeration_type
	.byte	1                               @ DW_CHILDREN_yes
	.byte	73                              @ DW_AT_type
	.byte	19                              @ DW_FORM_ref4
	.byte	11                              @ DW_AT_byte_size
	.byte	11                              @ DW_FORM_data1
	.byte	58                              @ DW_AT_decl_file
	.byte	11                              @ DW_FORM_data1
	.byte	59                              @ DW_AT_decl_line
	.byte	5                               @ DW_FORM_data2
	.byte	0                               @ EOM(1)
	.byte	0                               @ EOM(2)
	.byte	6                               @ Abbreviation Code
	.byte	15                              @ DW_TAG_pointer_type
	.byte	0                               @ DW_CHILDREN_no
	.byte	73                              @ DW_AT_type
	.byte	19                              @ DW_FORM_ref4
	.byte	0                               @ EOM(1)
	.byte	0                               @ EOM(2)
	.byte	7                               @ Abbreviation Code
	.byte	22                              @ DW_TAG_typedef
	.byte	0                               @ DW_CHILDREN_no
	.byte	73                              @ DW_AT_type
	.byte	19                              @ DW_FORM_ref4
	.byte	3                               @ DW_AT_name
	.byte	14                              @ DW_FORM_strp
	.byte	58                              @ DW_AT_decl_file
	.byte	11                              @ DW_FORM_data1
	.byte	59                              @ DW_AT_decl_line
	.byte	5                               @ DW_FORM_data2
	.byte	0                               @ EOM(1)
	.byte	0                               @ EOM(2)
	.byte	8                               @ Abbreviation Code
	.byte	19                              @ DW_TAG_structure_type
	.byte	1                               @ DW_CHILDREN_yes
	.byte	11                              @ DW_AT_byte_size
	.byte	11                              @ DW_FORM_data1
	.byte	58                              @ DW_AT_decl_file
	.byte	11                              @ DW_FORM_data1
	.byte	59                              @ DW_AT_decl_line
	.byte	5                               @ DW_FORM_data2
	.byte	0                               @ EOM(1)
	.byte	0                               @ EOM(2)
	.byte	9                               @ Abbreviation Code
	.byte	13                              @ DW_TAG_member
	.byte	0                               @ DW_CHILDREN_no
	.byte	3                               @ DW_AT_name
	.byte	14                              @ DW_FORM_strp
	.byte	73                              @ DW_AT_type
	.byte	19                              @ DW_FORM_ref4
	.byte	58                              @ DW_AT_decl_file
	.byte	11                              @ DW_FORM_data1
	.byte	59                              @ DW_AT_decl_line
	.byte	5                               @ DW_FORM_data2
	.byte	56                              @ DW_AT_data_member_location
	.byte	11                              @ DW_FORM_data1
	.byte	0                               @ EOM(1)
	.byte	0                               @ EOM(2)
	.byte	10                              @ Abbreviation Code
	.byte	53                              @ DW_TAG_volatile_type
	.byte	0                               @ DW_CHILDREN_no
	.byte	73                              @ DW_AT_type
	.byte	19                              @ DW_FORM_ref4
	.byte	0                               @ EOM(1)
	.byte	0                               @ EOM(2)
	.byte	11                              @ Abbreviation Code
	.byte	22                              @ DW_TAG_typedef
	.byte	0                               @ DW_CHILDREN_no
	.byte	73                              @ DW_AT_type
	.byte	19                              @ DW_FORM_ref4
	.byte	3                               @ DW_AT_name
	.byte	14                              @ DW_FORM_strp
	.byte	58                              @ DW_AT_decl_file
	.byte	11                              @ DW_FORM_data1
	.byte	59                              @ DW_AT_decl_line
	.byte	11                              @ DW_FORM_data1
	.byte	0                               @ EOM(1)
	.byte	0                               @ EOM(2)
	.byte	12                              @ Abbreviation Code
	.byte	46                              @ DW_TAG_subprogram
	.byte	1                               @ DW_CHILDREN_yes
	.byte	17                              @ DW_AT_low_pc
	.byte	1                               @ DW_FORM_addr
	.byte	18                              @ DW_AT_high_pc
	.byte	6                               @ DW_FORM_data4
	.byte	64                              @ DW_AT_frame_base
	.byte	24                              @ DW_FORM_exprloc
	.ascii	"\227B"                         @ DW_AT_GNU_all_call_sites
	.byte	25                              @ DW_FORM_flag_present
	.byte	3                               @ DW_AT_name
	.byte	14                              @ DW_FORM_strp
	.byte	58                              @ DW_AT_decl_file
	.byte	11                              @ DW_FORM_data1
	.byte	59                              @ DW_AT_decl_line
	.byte	11                              @ DW_FORM_data1
	.byte	39                              @ DW_AT_prototyped
	.byte	25                              @ DW_FORM_flag_present
	.byte	73                              @ DW_AT_type
	.byte	19                              @ DW_FORM_ref4
	.byte	63                              @ DW_AT_external
	.byte	25                              @ DW_FORM_flag_present
	.byte	0                               @ EOM(1)
	.byte	0                               @ EOM(2)
	.byte	13                              @ Abbreviation Code
	.byte	5                               @ DW_TAG_formal_parameter
	.byte	0                               @ DW_CHILDREN_no
	.byte	2                               @ DW_AT_location
	.byte	23                              @ DW_FORM_sec_offset
	.byte	3                               @ DW_AT_name
	.byte	14                              @ DW_FORM_strp
	.byte	58                              @ DW_AT_decl_file
	.byte	11                              @ DW_FORM_data1
	.byte	59                              @ DW_AT_decl_line
	.byte	11                              @ DW_FORM_data1
	.byte	73                              @ DW_AT_type
	.byte	19                              @ DW_FORM_ref4
	.byte	0                               @ EOM(1)
	.byte	0                               @ EOM(2)
	.byte	14                              @ Abbreviation Code
	.byte	52                              @ DW_TAG_variable
	.byte	0                               @ DW_CHILDREN_no
	.byte	2                               @ DW_AT_location
	.byte	23                              @ DW_FORM_sec_offset
	.byte	3                               @ DW_AT_name
	.byte	14                              @ DW_FORM_strp
	.byte	58                              @ DW_AT_decl_file
	.byte	11                              @ DW_FORM_data1
	.byte	59                              @ DW_AT_decl_line
	.byte	11                              @ DW_FORM_data1
	.byte	73                              @ DW_AT_type
	.byte	19                              @ DW_FORM_ref4
	.byte	0                               @ EOM(1)
	.byte	0                               @ EOM(2)
	.byte	15                              @ Abbreviation Code
	.byte	46                              @ DW_TAG_subprogram
	.byte	1                               @ DW_CHILDREN_yes
	.byte	17                              @ DW_AT_low_pc
	.byte	1                               @ DW_FORM_addr
	.byte	18                              @ DW_AT_high_pc
	.byte	6                               @ DW_FORM_data4
	.byte	64                              @ DW_AT_frame_base
	.byte	24                              @ DW_FORM_exprloc
	.ascii	"\227B"                         @ DW_AT_GNU_all_call_sites
	.byte	25                              @ DW_FORM_flag_present
	.byte	3                               @ DW_AT_name
	.byte	14                              @ DW_FORM_strp
	.byte	58                              @ DW_AT_decl_file
	.byte	11                              @ DW_FORM_data1
	.byte	59                              @ DW_AT_decl_line
	.byte	5                               @ DW_FORM_data2
	.byte	39                              @ DW_AT_prototyped
	.byte	25                              @ DW_FORM_flag_present
	.byte	73                              @ DW_AT_type
	.byte	19                              @ DW_FORM_ref4
	.byte	63                              @ DW_AT_external
	.byte	25                              @ DW_FORM_flag_present
	.byte	0                               @ EOM(1)
	.byte	0                               @ EOM(2)
	.byte	16                              @ Abbreviation Code
	.byte	5                               @ DW_TAG_formal_parameter
	.byte	0                               @ DW_CHILDREN_no
	.byte	2                               @ DW_AT_location
	.byte	23                              @ DW_FORM_sec_offset
	.byte	3                               @ DW_AT_name
	.byte	14                              @ DW_FORM_strp
	.byte	58                              @ DW_AT_decl_file
	.byte	11                              @ DW_FORM_data1
	.byte	59                              @ DW_AT_decl_line
	.byte	5                               @ DW_FORM_data2
	.byte	73                              @ DW_AT_type
	.byte	19                              @ DW_FORM_ref4
	.byte	0                               @ EOM(1)
	.byte	0                               @ EOM(2)
	.byte	17                              @ Abbreviation Code
	.byte	5                               @ DW_TAG_formal_parameter
	.byte	0                               @ DW_CHILDREN_no
	.byte	2                               @ DW_AT_location
	.byte	24                              @ DW_FORM_exprloc
	.byte	3                               @ DW_AT_name
	.byte	14                              @ DW_FORM_strp
	.byte	58                              @ DW_AT_decl_file
	.byte	11                              @ DW_FORM_data1
	.byte	59                              @ DW_AT_decl_line
	.byte	5                               @ DW_FORM_data2
	.byte	73                              @ DW_AT_type
	.byte	19                              @ DW_FORM_ref4
	.byte	0                               @ EOM(1)
	.byte	0                               @ EOM(2)
	.byte	18                              @ Abbreviation Code
	.byte	19                              @ DW_TAG_structure_type
	.byte	1                               @ DW_CHILDREN_yes
	.byte	11                              @ DW_AT_byte_size
	.byte	11                              @ DW_FORM_data1
	.byte	58                              @ DW_AT_decl_file
	.byte	11                              @ DW_FORM_data1
	.byte	59                              @ DW_AT_decl_line
	.byte	11                              @ DW_FORM_data1
	.byte	0                               @ EOM(1)
	.byte	0                               @ EOM(2)
	.byte	19                              @ Abbreviation Code
	.byte	13                              @ DW_TAG_member
	.byte	0                               @ DW_CHILDREN_no
	.byte	3                               @ DW_AT_name
	.byte	14                              @ DW_FORM_strp
	.byte	73                              @ DW_AT_type
	.byte	19                              @ DW_FORM_ref4
	.byte	58                              @ DW_AT_decl_file
	.byte	11                              @ DW_FORM_data1
	.byte	59                              @ DW_AT_decl_line
	.byte	11                              @ DW_FORM_data1
	.byte	56                              @ DW_AT_data_member_location
	.byte	11                              @ DW_FORM_data1
	.byte	0                               @ EOM(1)
	.byte	0                               @ EOM(2)
	.byte	20                              @ Abbreviation Code
	.byte	1                               @ DW_TAG_array_type
	.byte	1                               @ DW_CHILDREN_yes
	.byte	73                              @ DW_AT_type
	.byte	19                              @ DW_FORM_ref4
	.byte	0                               @ EOM(1)
	.byte	0                               @ EOM(2)
	.byte	21                              @ Abbreviation Code
	.byte	33                              @ DW_TAG_subrange_type
	.byte	0                               @ DW_CHILDREN_no
	.byte	73                              @ DW_AT_type
	.byte	19                              @ DW_FORM_ref4
	.byte	55                              @ DW_AT_count
	.byte	11                              @ DW_FORM_data1
	.byte	0                               @ EOM(1)
	.byte	0                               @ EOM(2)
	.byte	22                              @ Abbreviation Code
	.byte	19                              @ DW_TAG_structure_type
	.byte	1                               @ DW_CHILDREN_yes
	.byte	3                               @ DW_AT_name
	.byte	14                              @ DW_FORM_strp
	.byte	11                              @ DW_AT_byte_size
	.byte	11                              @ DW_FORM_data1
	.byte	58                              @ DW_AT_decl_file
	.byte	11                              @ DW_FORM_data1
	.byte	59                              @ DW_AT_decl_line
	.byte	11                              @ DW_FORM_data1
	.byte	0                               @ EOM(1)
	.byte	0                               @ EOM(2)
	.byte	23                              @ Abbreviation Code
	.byte	15                              @ DW_TAG_pointer_type
	.byte	0                               @ DW_CHILDREN_no
	.byte	0                               @ EOM(1)
	.byte	0                               @ EOM(2)
	.byte	24                              @ Abbreviation Code
	.byte	21                              @ DW_TAG_subroutine_type
	.byte	1                               @ DW_CHILDREN_yes
	.byte	39                              @ DW_AT_prototyped
	.byte	25                              @ DW_FORM_flag_present
	.byte	0                               @ EOM(1)
	.byte	0                               @ EOM(2)
	.byte	25                              @ Abbreviation Code
	.byte	5                               @ DW_TAG_formal_parameter
	.byte	0                               @ DW_CHILDREN_no
	.byte	73                              @ DW_AT_type
	.byte	19                              @ DW_FORM_ref4
	.byte	0                               @ EOM(1)
	.byte	0                               @ EOM(2)
	.byte	26                              @ Abbreviation Code
	.byte	36                              @ DW_TAG_base_type
	.byte	0                               @ DW_CHILDREN_no
	.byte	3                               @ DW_AT_name
	.byte	14                              @ DW_FORM_strp
	.byte	11                              @ DW_AT_byte_size
	.byte	11                              @ DW_FORM_data1
	.byte	62                              @ DW_AT_encoding
	.byte	11                              @ DW_FORM_data1
	.byte	0                               @ EOM(1)
	.byte	0                               @ EOM(2)
	.byte	27                              @ Abbreviation Code
	.byte	38                              @ DW_TAG_const_type
	.byte	0                               @ DW_CHILDREN_no
	.byte	73                              @ DW_AT_type
	.byte	19                              @ DW_FORM_ref4
	.byte	0                               @ EOM(1)
	.byte	0                               @ EOM(2)
	.byte	0                               @ EOM(3)
	.section	.debug_info,"",%progbits
.Lcu_begin0:
	.long	.Ldebug_info_end0-.Ldebug_info_start0 @ Length of Unit
.Ldebug_info_start0:
	.short	4                               @ DWARF version number
	.long	.debug_abbrev                   @ Offset Into Abbrev. Section
	.byte	4                               @ Address Size (in bytes)
	.byte	1                               @ Abbrev [1] 0xb:0x5e1 DW_TAG_compile_unit
	.long	.Linfo_string0                  @ DW_AT_producer
	.short	12                              @ DW_AT_language
	.long	.Linfo_string1                  @ DW_AT_name
	.long	.Lline_table_start0             @ DW_AT_stmt_list
	.long	.Linfo_string2                  @ DW_AT_comp_dir
	.long	0                               @ DW_AT_low_pc
	.long	.Ldebug_ranges0                 @ DW_AT_ranges
	.byte	2                               @ Abbrev [2] 0x26:0x21 DW_TAG_enumeration_type
	.long	71                              @ DW_AT_type
	.byte	1                               @ DW_AT_byte_size
	.byte	1                               @ DW_AT_decl_file
	.byte	38                              @ DW_AT_decl_line
	.byte	3                               @ Abbrev [3] 0x2e:0x6 DW_TAG_enumerator
	.long	.Linfo_string4                  @ DW_AT_name
	.byte	0                               @ DW_AT_const_value
	.byte	3                               @ Abbrev [3] 0x34:0x6 DW_TAG_enumerator
	.long	.Linfo_string5                  @ DW_AT_name
	.byte	1                               @ DW_AT_const_value
	.byte	3                               @ Abbrev [3] 0x3a:0x6 DW_TAG_enumerator
	.long	.Linfo_string6                  @ DW_AT_name
	.byte	2                               @ DW_AT_const_value
	.byte	3                               @ Abbrev [3] 0x40:0x6 DW_TAG_enumerator
	.long	.Linfo_string7                  @ DW_AT_name
	.byte	3                               @ DW_AT_const_value
	.byte	0                               @ End Of Children Mark
	.byte	4                               @ Abbrev [4] 0x47:0x7 DW_TAG_base_type
	.long	.Linfo_string3                  @ DW_AT_name
	.byte	8                               @ DW_AT_encoding
	.byte	1                               @ DW_AT_byte_size
	.byte	5                               @ Abbrev [5] 0x4e:0x28 DW_TAG_enumeration_type
	.long	71                              @ DW_AT_type
	.byte	1                               @ DW_AT_byte_size
	.byte	2                               @ DW_AT_decl_file
	.short	261                             @ DW_AT_decl_line
	.byte	3                               @ Abbrev [3] 0x57:0x6 DW_TAG_enumerator
	.long	.Linfo_string8                  @ DW_AT_name
	.byte	1                               @ DW_AT_const_value
	.byte	3                               @ Abbrev [3] 0x5d:0x6 DW_TAG_enumerator
	.long	.Linfo_string9                  @ DW_AT_name
	.byte	2                               @ DW_AT_const_value
	.byte	3                               @ Abbrev [3] 0x63:0x6 DW_TAG_enumerator
	.long	.Linfo_string10                 @ DW_AT_name
	.byte	4                               @ DW_AT_const_value
	.byte	3                               @ Abbrev [3] 0x69:0x6 DW_TAG_enumerator
	.long	.Linfo_string11                 @ DW_AT_name
	.byte	8                               @ DW_AT_const_value
	.byte	3                               @ Abbrev [3] 0x6f:0x6 DW_TAG_enumerator
	.long	.Linfo_string12                 @ DW_AT_name
	.byte	0                               @ DW_AT_const_value
	.byte	0                               @ End Of Children Mark
	.byte	2                               @ Abbrev [2] 0x76:0x15 DW_TAG_enumeration_type
	.long	71                              @ DW_AT_type
	.byte	1                               @ DW_AT_byte_size
	.byte	1                               @ DW_AT_decl_file
	.byte	49                              @ DW_AT_decl_line
	.byte	3                               @ Abbrev [3] 0x7e:0x6 DW_TAG_enumerator
	.long	.Linfo_string13                 @ DW_AT_name
	.byte	0                               @ DW_AT_const_value
	.byte	3                               @ Abbrev [3] 0x84:0x6 DW_TAG_enumerator
	.long	.Linfo_string14                 @ DW_AT_name
	.byte	1                               @ DW_AT_const_value
	.byte	0                               @ End Of Children Mark
	.byte	2                               @ Abbrev [2] 0x8b:0x21 DW_TAG_enumeration_type
	.long	71                              @ DW_AT_type
	.byte	1                               @ DW_AT_byte_size
	.byte	3                               @ DW_AT_decl_file
	.byte	79                              @ DW_AT_decl_line
	.byte	3                               @ Abbrev [3] 0x93:0x6 DW_TAG_enumerator
	.long	.Linfo_string15                 @ DW_AT_name
	.byte	0                               @ DW_AT_const_value
	.byte	3                               @ Abbrev [3] 0x99:0x6 DW_TAG_enumerator
	.long	.Linfo_string16                 @ DW_AT_name
	.byte	1                               @ DW_AT_const_value
	.byte	3                               @ Abbrev [3] 0x9f:0x6 DW_TAG_enumerator
	.long	.Linfo_string17                 @ DW_AT_name
	.byte	2                               @ DW_AT_const_value
	.byte	3                               @ Abbrev [3] 0xa5:0x6 DW_TAG_enumerator
	.long	.Linfo_string18                 @ DW_AT_name
	.byte	3                               @ DW_AT_const_value
	.byte	0                               @ End Of Children Mark
	.byte	2                               @ Abbrev [2] 0xac:0x27 DW_TAG_enumeration_type
	.long	71                              @ DW_AT_type
	.byte	1                               @ DW_AT_byte_size
	.byte	2                               @ DW_AT_decl_file
	.byte	229                             @ DW_AT_decl_line
	.byte	3                               @ Abbrev [3] 0xb4:0x6 DW_TAG_enumerator
	.long	.Linfo_string19                 @ DW_AT_name
	.byte	0                               @ DW_AT_const_value
	.byte	3                               @ Abbrev [3] 0xba:0x6 DW_TAG_enumerator
	.long	.Linfo_string20                 @ DW_AT_name
	.byte	1                               @ DW_AT_const_value
	.byte	3                               @ Abbrev [3] 0xc0:0x6 DW_TAG_enumerator
	.long	.Linfo_string21                 @ DW_AT_name
	.byte	2                               @ DW_AT_const_value
	.byte	3                               @ Abbrev [3] 0xc6:0x6 DW_TAG_enumerator
	.long	.Linfo_string22                 @ DW_AT_name
	.byte	3                               @ DW_AT_const_value
	.byte	3                               @ Abbrev [3] 0xcc:0x6 DW_TAG_enumerator
	.long	.Linfo_string23                 @ DW_AT_name
	.byte	4                               @ DW_AT_const_value
	.byte	0                               @ End Of Children Mark
	.byte	2                               @ Abbrev [2] 0xd3:0x1b DW_TAG_enumeration_type
	.long	71                              @ DW_AT_type
	.byte	1                               @ DW_AT_byte_size
	.byte	2                               @ DW_AT_decl_file
	.byte	241                             @ DW_AT_decl_line
	.byte	3                               @ Abbrev [3] 0xdb:0x6 DW_TAG_enumerator
	.long	.Linfo_string24                 @ DW_AT_name
	.byte	0                               @ DW_AT_const_value
	.byte	3                               @ Abbrev [3] 0xe1:0x6 DW_TAG_enumerator
	.long	.Linfo_string25                 @ DW_AT_name
	.byte	1                               @ DW_AT_const_value
	.byte	3                               @ Abbrev [3] 0xe7:0x6 DW_TAG_enumerator
	.long	.Linfo_string26                 @ DW_AT_name
	.byte	2                               @ DW_AT_const_value
	.byte	0                               @ End Of Children Mark
	.byte	2                               @ Abbrev [2] 0xee:0x1b DW_TAG_enumeration_type
	.long	71                              @ DW_AT_type
	.byte	1                               @ DW_AT_byte_size
	.byte	2                               @ DW_AT_decl_file
	.byte	251                             @ DW_AT_decl_line
	.byte	3                               @ Abbrev [3] 0xf6:0x6 DW_TAG_enumerator
	.long	.Linfo_string27                 @ DW_AT_name
	.byte	0                               @ DW_AT_const_value
	.byte	3                               @ Abbrev [3] 0xfc:0x6 DW_TAG_enumerator
	.long	.Linfo_string28                 @ DW_AT_name
	.byte	1                               @ DW_AT_const_value
	.byte	3                               @ Abbrev [3] 0x102:0x6 DW_TAG_enumerator
	.long	.Linfo_string29                 @ DW_AT_name
	.byte	2                               @ DW_AT_const_value
	.byte	0                               @ End Of Children Mark
	.byte	6                               @ Abbrev [6] 0x109:0x5 DW_TAG_pointer_type
	.long	270                             @ DW_AT_type
	.byte	7                               @ Abbrev [7] 0x10e:0xc DW_TAG_typedef
	.long	282                             @ DW_AT_type
	.long	.Linfo_string53                 @ DW_AT_name
	.byte	5                               @ DW_AT_decl_file
	.short	531                             @ DW_AT_decl_line
	.byte	8                               @ Abbrev [8] 0x11a:0x117 DW_TAG_structure_type
	.byte	84                              @ DW_AT_byte_size
	.byte	5                               @ DW_AT_decl_file
	.short	508                             @ DW_AT_decl_line
	.byte	9                               @ Abbrev [9] 0x11f:0xd DW_TAG_member
	.long	.Linfo_string30                 @ DW_AT_name
	.long	561                             @ DW_AT_type
	.byte	5                               @ DW_AT_decl_file
	.short	510                             @ DW_AT_decl_line
	.byte	0                               @ DW_AT_data_member_location
	.byte	9                               @ Abbrev [9] 0x12c:0xd DW_TAG_member
	.long	.Linfo_string33                 @ DW_AT_name
	.long	561                             @ DW_AT_type
	.byte	5                               @ DW_AT_decl_file
	.short	511                             @ DW_AT_decl_line
	.byte	4                               @ DW_AT_data_member_location
	.byte	9                               @ Abbrev [9] 0x139:0xd DW_TAG_member
	.long	.Linfo_string34                 @ DW_AT_name
	.long	561                             @ DW_AT_type
	.byte	5                               @ DW_AT_decl_file
	.short	512                             @ DW_AT_decl_line
	.byte	8                               @ DW_AT_data_member_location
	.byte	9                               @ Abbrev [9] 0x146:0xd DW_TAG_member
	.long	.Linfo_string35                 @ DW_AT_name
	.long	561                             @ DW_AT_type
	.byte	5                               @ DW_AT_decl_file
	.short	513                             @ DW_AT_decl_line
	.byte	12                              @ DW_AT_data_member_location
	.byte	9                               @ Abbrev [9] 0x153:0xd DW_TAG_member
	.long	.Linfo_string36                 @ DW_AT_name
	.long	561                             @ DW_AT_type
	.byte	5                               @ DW_AT_decl_file
	.short	514                             @ DW_AT_decl_line
	.byte	16                              @ DW_AT_data_member_location
	.byte	9                               @ Abbrev [9] 0x160:0xd DW_TAG_member
	.long	.Linfo_string37                 @ DW_AT_name
	.long	561                             @ DW_AT_type
	.byte	5                               @ DW_AT_decl_file
	.short	515                             @ DW_AT_decl_line
	.byte	20                              @ DW_AT_data_member_location
	.byte	9                               @ Abbrev [9] 0x16d:0xd DW_TAG_member
	.long	.Linfo_string38                 @ DW_AT_name
	.long	561                             @ DW_AT_type
	.byte	5                               @ DW_AT_decl_file
	.short	516                             @ DW_AT_decl_line
	.byte	24                              @ DW_AT_data_member_location
	.byte	9                               @ Abbrev [9] 0x17a:0xd DW_TAG_member
	.long	.Linfo_string39                 @ DW_AT_name
	.long	561                             @ DW_AT_type
	.byte	5                               @ DW_AT_decl_file
	.short	517                             @ DW_AT_decl_line
	.byte	28                              @ DW_AT_data_member_location
	.byte	9                               @ Abbrev [9] 0x187:0xd DW_TAG_member
	.long	.Linfo_string40                 @ DW_AT_name
	.long	561                             @ DW_AT_type
	.byte	5                               @ DW_AT_decl_file
	.short	518                             @ DW_AT_decl_line
	.byte	32                              @ DW_AT_data_member_location
	.byte	9                               @ Abbrev [9] 0x194:0xd DW_TAG_member
	.long	.Linfo_string41                 @ DW_AT_name
	.long	561                             @ DW_AT_type
	.byte	5                               @ DW_AT_decl_file
	.short	519                             @ DW_AT_decl_line
	.byte	36                              @ DW_AT_data_member_location
	.byte	9                               @ Abbrev [9] 0x1a1:0xd DW_TAG_member
	.long	.Linfo_string42                 @ DW_AT_name
	.long	561                             @ DW_AT_type
	.byte	5                               @ DW_AT_decl_file
	.short	520                             @ DW_AT_decl_line
	.byte	40                              @ DW_AT_data_member_location
	.byte	9                               @ Abbrev [9] 0x1ae:0xd DW_TAG_member
	.long	.Linfo_string43                 @ DW_AT_name
	.long	561                             @ DW_AT_type
	.byte	5                               @ DW_AT_decl_file
	.short	521                             @ DW_AT_decl_line
	.byte	44                              @ DW_AT_data_member_location
	.byte	9                               @ Abbrev [9] 0x1bb:0xd DW_TAG_member
	.long	.Linfo_string44                 @ DW_AT_name
	.long	566                             @ DW_AT_type
	.byte	5                               @ DW_AT_decl_file
	.short	522                             @ DW_AT_decl_line
	.byte	48                              @ DW_AT_data_member_location
	.byte	9                               @ Abbrev [9] 0x1c8:0xd DW_TAG_member
	.long	.Linfo_string45                 @ DW_AT_name
	.long	561                             @ DW_AT_type
	.byte	5                               @ DW_AT_decl_file
	.short	523                             @ DW_AT_decl_line
	.byte	52                              @ DW_AT_data_member_location
	.byte	9                               @ Abbrev [9] 0x1d5:0xd DW_TAG_member
	.long	.Linfo_string46                 @ DW_AT_name
	.long	561                             @ DW_AT_type
	.byte	5                               @ DW_AT_decl_file
	.short	524                             @ DW_AT_decl_line
	.byte	56                              @ DW_AT_data_member_location
	.byte	9                               @ Abbrev [9] 0x1e2:0xd DW_TAG_member
	.long	.Linfo_string47                 @ DW_AT_name
	.long	561                             @ DW_AT_type
	.byte	5                               @ DW_AT_decl_file
	.short	525                             @ DW_AT_decl_line
	.byte	60                              @ DW_AT_data_member_location
	.byte	9                               @ Abbrev [9] 0x1ef:0xd DW_TAG_member
	.long	.Linfo_string48                 @ DW_AT_name
	.long	561                             @ DW_AT_type
	.byte	5                               @ DW_AT_decl_file
	.short	526                             @ DW_AT_decl_line
	.byte	64                              @ DW_AT_data_member_location
	.byte	9                               @ Abbrev [9] 0x1fc:0xd DW_TAG_member
	.long	.Linfo_string49                 @ DW_AT_name
	.long	566                             @ DW_AT_type
	.byte	5                               @ DW_AT_decl_file
	.short	527                             @ DW_AT_decl_line
	.byte	68                              @ DW_AT_data_member_location
	.byte	9                               @ Abbrev [9] 0x209:0xd DW_TAG_member
	.long	.Linfo_string50                 @ DW_AT_name
	.long	561                             @ DW_AT_type
	.byte	5                               @ DW_AT_decl_file
	.short	528                             @ DW_AT_decl_line
	.byte	72                              @ DW_AT_data_member_location
	.byte	9                               @ Abbrev [9] 0x216:0xd DW_TAG_member
	.long	.Linfo_string51                 @ DW_AT_name
	.long	561                             @ DW_AT_type
	.byte	5                               @ DW_AT_decl_file
	.short	529                             @ DW_AT_decl_line
	.byte	76                              @ DW_AT_data_member_location
	.byte	9                               @ Abbrev [9] 0x223:0xd DW_TAG_member
	.long	.Linfo_string52                 @ DW_AT_name
	.long	561                             @ DW_AT_type
	.byte	5                               @ DW_AT_decl_file
	.short	530                             @ DW_AT_decl_line
	.byte	80                              @ DW_AT_data_member_location
	.byte	0                               @ End Of Children Mark
	.byte	10                              @ Abbrev [10] 0x231:0x5 DW_TAG_volatile_type
	.long	566                             @ DW_AT_type
	.byte	11                              @ Abbrev [11] 0x236:0xb DW_TAG_typedef
	.long	577                             @ DW_AT_type
	.long	.Linfo_string32                 @ DW_AT_name
	.byte	4                               @ DW_AT_decl_file
	.byte	64                              @ DW_AT_decl_line
	.byte	4                               @ Abbrev [4] 0x241:0x7 DW_TAG_base_type
	.long	.Linfo_string31                 @ DW_AT_name
	.byte	7                               @ DW_AT_encoding
	.byte	4                               @ DW_AT_byte_size
	.byte	12                              @ Abbrev [12] 0x248:0x52 DW_TAG_subprogram
	.long	.Lfunc_begin0                   @ DW_AT_low_pc
	.long	.Lfunc_end0-.Lfunc_begin0       @ DW_AT_high_pc
	.byte	1                               @ DW_AT_frame_base
	.byte	93
                                        @ DW_AT_GNU_all_call_sites
	.long	.Linfo_string54                 @ DW_AT_name
	.byte	6                               @ DW_AT_decl_file
	.byte	82                              @ DW_AT_decl_line
                                        @ DW_AT_prototyped
	.long	719                             @ DW_AT_type
                                        @ DW_AT_external
	.byte	13                              @ Abbrev [13] 0x25d:0xf DW_TAG_formal_parameter
	.long	.Ldebug_loc0                    @ DW_AT_location
	.long	.Linfo_string57                 @ DW_AT_name
	.byte	6                               @ DW_AT_decl_file
	.byte	82                              @ DW_AT_decl_line
	.long	730                             @ DW_AT_type
	.byte	13                              @ Abbrev [13] 0x26c:0xf DW_TAG_formal_parameter
	.long	.Ldebug_loc1                    @ DW_AT_location
	.long	.Linfo_string107                @ DW_AT_name
	.byte	6                               @ DW_AT_decl_file
	.byte	83                              @ DW_AT_decl_line
	.long	1465                            @ DW_AT_type
	.byte	14                              @ Abbrev [14] 0x27b:0xf DW_TAG_variable
	.long	.Ldebug_loc2                    @ DW_AT_location
	.long	.Linfo_string111                @ DW_AT_name
	.byte	6                               @ DW_AT_decl_file
	.byte	85                              @ DW_AT_decl_line
	.long	566                             @ DW_AT_type
	.byte	14                              @ Abbrev [14] 0x28a:0xf DW_TAG_variable
	.long	.Ldebug_loc3                    @ DW_AT_location
	.long	.Linfo_string112                @ DW_AT_name
	.byte	6                               @ DW_AT_decl_file
	.byte	86                              @ DW_AT_decl_line
	.long	566                             @ DW_AT_type
	.byte	0                               @ End Of Children Mark
	.byte	15                              @ Abbrev [15] 0x29a:0x35 DW_TAG_subprogram
	.long	.Lfunc_begin1                   @ DW_AT_low_pc
	.long	.Lfunc_end1-.Lfunc_begin1       @ DW_AT_high_pc
	.byte	1                               @ DW_AT_frame_base
	.byte	93
                                        @ DW_AT_GNU_all_call_sites
	.long	.Linfo_string56                 @ DW_AT_name
	.byte	6                               @ DW_AT_decl_file
	.short	394                             @ DW_AT_decl_line
                                        @ DW_AT_prototyped
	.long	719                             @ DW_AT_type
                                        @ DW_AT_external
	.byte	16                              @ Abbrev [16] 0x2b0:0x10 DW_TAG_formal_parameter
	.long	.Ldebug_loc4                    @ DW_AT_location
	.long	.Linfo_string57                 @ DW_AT_name
	.byte	6                               @ DW_AT_decl_file
	.short	394                             @ DW_AT_decl_line
	.long	730                             @ DW_AT_type
	.byte	17                              @ Abbrev [17] 0x2c0:0xe DW_TAG_formal_parameter
	.byte	1                               @ DW_AT_location
	.byte	81
	.long	.Linfo_string113                @ DW_AT_name
	.byte	6                               @ DW_AT_decl_file
	.short	394                             @ DW_AT_decl_line
	.long	566                             @ DW_AT_type
	.byte	0                               @ End Of Children Mark
	.byte	11                              @ Abbrev [11] 0x2cf:0xb DW_TAG_typedef
	.long	38                              @ DW_AT_type
	.long	.Linfo_string55                 @ DW_AT_name
	.byte	1                               @ DW_AT_decl_file
	.byte	44                              @ DW_AT_decl_line
	.byte	6                               @ Abbrev [6] 0x2da:0x5 DW_TAG_pointer_type
	.long	735                             @ DW_AT_type
	.byte	7                               @ Abbrev [7] 0x2df:0xc DW_TAG_typedef
	.long	747                             @ DW_AT_type
	.long	.Linfo_string106                @ DW_AT_name
	.byte	2                               @ DW_AT_decl_file
	.short	313                             @ DW_AT_decl_line
	.byte	8                               @ Abbrev [8] 0x2eb:0x6e DW_TAG_structure_type
	.byte	64                              @ DW_AT_byte_size
	.byte	2                               @ DW_AT_decl_file
	.short	276                             @ DW_AT_decl_line
	.byte	9                               @ Abbrev [9] 0x2f0:0xd DW_TAG_member
	.long	.Linfo_string58                 @ DW_AT_name
	.long	265                             @ DW_AT_type
	.byte	2                               @ DW_AT_decl_file
	.short	279                             @ DW_AT_decl_line
	.byte	0                               @ DW_AT_data_member_location
	.byte	9                               @ Abbrev [9] 0x2fd:0xd DW_TAG_member
	.long	.Linfo_string59                 @ DW_AT_name
	.long	857                             @ DW_AT_type
	.byte	2                               @ DW_AT_decl_file
	.short	280                             @ DW_AT_decl_line
	.byte	4                               @ DW_AT_data_member_location
	.byte	9                               @ Abbrev [9] 0x30a:0xd DW_TAG_member
	.long	.Linfo_string66                 @ DW_AT_name
	.long	933                             @ DW_AT_type
	.byte	2                               @ DW_AT_decl_file
	.short	281                             @ DW_AT_decl_line
	.byte	24                              @ DW_AT_data_member_location
	.byte	9                               @ Abbrev [9] 0x317:0xd DW_TAG_member
	.long	.Linfo_string68                 @ DW_AT_name
	.long	945                             @ DW_AT_type
	.byte	2                               @ DW_AT_decl_file
	.short	282                             @ DW_AT_decl_line
	.byte	28                              @ DW_AT_data_member_location
	.byte	9                               @ Abbrev [9] 0x324:0xd DW_TAG_member
	.long	.Linfo_string83                 @ DW_AT_name
	.long	1307                            @ DW_AT_type
	.byte	2                               @ DW_AT_decl_file
	.short	284                             @ DW_AT_decl_line
	.byte	56                              @ DW_AT_data_member_location
	.byte	9                               @ Abbrev [9] 0x331:0xd DW_TAG_member
	.long	.Linfo_string85                 @ DW_AT_name
	.long	1404                            @ DW_AT_type
	.byte	2                               @ DW_AT_decl_file
	.short	285                             @ DW_AT_decl_line
	.byte	57                              @ DW_AT_data_member_location
	.byte	9                               @ Abbrev [9] 0x33e:0xd DW_TAG_member
	.long	.Linfo_string102                @ DW_AT_name
	.long	1420                            @ DW_AT_type
	.byte	2                               @ DW_AT_decl_file
	.short	286                             @ DW_AT_decl_line
	.byte	58                              @ DW_AT_data_member_location
	.byte	9                               @ Abbrev [9] 0x34b:0xd DW_TAG_member
	.long	.Linfo_string104                @ DW_AT_name
	.long	1448                            @ DW_AT_type
	.byte	2                               @ DW_AT_decl_file
	.short	287                             @ DW_AT_decl_line
	.byte	62                              @ DW_AT_data_member_location
	.byte	0                               @ End Of Children Mark
	.byte	11                              @ Abbrev [11] 0x359:0xb DW_TAG_typedef
	.long	868                             @ DW_AT_type
	.long	.Linfo_string65                 @ DW_AT_name
	.byte	2                               @ DW_AT_decl_file
	.byte	63                              @ DW_AT_decl_line
	.byte	18                              @ Abbrev [18] 0x364:0x41 DW_TAG_structure_type
	.byte	20                              @ DW_AT_byte_size
	.byte	2                               @ DW_AT_decl_file
	.byte	46                              @ DW_AT_decl_line
	.byte	19                              @ Abbrev [19] 0x368:0xc DW_TAG_member
	.long	.Linfo_string60                 @ DW_AT_name
	.long	566                             @ DW_AT_type
	.byte	2                               @ DW_AT_decl_file
	.byte	48                              @ DW_AT_decl_line
	.byte	0                               @ DW_AT_data_member_location
	.byte	19                              @ Abbrev [19] 0x374:0xc DW_TAG_member
	.long	.Linfo_string61                 @ DW_AT_name
	.long	566                             @ DW_AT_type
	.byte	2                               @ DW_AT_decl_file
	.byte	51                              @ DW_AT_decl_line
	.byte	4                               @ DW_AT_data_member_location
	.byte	19                              @ Abbrev [19] 0x380:0xc DW_TAG_member
	.long	.Linfo_string62                 @ DW_AT_name
	.long	566                             @ DW_AT_type
	.byte	2                               @ DW_AT_decl_file
	.byte	54                              @ DW_AT_decl_line
	.byte	8                               @ DW_AT_data_member_location
	.byte	19                              @ Abbrev [19] 0x38c:0xc DW_TAG_member
	.long	.Linfo_string63                 @ DW_AT_name
	.long	566                             @ DW_AT_type
	.byte	2                               @ DW_AT_decl_file
	.byte	58                              @ DW_AT_decl_line
	.byte	12                              @ DW_AT_data_member_location
	.byte	19                              @ Abbrev [19] 0x398:0xc DW_TAG_member
	.long	.Linfo_string64                 @ DW_AT_name
	.long	566                             @ DW_AT_type
	.byte	2                               @ DW_AT_decl_file
	.byte	61                              @ DW_AT_decl_line
	.byte	16                              @ DW_AT_data_member_location
	.byte	0                               @ End Of Children Mark
	.byte	7                               @ Abbrev [7] 0x3a5:0xc DW_TAG_typedef
	.long	78                              @ DW_AT_type
	.long	.Linfo_string67                 @ DW_AT_name
	.byte	2                               @ DW_AT_decl_file
	.short	268                             @ DW_AT_decl_line
	.byte	20                              @ Abbrev [20] 0x3b1:0xc DW_TAG_array_type
	.long	957                             @ DW_AT_type
	.byte	21                              @ Abbrev [21] 0x3b6:0x6 DW_TAG_subrange_type
	.long	1397                            @ DW_AT_type
	.byte	7                               @ DW_AT_count
	.byte	0                               @ End Of Children Mark
	.byte	6                               @ Abbrev [6] 0x3bd:0x5 DW_TAG_pointer_type
	.long	962                             @ DW_AT_type
	.byte	11                              @ Abbrev [11] 0x3c2:0xb DW_TAG_typedef
	.long	973                             @ DW_AT_type
	.long	.Linfo_string99                 @ DW_AT_name
	.byte	3                               @ DW_AT_decl_file
	.byte	138                             @ DW_AT_decl_line
	.byte	22                              @ Abbrev [22] 0x3cd:0x99 DW_TAG_structure_type
	.long	.Linfo_string98                 @ DW_AT_name
	.byte	72                              @ DW_AT_byte_size
	.byte	3                               @ DW_AT_decl_file
	.byte	112                             @ DW_AT_decl_line
	.byte	19                              @ Abbrev [19] 0x3d5:0xc DW_TAG_member
	.long	.Linfo_string58                 @ DW_AT_name
	.long	1126                            @ DW_AT_type
	.byte	3                               @ DW_AT_decl_file
	.byte	114                             @ DW_AT_decl_line
	.byte	0                               @ DW_AT_data_member_location
	.byte	19                              @ Abbrev [19] 0x3e1:0xc DW_TAG_member
	.long	.Linfo_string59                 @ DW_AT_name
	.long	1195                            @ DW_AT_type
	.byte	3                               @ DW_AT_decl_file
	.byte	116                             @ DW_AT_decl_line
	.byte	4                               @ DW_AT_data_member_location
	.byte	19                              @ Abbrev [19] 0x3ed:0xc DW_TAG_member
	.long	.Linfo_string83                 @ DW_AT_name
	.long	1307                            @ DW_AT_type
	.byte	3                               @ DW_AT_decl_file
	.byte	118                             @ DW_AT_decl_line
	.byte	36                              @ DW_AT_data_member_location
	.byte	19                              @ Abbrev [19] 0x3f9:0xc DW_TAG_member
	.long	.Linfo_string85                 @ DW_AT_name
	.long	1318                            @ DW_AT_type
	.byte	3                               @ DW_AT_decl_file
	.byte	120                             @ DW_AT_decl_line
	.byte	37                              @ DW_AT_data_member_location
	.byte	19                              @ Abbrev [19] 0x405:0xc DW_TAG_member
	.long	.Linfo_string87                 @ DW_AT_name
	.long	1334                            @ DW_AT_type
	.byte	3                               @ DW_AT_decl_file
	.byte	122                             @ DW_AT_decl_line
	.byte	40                              @ DW_AT_data_member_location
	.byte	19                              @ Abbrev [19] 0x411:0xc DW_TAG_member
	.long	.Linfo_string88                 @ DW_AT_name
	.long	1335                            @ DW_AT_type
	.byte	3                               @ DW_AT_decl_file
	.byte	124                             @ DW_AT_decl_line
	.byte	44                              @ DW_AT_data_member_location
	.byte	19                              @ Abbrev [19] 0x41d:0xc DW_TAG_member
	.long	.Linfo_string89                 @ DW_AT_name
	.long	1335                            @ DW_AT_type
	.byte	3                               @ DW_AT_decl_file
	.byte	126                             @ DW_AT_decl_line
	.byte	48                              @ DW_AT_data_member_location
	.byte	19                              @ Abbrev [19] 0x429:0xc DW_TAG_member
	.long	.Linfo_string90                 @ DW_AT_name
	.long	1335                            @ DW_AT_type
	.byte	3                               @ DW_AT_decl_file
	.byte	128                             @ DW_AT_decl_line
	.byte	52                              @ DW_AT_data_member_location
	.byte	19                              @ Abbrev [19] 0x435:0xc DW_TAG_member
	.long	.Linfo_string91                 @ DW_AT_name
	.long	1335                            @ DW_AT_type
	.byte	3                               @ DW_AT_decl_file
	.byte	130                             @ DW_AT_decl_line
	.byte	56                              @ DW_AT_data_member_location
	.byte	19                              @ Abbrev [19] 0x441:0xc DW_TAG_member
	.long	.Linfo_string92                 @ DW_AT_name
	.long	561                             @ DW_AT_type
	.byte	3                               @ DW_AT_decl_file
	.byte	132                             @ DW_AT_decl_line
	.byte	60                              @ DW_AT_data_member_location
	.byte	19                              @ Abbrev [19] 0x44d:0xc DW_TAG_member
	.long	.Linfo_string93                 @ DW_AT_name
	.long	1352                            @ DW_AT_type
	.byte	3                               @ DW_AT_decl_file
	.byte	134                             @ DW_AT_decl_line
	.byte	64                              @ DW_AT_data_member_location
	.byte	19                              @ Abbrev [19] 0x459:0xc DW_TAG_member
	.long	.Linfo_string97                 @ DW_AT_name
	.long	566                             @ DW_AT_type
	.byte	3                               @ DW_AT_decl_file
	.byte	136                             @ DW_AT_decl_line
	.byte	68                              @ DW_AT_data_member_location
	.byte	0                               @ End Of Children Mark
	.byte	6                               @ Abbrev [6] 0x466:0x5 DW_TAG_pointer_type
	.long	1131                            @ DW_AT_type
	.byte	11                              @ Abbrev [11] 0x46b:0xb DW_TAG_typedef
	.long	1142                            @ DW_AT_type
	.long	.Linfo_string73                 @ DW_AT_name
	.byte	5                               @ DW_AT_decl_file
	.byte	240                             @ DW_AT_decl_line
	.byte	18                              @ Abbrev [18] 0x476:0x35 DW_TAG_structure_type
	.byte	16                              @ DW_AT_byte_size
	.byte	5                               @ DW_AT_decl_file
	.byte	234                             @ DW_AT_decl_line
	.byte	19                              @ Abbrev [19] 0x47a:0xc DW_TAG_member
	.long	.Linfo_string69                 @ DW_AT_name
	.long	561                             @ DW_AT_type
	.byte	5                               @ DW_AT_decl_file
	.byte	236                             @ DW_AT_decl_line
	.byte	0                               @ DW_AT_data_member_location
	.byte	19                              @ Abbrev [19] 0x486:0xc DW_TAG_member
	.long	.Linfo_string70                 @ DW_AT_name
	.long	561                             @ DW_AT_type
	.byte	5                               @ DW_AT_decl_file
	.byte	237                             @ DW_AT_decl_line
	.byte	4                               @ DW_AT_data_member_location
	.byte	19                              @ Abbrev [19] 0x492:0xc DW_TAG_member
	.long	.Linfo_string71                 @ DW_AT_name
	.long	561                             @ DW_AT_type
	.byte	5                               @ DW_AT_decl_file
	.byte	238                             @ DW_AT_decl_line
	.byte	8                               @ DW_AT_data_member_location
	.byte	19                              @ Abbrev [19] 0x49e:0xc DW_TAG_member
	.long	.Linfo_string72                 @ DW_AT_name
	.long	561                             @ DW_AT_type
	.byte	5                               @ DW_AT_decl_file
	.byte	239                             @ DW_AT_decl_line
	.byte	12                              @ DW_AT_data_member_location
	.byte	0                               @ End Of Children Mark
	.byte	11                              @ Abbrev [11] 0x4ab:0xb DW_TAG_typedef
	.long	1206                            @ DW_AT_type
	.long	.Linfo_string82                 @ DW_AT_name
	.byte	3                               @ DW_AT_decl_file
	.byte	74                              @ DW_AT_decl_line
	.byte	18                              @ Abbrev [18] 0x4b6:0x65 DW_TAG_structure_type
	.byte	32                              @ DW_AT_byte_size
	.byte	3                               @ DW_AT_decl_file
	.byte	46                              @ DW_AT_decl_line
	.byte	19                              @ Abbrev [19] 0x4ba:0xc DW_TAG_member
	.long	.Linfo_string74                 @ DW_AT_name
	.long	566                             @ DW_AT_type
	.byte	3                               @ DW_AT_decl_file
	.byte	48                              @ DW_AT_decl_line
	.byte	0                               @ DW_AT_data_member_location
	.byte	19                              @ Abbrev [19] 0x4c6:0xc DW_TAG_member
	.long	.Linfo_string75                 @ DW_AT_name
	.long	566                             @ DW_AT_type
	.byte	3                               @ DW_AT_decl_file
	.byte	51                              @ DW_AT_decl_line
	.byte	4                               @ DW_AT_data_member_location
	.byte	19                              @ Abbrev [19] 0x4d2:0xc DW_TAG_member
	.long	.Linfo_string76                 @ DW_AT_name
	.long	566                             @ DW_AT_type
	.byte	3                               @ DW_AT_decl_file
	.byte	55                              @ DW_AT_decl_line
	.byte	8                               @ DW_AT_data_member_location
	.byte	19                              @ Abbrev [19] 0x4de:0xc DW_TAG_member
	.long	.Linfo_string77                 @ DW_AT_name
	.long	566                             @ DW_AT_type
	.byte	3                               @ DW_AT_decl_file
	.byte	58                              @ DW_AT_decl_line
	.byte	12                              @ DW_AT_data_member_location
	.byte	19                              @ Abbrev [19] 0x4ea:0xc DW_TAG_member
	.long	.Linfo_string78                 @ DW_AT_name
	.long	566                             @ DW_AT_type
	.byte	3                               @ DW_AT_decl_file
	.byte	61                              @ DW_AT_decl_line
	.byte	16                              @ DW_AT_data_member_location
	.byte	19                              @ Abbrev [19] 0x4f6:0xc DW_TAG_member
	.long	.Linfo_string79                 @ DW_AT_name
	.long	566                             @ DW_AT_type
	.byte	3                               @ DW_AT_decl_file
	.byte	64                              @ DW_AT_decl_line
	.byte	20                              @ DW_AT_data_member_location
	.byte	19                              @ Abbrev [19] 0x502:0xc DW_TAG_member
	.long	.Linfo_string80                 @ DW_AT_name
	.long	566                             @ DW_AT_type
	.byte	3                               @ DW_AT_decl_file
	.byte	67                              @ DW_AT_decl_line
	.byte	24                              @ DW_AT_data_member_location
	.byte	19                              @ Abbrev [19] 0x50e:0xc DW_TAG_member
	.long	.Linfo_string81                 @ DW_AT_name
	.long	566                             @ DW_AT_type
	.byte	3                               @ DW_AT_decl_file
	.byte	72                              @ DW_AT_decl_line
	.byte	28                              @ DW_AT_data_member_location
	.byte	0                               @ End Of Children Mark
	.byte	11                              @ Abbrev [11] 0x51b:0xb DW_TAG_typedef
	.long	118                             @ DW_AT_type
	.long	.Linfo_string84                 @ DW_AT_name
	.byte	1                               @ DW_AT_decl_file
	.byte	53                              @ DW_AT_decl_line
	.byte	10                              @ Abbrev [10] 0x526:0x5 DW_TAG_volatile_type
	.long	1323                            @ DW_AT_type
	.byte	11                              @ Abbrev [11] 0x52b:0xb DW_TAG_typedef
	.long	139                             @ DW_AT_type
	.long	.Linfo_string86                 @ DW_AT_name
	.byte	3                               @ DW_AT_decl_file
	.byte	85                              @ DW_AT_decl_line
	.byte	23                              @ Abbrev [23] 0x536:0x1 DW_TAG_pointer_type
	.byte	6                               @ Abbrev [6] 0x537:0x5 DW_TAG_pointer_type
	.long	1340                            @ DW_AT_type
	.byte	24                              @ Abbrev [24] 0x53c:0x7 DW_TAG_subroutine_type
                                        @ DW_AT_prototyped
	.byte	25                              @ Abbrev [25] 0x53d:0x5 DW_TAG_formal_parameter
	.long	1347                            @ DW_AT_type
	.byte	0                               @ End Of Children Mark
	.byte	6                               @ Abbrev [6] 0x543:0x5 DW_TAG_pointer_type
	.long	973                             @ DW_AT_type
	.byte	6                               @ Abbrev [6] 0x548:0x5 DW_TAG_pointer_type
	.long	1357                            @ DW_AT_type
	.byte	11                              @ Abbrev [11] 0x54d:0xb DW_TAG_typedef
	.long	1368                            @ DW_AT_type
	.long	.Linfo_string96                 @ DW_AT_name
	.byte	5                               @ DW_AT_decl_file
	.byte	246                             @ DW_AT_decl_line
	.byte	18                              @ Abbrev [18] 0x558:0x1d DW_TAG_structure_type
	.byte	8                               @ DW_AT_byte_size
	.byte	5                               @ DW_AT_decl_file
	.byte	242                             @ DW_AT_decl_line
	.byte	19                              @ Abbrev [19] 0x55c:0xc DW_TAG_member
	.long	.Linfo_string94                 @ DW_AT_name
	.long	561                             @ DW_AT_type
	.byte	5                               @ DW_AT_decl_file
	.byte	244                             @ DW_AT_decl_line
	.byte	0                               @ DW_AT_data_member_location
	.byte	19                              @ Abbrev [19] 0x568:0xc DW_TAG_member
	.long	.Linfo_string95                 @ DW_AT_name
	.long	561                             @ DW_AT_type
	.byte	5                               @ DW_AT_decl_file
	.byte	245                             @ DW_AT_decl_line
	.byte	4                               @ DW_AT_data_member_location
	.byte	0                               @ End Of Children Mark
	.byte	26                              @ Abbrev [26] 0x575:0x7 DW_TAG_base_type
	.long	.Linfo_string100                @ DW_AT_name
	.byte	8                               @ DW_AT_byte_size
	.byte	7                               @ DW_AT_encoding
	.byte	10                              @ Abbrev [10] 0x57c:0x5 DW_TAG_volatile_type
	.long	1409                            @ DW_AT_type
	.byte	11                              @ Abbrev [11] 0x581:0xb DW_TAG_typedef
	.long	172                             @ DW_AT_type
	.long	.Linfo_string101                @ DW_AT_name
	.byte	2                               @ DW_AT_decl_file
	.byte	236                             @ DW_AT_decl_line
	.byte	20                              @ Abbrev [20] 0x58c:0xc DW_TAG_array_type
	.long	1432                            @ DW_AT_type
	.byte	21                              @ Abbrev [21] 0x591:0x6 DW_TAG_subrange_type
	.long	1397                            @ DW_AT_type
	.byte	4                               @ DW_AT_count
	.byte	0                               @ End Of Children Mark
	.byte	10                              @ Abbrev [10] 0x598:0x5 DW_TAG_volatile_type
	.long	1437                            @ DW_AT_type
	.byte	11                              @ Abbrev [11] 0x59d:0xb DW_TAG_typedef
	.long	211                             @ DW_AT_type
	.long	.Linfo_string103                @ DW_AT_name
	.byte	2                               @ DW_AT_decl_file
	.byte	246                             @ DW_AT_decl_line
	.byte	10                              @ Abbrev [10] 0x5a8:0x5 DW_TAG_volatile_type
	.long	1453                            @ DW_AT_type
	.byte	7                               @ Abbrev [7] 0x5ad:0xc DW_TAG_typedef
	.long	238                             @ DW_AT_type
	.long	.Linfo_string105                @ DW_AT_name
	.byte	2                               @ DW_AT_decl_file
	.short	256                             @ DW_AT_decl_line
	.byte	6                               @ Abbrev [6] 0x5b9:0x5 DW_TAG_pointer_type
	.long	1470                            @ DW_AT_type
	.byte	27                              @ Abbrev [27] 0x5be:0x5 DW_TAG_const_type
	.long	1475                            @ DW_AT_type
	.byte	11                              @ Abbrev [11] 0x5c3:0xb DW_TAG_typedef
	.long	1486                            @ DW_AT_type
	.long	.Linfo_string110                @ DW_AT_name
	.byte	2                               @ DW_AT_decl_file
	.byte	206                             @ DW_AT_decl_line
	.byte	18                              @ Abbrev [18] 0x5ce:0x1d DW_TAG_structure_type
	.byte	8                               @ DW_AT_byte_size
	.byte	2                               @ DW_AT_decl_file
	.byte	195                             @ DW_AT_decl_line
	.byte	19                              @ Abbrev [19] 0x5d2:0xc DW_TAG_member
	.long	.Linfo_string108                @ DW_AT_name
	.long	566                             @ DW_AT_type
	.byte	2                               @ DW_AT_decl_file
	.byte	197                             @ DW_AT_decl_line
	.byte	0                               @ DW_AT_data_member_location
	.byte	19                              @ Abbrev [19] 0x5de:0xc DW_TAG_member
	.long	.Linfo_string109                @ DW_AT_name
	.long	566                             @ DW_AT_type
	.byte	2                               @ DW_AT_decl_file
	.byte	199                             @ DW_AT_decl_line
	.byte	4                               @ DW_AT_data_member_location
	.byte	0                               @ End Of Children Mark
	.byte	0                               @ End Of Children Mark
.Ldebug_info_end0:
	.section	.debug_ranges,"",%progbits
.Ldebug_ranges0:
	.long	.Lfunc_begin0
	.long	.Lfunc_end0
	.long	.Lfunc_begin1
	.long	.Lfunc_end1
	.long	0
	.long	0
	.section	.debug_str,"MS",%progbits,1
.Linfo_string0:
	.asciz	"Component: Arm Compiler for Embedded 6.19 Tool: armclang [5e73cb00]" @ string offset=0
.Linfo_string1:
	.asciz	"../Drivers/STM32L0xx_HAL_Driver/Src\\stm32l0xx_hal_tim_ex.c" @ string offset=68
.Linfo_string2:
	.asciz	"C:\\Users\\ignas\\Downloads\\V2\\V2\\MDK-ARM" @ string offset=127
.Linfo_string3:
	.asciz	"unsigned char"                 @ string offset=166
.Linfo_string4:
	.asciz	"HAL_OK"                        @ string offset=180
.Linfo_string5:
	.asciz	"HAL_ERROR"                     @ string offset=187
.Linfo_string6:
	.asciz	"HAL_BUSY"                      @ string offset=197
.Linfo_string7:
	.asciz	"HAL_TIMEOUT"                   @ string offset=206
.Linfo_string8:
	.asciz	"HAL_TIM_ACTIVE_CHANNEL_1"      @ string offset=218
.Linfo_string9:
	.asciz	"HAL_TIM_ACTIVE_CHANNEL_2"      @ string offset=243
.Linfo_string10:
	.asciz	"HAL_TIM_ACTIVE_CHANNEL_3"      @ string offset=268
.Linfo_string11:
	.asciz	"HAL_TIM_ACTIVE_CHANNEL_4"      @ string offset=293
.Linfo_string12:
	.asciz	"HAL_TIM_ACTIVE_CHANNEL_CLEARED" @ string offset=318
.Linfo_string13:
	.asciz	"HAL_UNLOCKED"                  @ string offset=349
.Linfo_string14:
	.asciz	"HAL_LOCKED"                    @ string offset=362
.Linfo_string15:
	.asciz	"HAL_DMA_STATE_RESET"           @ string offset=373
.Linfo_string16:
	.asciz	"HAL_DMA_STATE_READY"           @ string offset=393
.Linfo_string17:
	.asciz	"HAL_DMA_STATE_BUSY"            @ string offset=413
.Linfo_string18:
	.asciz	"HAL_DMA_STATE_TIMEOUT"         @ string offset=432
.Linfo_string19:
	.asciz	"HAL_TIM_STATE_RESET"           @ string offset=454
.Linfo_string20:
	.asciz	"HAL_TIM_STATE_READY"           @ string offset=474
.Linfo_string21:
	.asciz	"HAL_TIM_STATE_BUSY"            @ string offset=494
.Linfo_string22:
	.asciz	"HAL_TIM_STATE_TIMEOUT"         @ string offset=513
.Linfo_string23:
	.asciz	"HAL_TIM_STATE_ERROR"           @ string offset=535
.Linfo_string24:
	.asciz	"HAL_TIM_CHANNEL_STATE_RESET"   @ string offset=555
.Linfo_string25:
	.asciz	"HAL_TIM_CHANNEL_STATE_READY"   @ string offset=583
.Linfo_string26:
	.asciz	"HAL_TIM_CHANNEL_STATE_BUSY"    @ string offset=611
.Linfo_string27:
	.asciz	"HAL_DMA_BURST_STATE_RESET"     @ string offset=638
.Linfo_string28:
	.asciz	"HAL_DMA_BURST_STATE_READY"     @ string offset=664
.Linfo_string29:
	.asciz	"HAL_DMA_BURST_STATE_BUSY"      @ string offset=690
.Linfo_string30:
	.asciz	"CR1"                           @ string offset=715
.Linfo_string31:
	.asciz	"unsigned int"                  @ string offset=719
.Linfo_string32:
	.asciz	"uint32_t"                      @ string offset=732
.Linfo_string33:
	.asciz	"CR2"                           @ string offset=741
.Linfo_string34:
	.asciz	"SMCR"                          @ string offset=745
.Linfo_string35:
	.asciz	"DIER"                          @ string offset=750
.Linfo_string36:
	.asciz	"SR"                            @ string offset=755
.Linfo_string37:
	.asciz	"EGR"                           @ string offset=758
.Linfo_string38:
	.asciz	"CCMR1"                         @ string offset=762
.Linfo_string39:
	.asciz	"CCMR2"                         @ string offset=768
.Linfo_string40:
	.asciz	"CCER"                          @ string offset=774
.Linfo_string41:
	.asciz	"CNT"                           @ string offset=779
.Linfo_string42:
	.asciz	"PSC"                           @ string offset=783
.Linfo_string43:
	.asciz	"ARR"                           @ string offset=787
.Linfo_string44:
	.asciz	"RESERVED12"                    @ string offset=791
.Linfo_string45:
	.asciz	"CCR1"                          @ string offset=802
.Linfo_string46:
	.asciz	"CCR2"                          @ string offset=807
.Linfo_string47:
	.asciz	"CCR3"                          @ string offset=812
.Linfo_string48:
	.asciz	"CCR4"                          @ string offset=817
.Linfo_string49:
	.asciz	"RESERVED17"                    @ string offset=822
.Linfo_string50:
	.asciz	"DCR"                           @ string offset=833
.Linfo_string51:
	.asciz	"DMAR"                          @ string offset=837
.Linfo_string52:
	.asciz	"OR"                            @ string offset=842
.Linfo_string53:
	.asciz	"TIM_TypeDef"                   @ string offset=845
.Linfo_string54:
	.asciz	"HAL_TIMEx_MasterConfigSynchronization" @ string offset=857
.Linfo_string55:
	.asciz	"HAL_StatusTypeDef"             @ string offset=895
.Linfo_string56:
	.asciz	"HAL_TIMEx_RemapConfig"         @ string offset=913
.Linfo_string57:
	.asciz	"htim"                          @ string offset=935
.Linfo_string58:
	.asciz	"Instance"                      @ string offset=940
.Linfo_string59:
	.asciz	"Init"                          @ string offset=949
.Linfo_string60:
	.asciz	"Prescaler"                     @ string offset=954
.Linfo_string61:
	.asciz	"CounterMode"                   @ string offset=964
.Linfo_string62:
	.asciz	"Period"                        @ string offset=976
.Linfo_string63:
	.asciz	"ClockDivision"                 @ string offset=983
.Linfo_string64:
	.asciz	"AutoReloadPreload"             @ string offset=997
.Linfo_string65:
	.asciz	"TIM_Base_InitTypeDef"          @ string offset=1015
.Linfo_string66:
	.asciz	"Channel"                       @ string offset=1036
.Linfo_string67:
	.asciz	"HAL_TIM_ActiveChannel"         @ string offset=1044
.Linfo_string68:
	.asciz	"hdma"                          @ string offset=1066
.Linfo_string69:
	.asciz	"CCR"                           @ string offset=1071
.Linfo_string70:
	.asciz	"CNDTR"                         @ string offset=1075
.Linfo_string71:
	.asciz	"CPAR"                          @ string offset=1081
.Linfo_string72:
	.asciz	"CMAR"                          @ string offset=1086
.Linfo_string73:
	.asciz	"DMA_Channel_TypeDef"           @ string offset=1091
.Linfo_string74:
	.asciz	"Request"                       @ string offset=1111
.Linfo_string75:
	.asciz	"Direction"                     @ string offset=1119
.Linfo_string76:
	.asciz	"PeriphInc"                     @ string offset=1129
.Linfo_string77:
	.asciz	"MemInc"                        @ string offset=1139
.Linfo_string78:
	.asciz	"PeriphDataAlignment"           @ string offset=1146
.Linfo_string79:
	.asciz	"MemDataAlignment"              @ string offset=1166
.Linfo_string80:
	.asciz	"Mode"                          @ string offset=1183
.Linfo_string81:
	.asciz	"Priority"                      @ string offset=1188
.Linfo_string82:
	.asciz	"DMA_InitTypeDef"               @ string offset=1197
.Linfo_string83:
	.asciz	"Lock"                          @ string offset=1213
.Linfo_string84:
	.asciz	"HAL_LockTypeDef"               @ string offset=1218
.Linfo_string85:
	.asciz	"State"                         @ string offset=1234
.Linfo_string86:
	.asciz	"HAL_DMA_StateTypeDef"          @ string offset=1240
.Linfo_string87:
	.asciz	"Parent"                        @ string offset=1261
.Linfo_string88:
	.asciz	"XferCpltCallback"              @ string offset=1268
.Linfo_string89:
	.asciz	"XferHalfCpltCallback"          @ string offset=1285
.Linfo_string90:
	.asciz	"XferErrorCallback"             @ string offset=1306
.Linfo_string91:
	.asciz	"XferAbortCallback"             @ string offset=1324
.Linfo_string92:
	.asciz	"ErrorCode"                     @ string offset=1342
.Linfo_string93:
	.asciz	"DmaBaseAddress"                @ string offset=1352
.Linfo_string94:
	.asciz	"ISR"                           @ string offset=1367
.Linfo_string95:
	.asciz	"IFCR"                          @ string offset=1371
.Linfo_string96:
	.asciz	"DMA_TypeDef"                   @ string offset=1376
.Linfo_string97:
	.asciz	"ChannelIndex"                  @ string offset=1388
.Linfo_string98:
	.asciz	"__DMA_HandleTypeDef"           @ string offset=1401
.Linfo_string99:
	.asciz	"DMA_HandleTypeDef"             @ string offset=1421
.Linfo_string100:
	.asciz	"__ARRAY_SIZE_TYPE__"           @ string offset=1439
.Linfo_string101:
	.asciz	"HAL_TIM_StateTypeDef"          @ string offset=1459
.Linfo_string102:
	.asciz	"ChannelState"                  @ string offset=1480
.Linfo_string103:
	.asciz	"HAL_TIM_ChannelStateTypeDef"   @ string offset=1493
.Linfo_string104:
	.asciz	"DMABurstState"                 @ string offset=1521
.Linfo_string105:
	.asciz	"HAL_TIM_DMABurstStateTypeDef"  @ string offset=1535
.Linfo_string106:
	.asciz	"TIM_HandleTypeDef"             @ string offset=1564
.Linfo_string107:
	.asciz	"sMasterConfig"                 @ string offset=1582
.Linfo_string108:
	.asciz	"MasterOutputTrigger"           @ string offset=1596
.Linfo_string109:
	.asciz	"MasterSlaveMode"               @ string offset=1616
.Linfo_string110:
	.asciz	"TIM_MasterConfigTypeDef"       @ string offset=1632
.Linfo_string111:
	.asciz	"tmpcr2"                        @ string offset=1656
.Linfo_string112:
	.asciz	"tmpsmcr"                       @ string offset=1663
.Linfo_string113:
	.asciz	"Remap"                         @ string offset=1671
	.ident	"Component: Arm Compiler for Embedded 6.19 Tool: armclang [5e73cb00]"
	.section	".note.GNU-stack","",%progbits
	.eabi_attribute	30, 3	@ Tag_ABI_optimization_goals
	.ARM_attribute	16, 1	@ Tag_AV_eba
	.section	.debug_line,"",%progbits
.Lline_table_start0:
